2024-12-06 12:46:36.952 [info] [main] Log level: Info
2024-12-06 12:46:36.952 [info] [main] Validating found git in: "git"
2024-12-06 12:46:36.952 [info] [main] Using git "2.47.1" from "git"
2024-12-06 12:46:36.952 [info] [Model][doInitialScan] Initial repository scan started
2024-12-06 12:46:36.952 [info] > git rev-parse --show-toplevel [12ms]
2024-12-06 12:46:36.952 [info] fatal: not a git repository (or any parent up to mount point /)
Stopping at filesystem boundary (GIT_DISCOVERY_ACROSS_FILESYSTEM not set).
2024-12-06 12:46:36.952 [info] > git rev-parse --show-toplevel [420ms]
2024-12-06 12:46:36.952 [info] fatal: not a git repository (or any parent up to mount point /)
Stopping at filesystem boundary (GIT_DISCOVERY_ACROSS_FILESYSTEM not set).
2024-12-06 12:46:36.952 [info] > git rev-parse --show-toplevel [76ms]
2024-12-06 12:46:36.952 [info] fatal: not a git repository (or any parent up to mount point /)
Stopping at filesystem boundary (GIT_DISCOVERY_ACROSS_FILESYSTEM not set).
2024-12-06 12:46:36.953 [info] > git rev-parse --show-toplevel [9ms]
2024-12-06 12:46:36.953 [info] fatal: not a git repository (or any parent up to mount point /)
Stopping at filesystem boundary (GIT_DISCOVERY_ACROSS_FILESYSTEM not set).
2024-12-06 12:46:37.143 [info] > git rev-parse --show-toplevel [32ms]
2024-12-06 12:46:37.143 [info] fatal: not a git repository (or any parent up to mount point /)
Stopping at filesystem boundary (GIT_DISCOVERY_ACROSS_FILESYSTEM not set).
2024-12-06 12:46:37.157 [info] > git rev-parse --show-toplevel [3ms]
2024-12-06 12:46:37.157 [info] fatal: not a git repository (or any parent up to mount point /)
Stopping at filesystem boundary (GIT_DISCOVERY_ACROSS_FILESYSTEM not set).
2024-12-06 12:46:37.200 [info] > git rev-parse --show-toplevel [19ms]
2024-12-06 12:46:37.200 [info] fatal: not a git repository (or any parent up to mount point /)
Stopping at filesystem boundary (GIT_DISCOVERY_ACROSS_FILESYSTEM not set).
2024-12-06 12:46:37.212 [info] > git rev-parse --show-toplevel [2ms]
2024-12-06 12:46:37.212 [info] fatal: not a git repository (or any parent up to mount point /)
Stopping at filesystem boundary (GIT_DISCOVERY_ACROSS_FILESYSTEM not set).
2024-12-06 12:46:37.225 [info] > git rev-parse --show-toplevel [3ms]
2024-12-06 12:46:37.225 [info] fatal: not a git repository (or any parent up to mount point /)
Stopping at filesystem boundary (GIT_DISCOVERY_ACROSS_FILESYSTEM not set).
2024-12-06 12:46:37.225 [info] [Model][doInitialScan] Initial repository scan completed - repositories (0), closed repositories (0), parent repositories (0), unsafe repositories (0)
2024-12-06 12:46:37.430 [info] > git rev-parse --show-toplevel [2ms]
2024-12-06 12:46:37.430 [info] fatal: not a git repository (or any parent up to mount point /)
Stopping at filesystem boundary (GIT_DISCOVERY_ACROSS_FILESYSTEM not set).
