2024-09-20 03:45:36.960 [info] Started local extension host with pid 19312.
2024-09-20 03:45:42.874 [error] Error: Error while decrypting the ciphertext provided to safeStorage.decryptString.
    at R.decrypt (/opt/vscodium-bin/resources/app/out/vs/code/electron-main/main.js:69:1432)
    at Object.call (/opt/vscodium-bin/resources/app/out/vs/code/electron-main/main.js:51:6376)
    at w.onPromise (/opt/vscodium-bin/resources/app/out/vs/code/electron-main/main.js:49:6080)
    at w.onRawMessage (/opt/vscodium-bin/resources/app/out/vs/code/electron-main/main.js:49:5407)
    at I.value (/opt/vscodium-bin/resources/app/out/vs/code/electron-main/main.js:49:4597)
    at t._deliver (/opt/vscodium-bin/resources/app/out/vs/code/electron-main/main.js:44:928)
    at t._deliverQueue (/opt/vscodium-bin/resources/app/out/vs/code/electron-main/main.js:44:1024)
    at t.fire (/opt/vscodium-bin/resources/app/out/vs/code/electron-main/main.js:44:1362)
    at I.value (/opt/vscodium-bin/resources/app/out/vs/code/electron-main/main.js:39:31022)
    at t._deliver (/opt/vscodium-bin/resources/app/out/vs/code/electron-main/main.js:44:928)
    at t.fire (/opt/vscodium-bin/resources/app/out/vs/code/electron-main/main.js:44:1253)
    at I.value (/opt/vscodium-bin/resources/app/out/vs/code/electron-main/main.js:39:31225)
    at t._deliver (/opt/vscodium-bin/resources/app/out/vs/code/electron-main/main.js:44:928)
    at t.fire (/opt/vscodium-bin/resources/app/out/vs/code/electron-main/main.js:44:1253)
    at de (/opt/vscodium-bin/resources/app/out/vs/code/electron-main/main.js:39:33679)
    at IpcMainImpl.c (/opt/vscodium-bin/resources/app/out/vs/code/electron-main/main.js:51:25134)
    at IpcMainImpl.emit (node:events:519:28)
    at WebContents.<anonymous> (node:electron/js2c/browser_init:2:82518)
    at WebContents.emit (node:events:519:28)
2024-09-20 03:45:43.302 [info] [perf] Render performance baseline is 106ms
