2024-09-21 05:45:52.890 [info] [main] Log level: Info
2024-09-21 05:45:52.890 [info] [main] Validating found git in: "git"
2024-09-21 05:45:52.890 [info] [main] Using git "2.46.1" from "git"
2024-09-21 05:45:52.890 [info] [Model][doInitialScan] Initial repository scan started
2024-09-21 05:45:52.890 [info] > git rev-parse --show-toplevel [23ms]
2024-09-21 05:45:52.890 [info] fatal: not a git repository (or any parent up to mount point /)
Stopping at filesystem boundary (GIT_DISCOVERY_ACROSS_FILESYSTEM not set).
2024-09-21 05:45:52.890 [info] > git rev-parse --show-toplevel [541ms]
2024-09-21 05:45:52.890 [info] fatal: not a git repository (or any parent up to mount point /)
Stopping at filesystem boundary (GIT_DISCOVERY_ACROSS_FILESYSTEM not set).
2024-09-21 05:45:52.890 [info] > git rev-parse --show-toplevel [99ms]
2024-09-21 05:45:52.890 [info] fatal: not a git repository (or any parent up to mount point /)
Stopping at filesystem boundary (GIT_DISCOVERY_ACROSS_FILESYSTEM not set).
2024-09-21 05:45:52.909 [info] > git rev-parse --show-toplevel [10ms]
2024-09-21 05:45:52.909 [info] fatal: not a git repository (or any parent up to mount point /)
Stopping at filesystem boundary (GIT_DISCOVERY_ACROSS_FILESYSTEM not set).
2024-09-21 05:45:52.910 [info] [Model][doInitialScan] Initial repository scan completed - repositories (0), closed repositories (0), parent repositories (0), unsafe repositories (0)
2024-09-21 05:45:52.956 [info] > git rev-parse --show-toplevel [37ms]
2024-09-21 05:45:52.956 [info] fatal: not a git repository (or any parent up to mount point /)
Stopping at filesystem boundary (GIT_DISCOVERY_ACROSS_FILESYSTEM not set).
2024-09-21 05:45:54.008 [info] > git rev-parse --show-toplevel [10ms]
2024-09-21 05:45:54.008 [info] fatal: not a git repository (or any parent up to mount point /)
Stopping at filesystem boundary (GIT_DISCOVERY_ACROSS_FILESYSTEM not set).
