2024-09-20 03:45:41.703 [info] [main] Log level: Info
2024-09-20 03:45:41.703 [info] [main] Validating found git in: "git"
2024-09-20 03:45:41.703 [info] [main] Using git "2.46.1" from "git"
2024-09-20 03:45:41.703 [info] [Model][doInitialScan] Initial repository scan started
2024-09-20 03:45:41.703 [info] > git rev-parse --show-toplevel [30ms]
2024-09-20 03:45:41.703 [info] fatal: not a git repository (or any parent up to mount point /)
Stopping at filesystem boundary (GIT_DISCOVERY_ACROSS_FILESYSTEM not set).
2024-09-20 03:45:41.703 [info] > git rev-parse --show-toplevel [13ms]
2024-09-20 03:45:41.703 [info] fatal: not a git repository (or any parent up to mount point /)
Stopping at filesystem boundary (GIT_DISCOVERY_ACROSS_FILESYSTEM not set).
2024-09-20 03:45:41.748 [info] > git rev-parse --show-toplevel [879ms]
2024-09-20 03:45:41.748 [info] fatal: not a git repository (or any parent up to mount point /)
Stopping at filesystem boundary (GIT_DISCOVERY_ACROSS_FILESYSTEM not set).
2024-09-20 03:45:42.448 [info] > git rev-parse --show-toplevel [179ms]
2024-09-20 03:45:42.448 [info] fatal: not a git repository (or any parent up to mount point /)
Stopping at filesystem boundary (GIT_DISCOVERY_ACROSS_FILESYSTEM not set).
2024-09-20 03:45:42.486 [info] > git rev-parse --show-toplevel [9ms]
2024-09-20 03:45:42.486 [info] fatal: not a git repository (or any parent up to mount point /)
Stopping at filesystem boundary (GIT_DISCOVERY_ACROSS_FILESYSTEM not set).
2024-09-20 03:45:42.487 [info] [Model][doInitialScan] Initial repository scan completed - repositories (0), closed repositories (0), parent repositories (0), unsafe repositories (0)
2024-09-20 03:45:42.514 [info] > git rev-parse --show-toplevel [7ms]
2024-09-20 03:45:42.514 [info] fatal: not a git repository (or any parent up to mount point /)
Stopping at filesystem boundary (GIT_DISCOVERY_ACROSS_FILESYSTEM not set).
2024-09-20 03:45:43.227 [info] > git rev-parse --show-toplevel [15ms]
2024-09-20 03:45:43.227 [info] fatal: not a git repository (or any parent up to mount point /)
Stopping at filesystem boundary (GIT_DISCOVERY_ACROSS_FILESYSTEM not set).
