2024-09-20 03:33:33.137 [info] Deleted uninstalled extension from disk ms-vscode.cpptools-extension-pack /home/muadjomar/.vscode/extensions/ms-vscode.cpptools-extension-pack-1.3.0
2024-09-20 03:33:33.320 [info] Deleted uninstalled extension from disk ms-vscode.cpptools-themes /home/muadjomar/.vscode/extensions/ms-vscode.cpptools-themes-2.0.0
2024-09-20 03:33:33.370 [error] [uncaught exception in sharedProcess]: Error: ENOENT: no such file or directory, stat '/home/muadjomar/.vscode/extensions/ms-vscode.cpptools-extension-pack-1.3.0.355788c.vsctmp': EntryNotFound (FileSystemError): Error: ENOENT: no such file or directory, stat '/home/muadjomar/.vscode/extensions/ms-vscode.cpptools-extension-pack-1.3.0.355788c.vsctmp'
    at o.create (/opt/visual-studio-code/resources/app/out/vs/code/node/sharedProcess/sharedProcessMain.js:54:19406)
    at u (/opt/visual-studio-code/resources/app/out/vs/code/node/sharedProcess/sharedProcessMain.js:54:19517)
    at $.hb (/opt/visual-studio-code/resources/app/out/vs/code/node/sharedProcess/sharedProcessMain.js:59:36674)
    at $.stat (/opt/visual-studio-code/resources/app/out/vs/code/node/sharedProcess/sharedProcessMain.js:59:29001)
    at async c.stat (/opt/visual-studio-code/resources/app/out/vs/code/node/sharedProcess/sharedProcessMain.js:59:14931)
    at async W.ub (/opt/visual-studio-code/resources/app/out/vs/code/node/sharedProcess/sharedProcessMain.js:105:120356)
2024-09-20 03:33:33.413 [info] Deleted uninstalled extension from disk eamodio.gitlens /home/muadjomar/.vscode/extensions/eamodio.gitlens-15.4.0
2024-09-20 03:33:33.418 [info] Deleted uninstalled extension from disk ms-vscode.cmake-tools /home/muadjomar/.vscode/extensions/ms-vscode.cmake-tools-1.19.51
2024-09-20 03:33:33.419 [info] Deleted uninstalled extension from disk ms-vscode.cmake-tools /home/muadjomar/.vscode/extensions/ms-vscode.cmake-tools-1.19.52
2024-09-20 03:33:33.420 [info] Deleted uninstalled extension from disk ms-vscode.cpptools /home/muadjomar/.vscode/extensions/ms-vscode.cpptools-1.21.6-linux-x64
2024-09-20 03:33:33.427 [info] Deleted uninstalled extension from disk twxs.cmake /home/muadjomar/.vscode/extensions/twxs.cmake-0.0.17
2024-09-20 03:33:36.988 [error] [uncaught exception in sharedProcess]: Channel name 'extensionRecommendationNotification' timed out after 1000ms
2024-09-20 03:34:37.820 [info] Uninstalling extension from the profile: eamodio.gitlens@15.5.1 vscode-userdata:/home/muadjomar/.vscode/extensions/extensions.json
2024-09-20 03:34:37.821 [info] Uninstalling extension from the profile: donjayamanne.git-extension-pack@0.1.3 vscode-userdata:/home/muadjomar/.vscode/extensions/extensions.json
2024-09-20 03:34:37.971 [info] Marked extension as uninstalled eamodio.gitlens-15.5.1
2024-09-20 03:34:37.984 [info] Marked extension as uninstalled donjayamanne.git-extension-pack-0.1.3
2024-09-20 03:34:38.012 [error] [uncaught exception in sharedProcess]: Error: ENOENT: no such file or directory, stat '/home/muadjomar/.vscode/extensions/extensions.json.vsctmp': EntryNotFound (FileSystemError): Error: ENOENT: no such file or directory, stat '/home/muadjomar/.vscode/extensions/extensions.json.vsctmp'
    at o.create (/opt/visual-studio-code/resources/app/out/vs/code/node/sharedProcess/sharedProcessMain.js:54:19406)
    at u (/opt/visual-studio-code/resources/app/out/vs/code/node/sharedProcess/sharedProcessMain.js:54:19517)
    at $.hb (/opt/visual-studio-code/resources/app/out/vs/code/node/sharedProcess/sharedProcessMain.js:59:36674)
    at $.stat (/opt/visual-studio-code/resources/app/out/vs/code/node/sharedProcess/sharedProcessMain.js:59:29001)
    at async c.stat (/opt/visual-studio-code/resources/app/out/vs/code/node/sharedProcess/sharedProcessMain.js:59:14931)
    at async W.ub (/opt/visual-studio-code/resources/app/out/vs/code/node/sharedProcess/sharedProcessMain.js:105:120356)
2024-09-20 03:34:38.738 [info] Successfully uninstalled extension from the profile eamodio.gitlens@15.5.1 vscode-userdata:/home/muadjomar/.vscode/extensions/extensions.json
2024-09-20 03:34:38.739 [info] Successfully uninstalled extension from the profile donjayamanne.git-extension-pack@0.1.3 vscode-userdata:/home/muadjomar/.vscode/extensions/extensions.json
2024-09-20 03:34:44.656 [info] Getting Manifest... donjayamanne.git-extension-pack
2024-09-20 03:34:44.671 [info] Installing extension: donjayamanne.git-extension-pack {"isMachineScoped":false,"installPreReleaseVersion":false,"pinned":false,"productVersion":{"version":"1.93.1","date":"2024-09-11T17:20:05.685Z"},"isApplicationScoped":false,"profileLocation":{"$mid":1,"external":"vscode-userdata:/home/muadjomar/.vscode/extensions/extensions.json","path":"/home/muadjomar/.vscode/extensions/extensions.json","scheme":"vscode-userdata"},"installOnlyNewlyAddedFromExtensionPack":true}
2024-09-20 03:34:45.603 [info] Getting Manifest... eamodio.gitlens
2024-09-20 03:34:45.641 [info] Getting Manifest... donjayamanne.githistory
2024-09-20 03:34:45.657 [info] Getting Manifest... alefragnani.project-manager
2024-09-20 03:34:45.680 [info] Getting Manifest... codezombiech.gitignore
2024-09-20 03:34:45.701 [info] Getting Manifest... ziyasal.vscode-open-in-github
2024-09-20 03:34:45.772 [info] Installing extension: eamodio.gitlens {"isMachineScoped":false,"installPreReleaseVersion":false,"pinned":false,"productVersion":{"version":"1.93.1","date":"2024-09-11T17:20:05.685Z"},"isApplicationScoped":false,"profileLocation":{"$mid":1,"external":"vscode-userdata:/home/muadjomar/.vscode/extensions/extensions.json","path":"/home/muadjomar/.vscode/extensions/extensions.json","scheme":"vscode-userdata"},"installOnlyNewlyAddedFromExtensionPack":true,"context":{"dependecyOrPackExtensionInstall":true}}
2024-09-20 03:34:45.796 [info] Removed the extension from uninstalled list: donjayamanne.git-extension-pack
2024-09-20 03:34:45.805 [info] Removed the extension from uninstalled list: eamodio.gitlens
2024-09-20 03:34:45.877 [error] [uncaught exception in sharedProcess]: Error: ENOENT: no such file or directory, stat '/home/muadjomar/.vscode/extensions/extensions.json.vsctmp': EntryNotFound (FileSystemError): Error: ENOENT: no such file or directory, stat '/home/muadjomar/.vscode/extensions/extensions.json.vsctmp'
    at o.create (/opt/visual-studio-code/resources/app/out/vs/code/node/sharedProcess/sharedProcessMain.js:54:19406)
    at u (/opt/visual-studio-code/resources/app/out/vs/code/node/sharedProcess/sharedProcessMain.js:54:19517)
    at $.hb (/opt/visual-studio-code/resources/app/out/vs/code/node/sharedProcess/sharedProcessMain.js:59:36674)
    at $.stat (/opt/visual-studio-code/resources/app/out/vs/code/node/sharedProcess/sharedProcessMain.js:59:29001)
    at async c.stat (/opt/visual-studio-code/resources/app/out/vs/code/node/sharedProcess/sharedProcessMain.js:59:14931)
    at async W.ub (/opt/visual-studio-code/resources/app/out/vs/code/node/sharedProcess/sharedProcessMain.js:105:120356)
2024-09-20 03:34:45.919 [info] Extension installed successfully: donjayamanne.git-extension-pack vscode-userdata:/home/muadjomar/.vscode/extensions/extensions.json
2024-09-20 03:34:45.920 [info] Extension installed successfully: eamodio.gitlens vscode-userdata:/home/muadjomar/.vscode/extensions/extensions.json
