2024-09-20 03:33:32.740 [info] Using settings sync service https://vscode-sync.trafficmanager.net/
2024-09-20 03:33:32.740 [info] Auto Sync is enabled.
2024-09-20 03:33:32.740 [info] Auto Sync: Suspended until auth token is available.
2024-09-20 03:33:37.289 [info] Auto Sync: Triggered by Interval
2024-09-20 03:33:37.289 [info] Sync started.
2024-09-20 03:33:39.370 [info] Settings: No changes found during synchronizing settings.
2024-09-20 03:33:39.711 [info] Keybindings: No changes found during synchronizing keybindings.
2024-09-20 03:33:39.733 [info] Snippets: No changes found during synchronizing snippets.
2024-09-20 03:33:39.747 [info] Tasks: No changes found during synchronizing tasks.
2024-09-20 03:33:39.757 [info] GlobalState: No changes found during synchronizing ui state.
2024-09-20 03:33:39.846 [info] Extensions: No changes found during synchronizing extensions.
2024-09-20 03:33:39.860 [info] Profiles: No changes found during synchronizing profiles.
2024-09-20 03:33:39.867 [info] Sync done. Took 2576ms
2024-09-20 03:34:08.721 [info] Auto Sync: Triggered by Activity
2024-09-20 03:34:08.722 [info] Sync started.
2024-09-20 03:34:08.864 [info] Settings: No changes found during synchronizing settings.
2024-09-20 03:34:08.872 [info] Keybindings: No changes found during synchronizing keybindings.
2024-09-20 03:34:08.882 [info] Snippets: No changes found during synchronizing snippets.
2024-09-20 03:34:08.893 [info] Tasks: No changes found during synchronizing tasks.
2024-09-20 03:34:08.910 [info] GlobalState: No changes found during synchronizing ui state.
2024-09-20 03:34:09.079 [info] Extensions: No changes found during synchronizing extensions.
2024-09-20 03:34:09.084 [info] Profiles: No changes found during synchronizing profiles.
2024-09-20 03:34:09.088 [info] Sync done. Took 367ms
2024-09-20 03:34:41.026 [info] Auto Sync: Triggered by Activity
2024-09-20 03:34:41.027 [info] Sync started.
2024-09-20 03:34:41.196 [info] Settings: No changes found during synchronizing settings.
2024-09-20 03:34:41.209 [info] Keybindings: No changes found during synchronizing keybindings.
2024-09-20 03:34:41.222 [info] Snippets: No changes found during synchronizing snippets.
2024-09-20 03:34:41.236 [info] Tasks: No changes found during synchronizing tasks.
2024-09-20 03:34:41.248 [info] GlobalState: No changes found during synchronizing ui state.
2024-09-20 03:34:41.733 [info] Extensions: Updated remote extensions. Removed: ["donjayamanne.git-extension-pack","eamodio.gitlens"].
2024-09-20 03:34:41.740 [info] Extensions: Updated last synchronized extensions.
2024-09-20 03:34:41.750 [info] Profiles: No changes found during synchronizing profiles.
2024-09-20 03:34:41.760 [info] Sync done. Took 732ms
2024-09-20 03:34:48.091 [info] Auto Sync: Triggered by Activity
2024-09-20 03:34:48.094 [info] Sync started.
2024-09-20 03:34:48.272 [info] Settings: No changes found during synchronizing settings.
2024-09-20 03:34:48.284 [info] Keybindings: No changes found during synchronizing keybindings.
2024-09-20 03:34:48.292 [info] Snippets: No changes found during synchronizing snippets.
2024-09-20 03:34:48.302 [info] Tasks: No changes found during synchronizing tasks.
2024-09-20 03:34:48.313 [info] GlobalState: No changes found during synchronizing ui state.
2024-09-20 03:34:48.819 [info] Extensions: Updated remote extensions. Added: ["donjayamanne.git-extension-pack","eamodio.gitlens"].
2024-09-20 03:34:48.825 [info] Extensions: Updated last synchronized extensions.
2024-09-20 03:34:48.830 [info] Profiles: No changes found during synchronizing profiles.
2024-09-20 03:34:48.834 [info] Sync done. Took 743ms
