2024-09-20 03:33:31.369 [info] Added views:workbench.panel.markers.view in workbench.panel.markers
2024-09-20 03:33:31.370 [info] Added views:workbench.panel.output in workbench.panel.output
2024-09-20 03:33:31.370 [info] Added views:terminal in terminal
2024-09-20 03:33:31.370 [info] Added views:outline in workbench.view.explorer
2024-09-20 03:33:31.370 [info] Added views:workbench.scm in workbench.view.scm
2024-09-20 03:33:31.370 [info] Added views:workbench.view.search in workbench.view.search
2024-09-20 03:33:31.370 [info] Added views:timeline in workbench.view.explorer
2024-09-20 03:33:31.370 [info] Added views:workbench.explorer.fileView in workbench.view.explorer
2024-09-20 03:33:31.726 [info] Added views:workbench.debug.welcome in workbench.view.debug
2024-09-20 03:33:33.726 [info] Added views:projectsExplorerFavorites,projectManagerHelpAndFeedback in workbench.view.extension.project-manager
2024-09-20 03:33:33.728 [info] Added views:gitlens.views.home,gitlens.views.workspaces,gitlens.views.account in workbench.view.extension.gitlens
2024-09-20 03:33:33.730 [info] Added views:gitlens.views.commitDetails,gitlens.views.lineHistory,gitlens.views.fileHistory,gitlens.views.searchAndCompare in workbench.view.extension.gitlensInspect
2024-09-20 03:33:33.732 [info] Added views:gitlens.views.commits,gitlens.views.branches,gitlens.views.remotes,gitlens.views.stashes,gitlens.views.tags,gitlens.views.contributors in workbench.view.scm
2024-09-20 03:33:34.226 [info] Added views:workbench.panel.repl.view in workbench.panel.repl
2024-09-20 03:33:36.690 [info] Added views:projectsExplorerGit in workbench.view.extension.project-manager
2024-09-20 03:33:36.772 [info] Removed views:gitlens.views.searchAndCompare,gitlens.views.fileHistory,gitlens.views.lineHistory,gitlens.views.commitDetails from workbench.view.extension.gitlensInspect
2024-09-20 03:33:36.772 [info] Removed views:gitlens.views.contributors,gitlens.views.tags,gitlens.views.stashes,gitlens.views.remotes,gitlens.views.branches,gitlens.views.commits from workbench.view.scm
2024-09-20 03:33:36.946 [info] Added views:gitlens.views.drafts in workbench.view.extension.gitlens
2024-09-20 03:33:37.178 [info] Added views:~remote.forwardedPorts in ~remote.forwardedPortsContainer
2024-09-20 03:33:37.439 [info] Added views:workbench.views.extensions.installed,extensions.recommendedList in workbench.view.extensions
2024-09-20 03:33:54.440 [info] Removed views:extensions.recommendedList,workbench.views.extensions.installed from workbench.view.extensions
2024-09-20 03:33:54.454 [info] Added views:workbench.views.extensions.marketplace in workbench.view.extensions
2024-09-20 03:34:10.318 [info] Removed views:workbench.views.extensions.marketplace from workbench.view.extensions
2024-09-20 03:34:10.354 [info] Added views:workbench.views.extensions.installed,extensions.recommendedList in workbench.view.extensions
