2024-09-18 12:26:14.787 [info] Started local extension host with pid 24231.
2024-09-18 12:26:16.343 [warning] [twxs.cmake]: Cannot register 'cmake.cmakePath'. This property is already registered.
2024-09-18 12:26:19.876 [error] Offline: Offline: Offline
    at L (vscode-file://vscode-app/opt/visual-studio-code/resources/app/out/vs/workbench/workbench.desktop.main.js:105:2290)
    at async S.c (vscode-file://vscode-app/opt/visual-studio-code/resources/app/out/vs/workbench/workbench.desktop.main.js:705:48548)
    at async y (vscode-file://vscode-app/opt/visual-studio-code/resources/app/out/vs/workbench/workbench.desktop.main.js:1825:2606)
    at async y.z (vscode-file://vscode-app/opt/visual-studio-code/resources/app/out/vs/workbench/workbench.desktop.main.js:1825:3296)
    at async d.value (vscode-file://vscode-app/opt/visual-studio-code/resources/app/out/vs/workbench/workbench.desktop.main.js:1825:2509)
2024-09-18 12:26:20.876 [info] [perf] Render performance baseline is 90ms
2024-09-18 12:26:21.112 [warning] Failed to fetch chat participant registry Offline
2024-09-18 12:26:31.462 [error] Offline: Offline
    at ie.E (vscode-file://vscode-app/opt/visual-studio-code/resources/app/out/vs/workbench/workbench.desktop.main.js:826:40098)
    at async ie.C (vscode-file://vscode-app/opt/visual-studio-code/resources/app/out/vs/workbench/workbench.desktop.main.js:826:36801)
    at async ie.z (vscode-file://vscode-app/opt/visual-studio-code/resources/app/out/vs/workbench/workbench.desktop.main.js:826:33282)
    at async ie.getExtensions (vscode-file://vscode-app/opt/visual-studio-code/resources/app/out/vs/workbench/workbench.desktop.main.js:826:32380)
    at async se.getExtensions (vscode-file://vscode-app/opt/visual-studio-code/resources/app/out/vs/workbench/workbench.desktop.main.js:2752:16142)
    at async Re.Oc (vscode-file://vscode-app/opt/visual-studio-code/resources/app/out/vs/workbench/workbench.desktop.main.js:2688:24253)
    at async Re.Xc (vscode-file://vscode-app/opt/visual-studio-code/resources/app/out/vs/workbench/workbench.desktop.main.js:2688:27101)
    at async Re.uc (vscode-file://vscode-app/opt/visual-studio-code/resources/app/out/vs/workbench/workbench.desktop.main.js:2688:13456)
    at async vscode-file://vscode-app/opt/visual-studio-code/resources/app/out/vs/workbench/workbench.desktop.main.js:2688:11715
2024-09-18 12:27:22.485 [error] Offline: Offline: Offline
    at ie.E (vscode-file://vscode-app/opt/visual-studio-code/resources/app/out/vs/workbench/workbench.desktop.main.js:826:40098)
    at async ie.C (vscode-file://vscode-app/opt/visual-studio-code/resources/app/out/vs/workbench/workbench.desktop.main.js:826:36801)
    at async ie.z (vscode-file://vscode-app/opt/visual-studio-code/resources/app/out/vs/workbench/workbench.desktop.main.js:826:33282)
    at async ie.getExtensions (vscode-file://vscode-app/opt/visual-studio-code/resources/app/out/vs/workbench/workbench.desktop.main.js:826:32380)
    at async se.getExtensions (vscode-file://vscode-app/opt/visual-studio-code/resources/app/out/vs/workbench/workbench.desktop.main.js:2752:16142)
    at async se.nb (vscode-file://vscode-app/opt/visual-studio-code/resources/app/out/vs/workbench/workbench.desktop.main.js:2752:13790)
2024-09-18 12:31:21.169 [warning] Failed to fetch chat participant registry Offline
2024-09-18 12:36:21.238 [warning] Failed to fetch chat participant registry Offline
2024-09-18 12:41:21.375 [warning] Failed to fetch chat participant registry Offline
2024-09-18 12:46:21.434 [warning] Failed to fetch chat participant registry Offline
2024-09-18 12:51:21.570 [warning] Failed to fetch chat participant registry Offline
2024-09-18 12:56:21.701 [warning] Failed to fetch chat participant registry Offline
2024-09-18 13:01:21.766 [warning] Failed to fetch chat participant registry Offline
2024-09-18 13:06:21.906 [warning] Failed to fetch chat participant registry Offline
2024-09-18 13:11:22.041 [warning] Failed to fetch chat participant registry Offline
2024-09-18 13:16:22.102 [warning] Failed to fetch chat participant registry Offline
2024-09-18 13:21:22.165 [warning] Failed to fetch chat participant registry Offline
2024-09-18 13:26:22.297 [warning] Failed to fetch chat participant registry Offline
2024-09-18 13:31:22.361 [warning] Failed to fetch chat participant registry Offline
2024-09-18 13:36:22.497 [warning] Failed to fetch chat participant registry Offline
2024-09-18 13:41:22.560 [warning] Failed to fetch chat participant registry Offline
2024-09-18 13:46:22.617 [warning] Failed to fetch chat participant registry Offline
2024-09-18 13:51:22.748 [warning] Failed to fetch chat participant registry Offline
2024-09-18 13:56:22.809 [warning] Failed to fetch chat participant registry Offline
2024-09-18 14:01:22.865 [warning] Failed to fetch chat participant registry Offline
2024-09-18 14:06:22.925 [warning] Failed to fetch chat participant registry Offline
2024-09-18 14:11:23.063 [warning] Failed to fetch chat participant registry Offline
2024-09-18 14:16:23.203 [warning] Failed to fetch chat participant registry Offline
2024-09-18 14:21:23.259 [warning] Failed to fetch chat participant registry Offline
2024-09-18 14:26:23.374 [warning] Failed to fetch chat participant registry Offline
2024-09-18 14:31:23.458 [warning] Failed to fetch chat participant registry Offline
2024-09-18 14:36:23.593 [warning] Failed to fetch chat participant registry Offline
2024-09-18 14:41:23.649 [warning] Failed to fetch chat participant registry Offline
2024-09-18 14:46:23.719 [warning] Failed to fetch chat participant registry Offline
2024-09-18 14:51:23.784 [warning] Failed to fetch chat participant registry Offline
2024-09-18 14:56:23.921 [warning] Failed to fetch chat participant registry Offline
2024-09-18 15:01:24.056 [warning] Failed to fetch chat participant registry Offline
2024-09-18 15:06:24.189 [warning] Failed to fetch chat participant registry Offline
2024-09-18 15:11:24.250 [warning] Failed to fetch chat participant registry Offline
2024-09-18 15:16:24.309 [warning] Failed to fetch chat participant registry Offline
2024-09-18 15:21:24.369 [warning] Failed to fetch chat participant registry Offline
2024-09-18 15:26:24.428 [warning] Failed to fetch chat participant registry Offline
2024-09-18 15:31:24.565 [warning] Failed to fetch chat participant registry Offline
2024-09-18 15:36:24.690 [warning] Failed to fetch chat participant registry Offline
2024-09-18 15:41:24.824 [warning] Failed to fetch chat participant registry Offline
2024-09-18 15:46:24.881 [warning] Failed to fetch chat participant registry Offline
2024-09-18 15:51:25.016 [warning] Failed to fetch chat participant registry Offline
2024-09-18 15:56:25.076 [warning] Failed to fetch chat participant registry Offline
2024-09-18 16:01:25.133 [warning] Failed to fetch chat participant registry Offline
2024-09-18 16:06:25.193 [warning] Failed to fetch chat participant registry Offline
2024-09-18 16:11:25.331 [warning] Failed to fetch chat participant registry Offline
2024-09-18 16:16:25.391 [warning] Failed to fetch chat participant registry Offline
2024-09-18 16:21:25.522 [warning] Failed to fetch chat participant registry Offline
2024-09-18 16:26:25.656 [warning] Failed to fetch chat participant registry Offline
2024-09-18 16:31:25.786 [warning] Failed to fetch chat participant registry Offline
2024-09-18 16:36:25.850 [warning] Failed to fetch chat participant registry Offline
2024-09-18 16:41:25.985 [warning] Failed to fetch chat participant registry Offline
2024-09-18 16:46:26.122 [warning] Failed to fetch chat participant registry Offline
2024-09-18 16:51:26.182 [warning] Failed to fetch chat participant registry Offline
2024-09-18 16:56:26.242 [warning] Failed to fetch chat participant registry Offline
2024-09-18 17:01:26.302 [warning] Failed to fetch chat participant registry Offline
2024-09-18 17:06:26.358 [warning] Failed to fetch chat participant registry Offline
2024-09-18 17:11:26.496 [warning] Failed to fetch chat participant registry Offline
2024-09-18 17:16:26.631 [warning] Failed to fetch chat participant registry Offline
2024-09-18 17:21:26.692 [warning] Failed to fetch chat participant registry Offline
2024-09-18 17:26:26.828 [warning] Failed to fetch chat participant registry Offline
2024-09-18 17:31:26.965 [warning] Failed to fetch chat participant registry Offline
2024-09-18 17:36:27.101 [warning] Failed to fetch chat participant registry Offline
2024-09-18 17:41:27.196 [warning] Failed to fetch chat participant registry Offline
2024-09-18 17:46:27.332 [warning] Failed to fetch chat participant registry Offline
2024-09-18 17:51:27.392 [warning] Failed to fetch chat participant registry Offline
2024-09-18 17:56:27.527 [warning] Failed to fetch chat participant registry Offline
2024-09-18 18:01:27.587 [warning] Failed to fetch chat participant registry Offline
2024-09-18 18:06:27.651 [warning] Failed to fetch chat participant registry Offline
2024-09-18 18:11:27.788 [warning] Failed to fetch chat participant registry Offline
2024-09-18 18:16:27.920 [warning] Failed to fetch chat participant registry Offline
2024-09-18 18:21:27.977 [warning] Failed to fetch chat participant registry Offline
2024-09-18 18:26:28.111 [warning] Failed to fetch chat participant registry Offline
2024-09-18 18:31:28.249 [warning] Failed to fetch chat participant registry Offline
2024-09-18 18:36:28.384 [warning] Failed to fetch chat participant registry Offline
2024-09-18 18:41:28.521 [warning] Failed to fetch chat participant registry Offline
2024-09-18 18:46:28.584 [warning] Failed to fetch chat participant registry Offline
2024-09-18 18:51:28.645 [warning] Failed to fetch chat participant registry Offline
2024-09-18 18:56:28.741 [warning] Failed to fetch chat participant registry Offline
2024-09-18 19:01:28.873 [warning] Failed to fetch chat participant registry Offline
2024-09-18 19:06:29.006 [warning] Failed to fetch chat participant registry Offline
2024-09-18 19:11:29.121 [warning] Failed to fetch chat participant registry Offline
2024-09-18 19:16:29.256 [warning] Failed to fetch chat participant registry Offline
2024-09-18 19:21:29.326 [warning] Failed to fetch chat participant registry Offline
2024-09-18 19:26:29.382 [warning] Failed to fetch chat participant registry Offline
2024-09-18 19:31:29.516 [warning] Failed to fetch chat participant registry Offline
2024-09-18 19:36:29.650 [warning] Failed to fetch chat participant registry Offline
2024-09-18 19:41:29.707 [warning] Failed to fetch chat participant registry Offline
2024-09-18 19:46:29.763 [warning] Failed to fetch chat participant registry Offline
2024-09-18 19:51:29.897 [warning] Failed to fetch chat participant registry Offline
2024-09-18 19:56:30.034 [warning] Failed to fetch chat participant registry Offline
2024-09-18 20:01:30.167 [warning] Failed to fetch chat participant registry Offline
2024-09-18 20:06:30.300 [warning] Failed to fetch chat participant registry Offline
2024-09-18 20:11:30.362 [warning] Failed to fetch chat participant registry Offline
2024-09-18 20:16:30.500 [warning] Failed to fetch chat participant registry Offline
2024-09-18 20:21:30.587 [warning] Failed to fetch chat participant registry Offline
2024-09-18 20:26:30.722 [warning] Failed to fetch chat participant registry Offline
2024-09-18 20:31:30.859 [warning] Failed to fetch chat participant registry Offline
2024-09-18 20:36:30.916 [warning] Failed to fetch chat participant registry Offline
2024-09-18 20:41:31.052 [warning] Failed to fetch chat participant registry Offline
2024-09-18 20:46:31.107 [warning] Failed to fetch chat participant registry Offline
2024-09-18 20:51:31.164 [warning] Failed to fetch chat participant registry Offline
2024-09-18 20:56:31.223 [warning] Failed to fetch chat participant registry Offline
2024-09-18 21:01:31.360 [warning] Failed to fetch chat participant registry Offline
2024-09-18 21:06:31.495 [warning] Failed to fetch chat participant registry Offline
2024-09-18 21:11:31.631 [warning] Failed to fetch chat participant registry Offline
2024-09-18 21:16:31.690 [warning] Failed to fetch chat participant registry Offline
2024-09-18 21:21:31.828 [warning] Failed to fetch chat participant registry Offline
2024-09-18 21:26:31.910 [warning] Failed to fetch chat participant registry Offline
2024-09-18 21:31:32.046 [warning] Failed to fetch chat participant registry Offline
2024-09-18 21:36:32.103 [warning] Failed to fetch chat participant registry Offline
2024-09-18 21:41:32.173 [warning] Failed to fetch chat participant registry Offline
2024-09-18 21:46:32.237 [warning] Failed to fetch chat participant registry Offline
2024-09-18 21:51:32.372 [warning] Failed to fetch chat participant registry Offline
