2024-12-11 09:32:06.660 [info] Added views:outline in workbench.view.explorer
2024-12-11 09:32:06.660 [info] Added views:workbench.view.search in workbench.view.search
2024-12-11 09:32:06.660 [info] Added views:workbench.scm in workbench.view.scm
2024-12-11 09:32:06.660 [info] Added views:workbench.panel.markers.view in workbench.panel.markers
2024-12-11 09:32:06.660 [info] Added views:workbench.panel.output in workbench.panel.output
2024-12-11 09:32:06.660 [info] Added views:terminal in terminal
2024-12-11 09:32:06.660 [info] Added views:timeline in workbench.view.explorer
2024-12-11 09:32:06.661 [info] Added views:workbench.explorer.fileView in workbench.view.explorer
2024-12-11 09:32:08.256 [info] Added views:projectsExplorerFavorites,projectManagerHelpAndFeedback in workbench.view.extension.project-manager
2024-12-11 09:32:08.257 [info] Added views:gitlens.views.home,gitlens.views.workspaces,gitlens.views.account in workbench.view.extension.gitlens
2024-12-11 09:32:08.259 [info] Added views:gitlens.views.commitDetails,gitlens.views.lineHistory,gitlens.views.fileHistory,gitlens.views.searchAndCompare in workbench.view.extension.gitlensInspect
2024-12-11 09:32:08.261 [info] Added views:gitlens.views.commits,gitlens.views.branches,gitlens.views.remotes,gitlens.views.stashes,gitlens.views.tags,gitlens.views.contributors in workbench.view.scm
2024-12-11 09:32:08.749 [info] Added views:workbench.debug.variablesView,workbench.debug.watchExpressionsView,workbench.debug.callStackView,workbench.debug.breakPointsView in workbench.view.debug
2024-12-11 09:32:08.838 [info] Added views:workbench.panel.repl.view in workbench.panel.repl
2024-12-11 09:32:08.839 [info] Removed views:workbench.debug.breakPointsView,workbench.debug.callStackView,workbench.debug.watchExpressionsView,workbench.debug.variablesView from workbench.view.debug
2024-12-11 09:32:08.841 [info] Added views:workbench.debug.welcome in workbench.view.debug
2024-12-11 09:32:09.220 [info] Added views:~remote.forwardedPorts in ~remote.forwardedPortsContainer
2024-12-11 09:32:09.870 [info] Added views:workbench.scm.history in workbench.view.scm
2024-12-11 09:32:10.750 [info] Added views:projectsExplorerGit in workbench.view.extension.project-manager
2024-12-11 09:32:10.898 [info] Removed views:gitlens.views.searchAndCompare,gitlens.views.fileHistory,gitlens.views.lineHistory,gitlens.views.commitDetails from workbench.view.extension.gitlensInspect
2024-12-11 09:32:10.899 [info] Removed views:gitlens.views.contributors,gitlens.views.tags,gitlens.views.stashes,gitlens.views.remotes,gitlens.views.branches,gitlens.views.commits from workbench.view.scm
2024-12-11 09:32:11.022 [info] Added views:gitlens.views.drafts in workbench.view.extension.gitlens
2024-12-11 09:32:12.025 [info] Added views:gitlens.views.graph,gitlens.views.graphDetails in workbench.view.extension.gitlensPanel
2024-12-11 09:32:12.031 [info] Added views:gitlens.views.commitDetails,gitlens.views.lineHistory,gitlens.views.fileHistory,gitlens.views.timeline,gitlens.views.searchAndCompare in workbench.view.extension.gitlensInspect
2024-12-11 09:32:12.036 [info] Added views:gitlens.views.commits,gitlens.views.branches,gitlens.views.remotes,gitlens.views.stashes,gitlens.views.tags,gitlens.views.worktrees,gitlens.views.contributors in workbench.view.scm
