2024-12-06 09:26:33.409 [info] Extension host with pid 31751 started
2024-12-06 09:26:33.409 [info] Skipping acquiring lock for /home/muadjomar/.config/VSCodium/User/workspaceStorage/bee8c1be274339c44a591a18cece7d4f.
2024-12-06 09:26:33.492 [info] ExtensionService#_doActivateExtension vscode.git-base, startup: true, activationEvent: '*', root cause: vscode.git
2024-12-06 09:26:33.556 [info] ExtensionService#_doActivateExtension vscode.git, startup: true, activationEvent: '*'
2024-12-06 09:26:33.703 [info] ExtensionService#_doActivateExtension vscode.github, startup: true, activationEvent: '*'
2024-12-06 09:26:33.856 [info] Eager extensions activated
2024-12-06 09:26:33.900 [info] ExtensionService#_doActivateExtension vscode.debug-auto-launch, startup: false, activationEvent: 'onStartupFinished'
2024-12-06 09:26:33.905 [info] ExtensionService#_doActivateExtension vscode.merge-conflict, startup: false, activationEvent: 'onStartupFinished'
2024-12-06 09:26:33.943 [info] ExtensionService#_doActivateExtension alefragnani.project-manager, startup: false, activationEvent: 'onStartupFinished'
2024-12-06 09:26:33.973 [info] ExtensionService#_doActivateExtension Catppuccin.catppuccin-vsc, startup: false, activationEvent: 'onStartupFinished'
2024-12-06 09:26:33.986 [info] ExtensionService#_doActivateExtension Catppuccin.catppuccin-vsc-icons, startup: false, activationEvent: 'onStartupFinished'
2024-12-06 09:26:34.159 [info] ExtensionService#_doActivateExtension eamodio.gitlens, startup: false, activationEvent: 'onStartupFinished'
2024-12-06 09:26:34.524 [info] ExtensionService#_doActivateExtension formulahendry.code-runner, startup: false, activationEvent: 'onStartupFinished'
2024-12-06 09:26:34.582 [info] ExtensionService#_doActivateExtension ritwickdey.LiveServer, startup: false, activationEvent: 'onStartupFinished'
2024-12-06 09:26:34.889 [info] Extension host terminating: renderer closed the MessagePort
2024-12-06 09:26:34.933 [error] Canceled: Canceled
	at Il (file:///opt/vscodium-bin/resources/app/out/vs/workbench/api/node/extensionHostProcess.js:7:1272)
	at file:///opt/vscodium-bin/resources/app/out/vs/workbench/api/node/extensionHostProcess.js:31:118086
	at Array.forEach (<anonymous>)
	at py.dispose (file:///opt/vscodium-bin/resources/app/out/vs/workbench/api/node/extensionHostProcess.js:31:117992)
	at VB.terminate (file:///opt/vscodium-bin/resources/app/out/vs/workbench/api/node/extensionHostProcess.js:118:12331)
	at bT.terminate (file:///opt/vscodium-bin/resources/app/out/vs/workbench/api/node/extensionHostProcess.js:119:1592)
	at Ki (file:///opt/vscodium-bin/resources/app/out/vs/workbench/api/node/extensionHostProcess.js:174:16286)
	at MessagePortMain.<anonymous> (file:///opt/vscodium-bin/resources/app/out/vs/workbench/api/node/extensionHostProcess.js:174:12742)
	at MessagePortMain.emit (node:events:519:28)
	at MessagePortMain._internalPort.emit (node:electron/js2c/utility_init:2:2949) setContext undefined
2024-12-06 09:26:34.934 [error] Canceled: Canceled
	at Il (file:///opt/vscodium-bin/resources/app/out/vs/workbench/api/node/extensionHostProcess.js:7:1272)
	at file:///opt/vscodium-bin/resources/app/out/vs/workbench/api/node/extensionHostProcess.js:31:118086
	at Array.forEach (<anonymous>)
	at py.dispose (file:///opt/vscodium-bin/resources/app/out/vs/workbench/api/node/extensionHostProcess.js:31:117992)
	at VB.terminate (file:///opt/vscodium-bin/resources/app/out/vs/workbench/api/node/extensionHostProcess.js:118:12331)
	at bT.terminate (file:///opt/vscodium-bin/resources/app/out/vs/workbench/api/node/extensionHostProcess.js:119:1592)
	at Ki (file:///opt/vscodium-bin/resources/app/out/vs/workbench/api/node/extensionHostProcess.js:174:16286)
	at MessagePortMain.<anonymous> (file:///opt/vscodium-bin/resources/app/out/vs/workbench/api/node/extensionHostProcess.js:174:12742)
	at MessagePortMain.emit (node:events:519:28)
	at MessagePortMain._internalPort.emit (node:electron/js2c/utility_init:2:2949) setContext undefined
2024-12-06 09:26:34.934 [error] Canceled: Canceled
	at Il (file:///opt/vscodium-bin/resources/app/out/vs/workbench/api/node/extensionHostProcess.js:7:1272)
	at file:///opt/vscodium-bin/resources/app/out/vs/workbench/api/node/extensionHostProcess.js:31:118086
	at Array.forEach (<anonymous>)
	at py.dispose (file:///opt/vscodium-bin/resources/app/out/vs/workbench/api/node/extensionHostProcess.js:31:117992)
	at VB.terminate (file:///opt/vscodium-bin/resources/app/out/vs/workbench/api/node/extensionHostProcess.js:118:12331)
	at bT.terminate (file:///opt/vscodium-bin/resources/app/out/vs/workbench/api/node/extensionHostProcess.js:119:1592)
	at Ki (file:///opt/vscodium-bin/resources/app/out/vs/workbench/api/node/extensionHostProcess.js:174:16286)
	at MessagePortMain.<anonymous> (file:///opt/vscodium-bin/resources/app/out/vs/workbench/api/node/extensionHostProcess.js:174:12742)
	at MessagePortMain.emit (node:events:519:28)
	at MessagePortMain._internalPort.emit (node:electron/js2c/utility_init:2:2949) setContext undefined
2024-12-06 09:26:34.934 [error] Canceled: Canceled
	at Il (file:///opt/vscodium-bin/resources/app/out/vs/workbench/api/node/extensionHostProcess.js:7:1272)
	at file:///opt/vscodium-bin/resources/app/out/vs/workbench/api/node/extensionHostProcess.js:31:118086
	at Array.forEach (<anonymous>)
	at py.dispose (file:///opt/vscodium-bin/resources/app/out/vs/workbench/api/node/extensionHostProcess.js:31:117992)
	at VB.terminate (file:///opt/vscodium-bin/resources/app/out/vs/workbench/api/node/extensionHostProcess.js:118:12331)
	at bT.terminate (file:///opt/vscodium-bin/resources/app/out/vs/workbench/api/node/extensionHostProcess.js:119:1592)
	at Ki (file:///opt/vscodium-bin/resources/app/out/vs/workbench/api/node/extensionHostProcess.js:174:16286)
	at MessagePortMain.<anonymous> (file:///opt/vscodium-bin/resources/app/out/vs/workbench/api/node/extensionHostProcess.js:174:12742)
	at MessagePortMain.emit (node:events:519:28)
	at MessagePortMain._internalPort.emit (node:electron/js2c/utility_init:2:2949) setContext undefined
2024-12-06 09:26:34.934 [error] Canceled: Canceled
	at Il (file:///opt/vscodium-bin/resources/app/out/vs/workbench/api/node/extensionHostProcess.js:7:1272)
	at file:///opt/vscodium-bin/resources/app/out/vs/workbench/api/node/extensionHostProcess.js:31:118086
	at Array.forEach (<anonymous>)
	at py.dispose (file:///opt/vscodium-bin/resources/app/out/vs/workbench/api/node/extensionHostProcess.js:31:117992)
	at VB.terminate (file:///opt/vscodium-bin/resources/app/out/vs/workbench/api/node/extensionHostProcess.js:118:12331)
	at bT.terminate (file:///opt/vscodium-bin/resources/app/out/vs/workbench/api/node/extensionHostProcess.js:119:1592)
	at Ki (file:///opt/vscodium-bin/resources/app/out/vs/workbench/api/node/extensionHostProcess.js:174:16286)
	at MessagePortMain.<anonymous> (file:///opt/vscodium-bin/resources/app/out/vs/workbench/api/node/extensionHostProcess.js:174:12742)
	at MessagePortMain.emit (node:events:519:28)
	at MessagePortMain._internalPort.emit (node:electron/js2c/utility_init:2:2949) setContext undefined
2024-12-06 09:26:34.935 [error] Canceled: Canceled
	at Il (file:///opt/vscodium-bin/resources/app/out/vs/workbench/api/node/extensionHostProcess.js:7:1272)
	at file:///opt/vscodium-bin/resources/app/out/vs/workbench/api/node/extensionHostProcess.js:31:118086
	at Array.forEach (<anonymous>)
	at py.dispose (file:///opt/vscodium-bin/resources/app/out/vs/workbench/api/node/extensionHostProcess.js:31:117992)
	at VB.terminate (file:///opt/vscodium-bin/resources/app/out/vs/workbench/api/node/extensionHostProcess.js:118:12331)
	at bT.terminate (file:///opt/vscodium-bin/resources/app/out/vs/workbench/api/node/extensionHostProcess.js:119:1592)
	at Ki (file:///opt/vscodium-bin/resources/app/out/vs/workbench/api/node/extensionHostProcess.js:174:16286)
	at MessagePortMain.<anonymous> (file:///opt/vscodium-bin/resources/app/out/vs/workbench/api/node/extensionHostProcess.js:174:12742)
	at MessagePortMain.emit (node:events:519:28)
	at MessagePortMain._internalPort.emit (node:electron/js2c/utility_init:2:2949) setContext undefined
2024-12-06 09:26:34.935 [error] Canceled: Canceled
	at Il (file:///opt/vscodium-bin/resources/app/out/vs/workbench/api/node/extensionHostProcess.js:7:1272)
	at file:///opt/vscodium-bin/resources/app/out/vs/workbench/api/node/extensionHostProcess.js:31:118086
	at Array.forEach (<anonymous>)
	at py.dispose (file:///opt/vscodium-bin/resources/app/out/vs/workbench/api/node/extensionHostProcess.js:31:117992)
	at VB.terminate (file:///opt/vscodium-bin/resources/app/out/vs/workbench/api/node/extensionHostProcess.js:118:12331)
	at bT.terminate (file:///opt/vscodium-bin/resources/app/out/vs/workbench/api/node/extensionHostProcess.js:119:1592)
	at Ki (file:///opt/vscodium-bin/resources/app/out/vs/workbench/api/node/extensionHostProcess.js:174:16286)
	at MessagePortMain.<anonymous> (file:///opt/vscodium-bin/resources/app/out/vs/workbench/api/node/extensionHostProcess.js:174:12742)
	at MessagePortMain.emit (node:events:519:28)
	at MessagePortMain._internalPort.emit (node:electron/js2c/utility_init:2:2949) setContext undefined
2024-12-06 09:26:34.935 [error] Canceled: Canceled
	at Il (file:///opt/vscodium-bin/resources/app/out/vs/workbench/api/node/extensionHostProcess.js:7:1272)
	at file:///opt/vscodium-bin/resources/app/out/vs/workbench/api/node/extensionHostProcess.js:31:118086
	at Array.forEach (<anonymous>)
	at py.dispose (file:///opt/vscodium-bin/resources/app/out/vs/workbench/api/node/extensionHostProcess.js:31:117992)
	at VB.terminate (file:///opt/vscodium-bin/resources/app/out/vs/workbench/api/node/extensionHostProcess.js:118:12331)
	at bT.terminate (file:///opt/vscodium-bin/resources/app/out/vs/workbench/api/node/extensionHostProcess.js:119:1592)
	at Ki (file:///opt/vscodium-bin/resources/app/out/vs/workbench/api/node/extensionHostProcess.js:174:16286)
	at MessagePortMain.<anonymous> (file:///opt/vscodium-bin/resources/app/out/vs/workbench/api/node/extensionHostProcess.js:174:12742)
	at MessagePortMain.emit (node:events:519:28)
	at MessagePortMain._internalPort.emit (node:electron/js2c/utility_init:2:2949) setContext undefined
2024-12-06 09:26:34.935 [error] Canceled: Canceled
	at Il (file:///opt/vscodium-bin/resources/app/out/vs/workbench/api/node/extensionHostProcess.js:7:1272)
	at file:///opt/vscodium-bin/resources/app/out/vs/workbench/api/node/extensionHostProcess.js:31:118086
	at Array.forEach (<anonymous>)
	at py.dispose (file:///opt/vscodium-bin/resources/app/out/vs/workbench/api/node/extensionHostProcess.js:31:117992)
	at VB.terminate (file:///opt/vscodium-bin/resources/app/out/vs/workbench/api/node/extensionHostProcess.js:118:12331)
	at bT.terminate (file:///opt/vscodium-bin/resources/app/out/vs/workbench/api/node/extensionHostProcess.js:119:1592)
	at Ki (file:///opt/vscodium-bin/resources/app/out/vs/workbench/api/node/extensionHostProcess.js:174:16286)
	at MessagePortMain.<anonymous> (file:///opt/vscodium-bin/resources/app/out/vs/workbench/api/node/extensionHostProcess.js:174:12742)
	at MessagePortMain.emit (node:events:519:28)
	at MessagePortMain._internalPort.emit (node:electron/js2c/utility_init:2:2949) setContext undefined
2024-12-06 09:26:34.935 [error] Canceled: Canceled
	at Il (file:///opt/vscodium-bin/resources/app/out/vs/workbench/api/node/extensionHostProcess.js:7:1272)
	at file:///opt/vscodium-bin/resources/app/out/vs/workbench/api/node/extensionHostProcess.js:31:118086
	at Array.forEach (<anonymous>)
	at py.dispose (file:///opt/vscodium-bin/resources/app/out/vs/workbench/api/node/extensionHostProcess.js:31:117992)
	at VB.terminate (file:///opt/vscodium-bin/resources/app/out/vs/workbench/api/node/extensionHostProcess.js:118:12331)
	at bT.terminate (file:///opt/vscodium-bin/resources/app/out/vs/workbench/api/node/extensionHostProcess.js:119:1592)
	at Ki (file:///opt/vscodium-bin/resources/app/out/vs/workbench/api/node/extensionHostProcess.js:174:16286)
	at MessagePortMain.<anonymous> (file:///opt/vscodium-bin/resources/app/out/vs/workbench/api/node/extensionHostProcess.js:174:12742)
	at MessagePortMain.emit (node:events:519:28)
	at MessagePortMain._internalPort.emit (node:electron/js2c/utility_init:2:2949) setContext undefined
2024-12-06 09:26:34.935 [error] Canceled: Canceled
	at Il (file:///opt/vscodium-bin/resources/app/out/vs/workbench/api/node/extensionHostProcess.js:7:1272)
	at file:///opt/vscodium-bin/resources/app/out/vs/workbench/api/node/extensionHostProcess.js:31:118086
	at Array.forEach (<anonymous>)
	at py.dispose (file:///opt/vscodium-bin/resources/app/out/vs/workbench/api/node/extensionHostProcess.js:31:117992)
	at VB.terminate (file:///opt/vscodium-bin/resources/app/out/vs/workbench/api/node/extensionHostProcess.js:118:12331)
	at bT.terminate (file:///opt/vscodium-bin/resources/app/out/vs/workbench/api/node/extensionHostProcess.js:119:1592)
	at Ki (file:///opt/vscodium-bin/resources/app/out/vs/workbench/api/node/extensionHostProcess.js:174:16286)
	at MessagePortMain.<anonymous> (file:///opt/vscodium-bin/resources/app/out/vs/workbench/api/node/extensionHostProcess.js:174:12742)
	at MessagePortMain.emit (node:events:519:28)
	at MessagePortMain._internalPort.emit (node:electron/js2c/utility_init:2:2949) setContext undefined
2024-12-06 09:26:34.936 [error] Canceled: Canceled
	at Il (file:///opt/vscodium-bin/resources/app/out/vs/workbench/api/node/extensionHostProcess.js:7:1272)
	at file:///opt/vscodium-bin/resources/app/out/vs/workbench/api/node/extensionHostProcess.js:31:118086
	at Array.forEach (<anonymous>)
	at py.dispose (file:///opt/vscodium-bin/resources/app/out/vs/workbench/api/node/extensionHostProcess.js:31:117992)
	at VB.terminate (file:///opt/vscodium-bin/resources/app/out/vs/workbench/api/node/extensionHostProcess.js:118:12331)
	at bT.terminate (file:///opt/vscodium-bin/resources/app/out/vs/workbench/api/node/extensionHostProcess.js:119:1592)
	at Ki (file:///opt/vscodium-bin/resources/app/out/vs/workbench/api/node/extensionHostProcess.js:174:16286)
	at MessagePortMain.<anonymous> (file:///opt/vscodium-bin/resources/app/out/vs/workbench/api/node/extensionHostProcess.js:174:12742)
	at MessagePortMain.emit (node:events:519:28)
	at MessagePortMain._internalPort.emit (node:electron/js2c/utility_init:2:2949) setContext undefined
2024-12-06 09:26:34.936 [error] Canceled: Canceled
	at Il (file:///opt/vscodium-bin/resources/app/out/vs/workbench/api/node/extensionHostProcess.js:7:1272)
	at file:///opt/vscodium-bin/resources/app/out/vs/workbench/api/node/extensionHostProcess.js:31:118086
	at Array.forEach (<anonymous>)
	at py.dispose (file:///opt/vscodium-bin/resources/app/out/vs/workbench/api/node/extensionHostProcess.js:31:117992)
	at VB.terminate (file:///opt/vscodium-bin/resources/app/out/vs/workbench/api/node/extensionHostProcess.js:118:12331)
	at bT.terminate (file:///opt/vscodium-bin/resources/app/out/vs/workbench/api/node/extensionHostProcess.js:119:1592)
	at Ki (file:///opt/vscodium-bin/resources/app/out/vs/workbench/api/node/extensionHostProcess.js:174:16286)
	at MessagePortMain.<anonymous> (file:///opt/vscodium-bin/resources/app/out/vs/workbench/api/node/extensionHostProcess.js:174:12742)
	at MessagePortMain.emit (node:events:519:28)
	at MessagePortMain._internalPort.emit (node:electron/js2c/utility_init:2:2949) setContext undefined
2024-12-06 09:26:34.936 [error] Canceled: Canceled
	at Il (file:///opt/vscodium-bin/resources/app/out/vs/workbench/api/node/extensionHostProcess.js:7:1272)
	at file:///opt/vscodium-bin/resources/app/out/vs/workbench/api/node/extensionHostProcess.js:31:118086
	at Array.forEach (<anonymous>)
	at py.dispose (file:///opt/vscodium-bin/resources/app/out/vs/workbench/api/node/extensionHostProcess.js:31:117992)
	at VB.terminate (file:///opt/vscodium-bin/resources/app/out/vs/workbench/api/node/extensionHostProcess.js:118:12331)
	at bT.terminate (file:///opt/vscodium-bin/resources/app/out/vs/workbench/api/node/extensionHostProcess.js:119:1592)
	at Ki (file:///opt/vscodium-bin/resources/app/out/vs/workbench/api/node/extensionHostProcess.js:174:16286)
	at MessagePortMain.<anonymous> (file:///opt/vscodium-bin/resources/app/out/vs/workbench/api/node/extensionHostProcess.js:174:12742)
	at MessagePortMain.emit (node:events:519:28)
	at MessagePortMain._internalPort.emit (node:electron/js2c/utility_init:2:2949) setContext undefined
2024-12-06 09:26:34.936 [error] Canceled: Canceled
	at Il (file:///opt/vscodium-bin/resources/app/out/vs/workbench/api/node/extensionHostProcess.js:7:1272)
	at file:///opt/vscodium-bin/resources/app/out/vs/workbench/api/node/extensionHostProcess.js:31:118086
	at Array.forEach (<anonymous>)
	at py.dispose (file:///opt/vscodium-bin/resources/app/out/vs/workbench/api/node/extensionHostProcess.js:31:117992)
	at VB.terminate (file:///opt/vscodium-bin/resources/app/out/vs/workbench/api/node/extensionHostProcess.js:118:12331)
	at bT.terminate (file:///opt/vscodium-bin/resources/app/out/vs/workbench/api/node/extensionHostProcess.js:119:1592)
	at Ki (file:///opt/vscodium-bin/resources/app/out/vs/workbench/api/node/extensionHostProcess.js:174:16286)
	at MessagePortMain.<anonymous> (file:///opt/vscodium-bin/resources/app/out/vs/workbench/api/node/extensionHostProcess.js:174:12742)
	at MessagePortMain.emit (node:events:519:28)
	at MessagePortMain._internalPort.emit (node:electron/js2c/utility_init:2:2949) setContext undefined
2024-12-06 09:26:34.936 [error] Canceled: Canceled
	at Il (file:///opt/vscodium-bin/resources/app/out/vs/workbench/api/node/extensionHostProcess.js:7:1272)
	at file:///opt/vscodium-bin/resources/app/out/vs/workbench/api/node/extensionHostProcess.js:31:118086
	at Array.forEach (<anonymous>)
	at py.dispose (file:///opt/vscodium-bin/resources/app/out/vs/workbench/api/node/extensionHostProcess.js:31:117992)
	at VB.terminate (file:///opt/vscodium-bin/resources/app/out/vs/workbench/api/node/extensionHostProcess.js:118:12331)
	at bT.terminate (file:///opt/vscodium-bin/resources/app/out/vs/workbench/api/node/extensionHostProcess.js:119:1592)
	at Ki (file:///opt/vscodium-bin/resources/app/out/vs/workbench/api/node/extensionHostProcess.js:174:16286)
	at MessagePortMain.<anonymous> (file:///opt/vscodium-bin/resources/app/out/vs/workbench/api/node/extensionHostProcess.js:174:12742)
	at MessagePortMain.emit (node:events:519:28)
	at MessagePortMain._internalPort.emit (node:electron/js2c/utility_init:2:2949) setContext undefined
2024-12-06 09:26:34.936 [error] Canceled: Canceled
	at Il (file:///opt/vscodium-bin/resources/app/out/vs/workbench/api/node/extensionHostProcess.js:7:1272)
	at file:///opt/vscodium-bin/resources/app/out/vs/workbench/api/node/extensionHostProcess.js:31:118086
	at Array.forEach (<anonymous>)
	at py.dispose (file:///opt/vscodium-bin/resources/app/out/vs/workbench/api/node/extensionHostProcess.js:31:117992)
	at VB.terminate (file:///opt/vscodium-bin/resources/app/out/vs/workbench/api/node/extensionHostProcess.js:118:12331)
	at bT.terminate (file:///opt/vscodium-bin/resources/app/out/vs/workbench/api/node/extensionHostProcess.js:119:1592)
	at Ki (file:///opt/vscodium-bin/resources/app/out/vs/workbench/api/node/extensionHostProcess.js:174:16286)
	at MessagePortMain.<anonymous> (file:///opt/vscodium-bin/resources/app/out/vs/workbench/api/node/extensionHostProcess.js:174:12742)
	at MessagePortMain.emit (node:events:519:28)
	at MessagePortMain._internalPort.emit (node:electron/js2c/utility_init:2:2949) setContext undefined
2024-12-06 09:26:34.937 [error] Canceled: Canceled
	at Il (file:///opt/vscodium-bin/resources/app/out/vs/workbench/api/node/extensionHostProcess.js:7:1272)
	at file:///opt/vscodium-bin/resources/app/out/vs/workbench/api/node/extensionHostProcess.js:31:118086
	at Array.forEach (<anonymous>)
	at py.dispose (file:///opt/vscodium-bin/resources/app/out/vs/workbench/api/node/extensionHostProcess.js:31:117992)
	at VB.terminate (file:///opt/vscodium-bin/resources/app/out/vs/workbench/api/node/extensionHostProcess.js:118:12331)
	at bT.terminate (file:///opt/vscodium-bin/resources/app/out/vs/workbench/api/node/extensionHostProcess.js:119:1592)
	at Ki (file:///opt/vscodium-bin/resources/app/out/vs/workbench/api/node/extensionHostProcess.js:174:16286)
	at MessagePortMain.<anonymous> (file:///opt/vscodium-bin/resources/app/out/vs/workbench/api/node/extensionHostProcess.js:174:12742)
	at MessagePortMain.emit (node:events:519:28)
	at MessagePortMain._internalPort.emit (node:electron/js2c/utility_init:2:2949) setContext undefined
2024-12-06 09:26:34.937 [error] Canceled: Canceled
	at Il (file:///opt/vscodium-bin/resources/app/out/vs/workbench/api/node/extensionHostProcess.js:7:1272)
	at file:///opt/vscodium-bin/resources/app/out/vs/workbench/api/node/extensionHostProcess.js:31:118086
	at Array.forEach (<anonymous>)
	at py.dispose (file:///opt/vscodium-bin/resources/app/out/vs/workbench/api/node/extensionHostProcess.js:31:117992)
	at VB.terminate (file:///opt/vscodium-bin/resources/app/out/vs/workbench/api/node/extensionHostProcess.js:118:12331)
	at bT.terminate (file:///opt/vscodium-bin/resources/app/out/vs/workbench/api/node/extensionHostProcess.js:119:1592)
	at Ki (file:///opt/vscodium-bin/resources/app/out/vs/workbench/api/node/extensionHostProcess.js:174:16286)
	at MessagePortMain.<anonymous> (file:///opt/vscodium-bin/resources/app/out/vs/workbench/api/node/extensionHostProcess.js:174:12742)
	at MessagePortMain.emit (node:events:519:28)
	at MessagePortMain._internalPort.emit (node:electron/js2c/utility_init:2:2949) setContext undefined
2024-12-06 09:26:34.937 [error] Canceled: Canceled
	at Il (file:///opt/vscodium-bin/resources/app/out/vs/workbench/api/node/extensionHostProcess.js:7:1272)
	at file:///opt/vscodium-bin/resources/app/out/vs/workbench/api/node/extensionHostProcess.js:31:118086
	at Array.forEach (<anonymous>)
	at py.dispose (file:///opt/vscodium-bin/resources/app/out/vs/workbench/api/node/extensionHostProcess.js:31:117992)
	at VB.terminate (file:///opt/vscodium-bin/resources/app/out/vs/workbench/api/node/extensionHostProcess.js:118:12331)
	at bT.terminate (file:///opt/vscodium-bin/resources/app/out/vs/workbench/api/node/extensionHostProcess.js:119:1592)
	at Ki (file:///opt/vscodium-bin/resources/app/out/vs/workbench/api/node/extensionHostProcess.js:174:16286)
	at MessagePortMain.<anonymous> (file:///opt/vscodium-bin/resources/app/out/vs/workbench/api/node/extensionHostProcess.js:174:12742)
	at MessagePortMain.emit (node:events:519:28)
	at MessagePortMain._internalPort.emit (node:electron/js2c/utility_init:2:2949) setContext undefined
2024-12-06 09:26:34.937 [error] Canceled: Canceled
	at Il (file:///opt/vscodium-bin/resources/app/out/vs/workbench/api/node/extensionHostProcess.js:7:1272)
	at file:///opt/vscodium-bin/resources/app/out/vs/workbench/api/node/extensionHostProcess.js:31:118086
	at Array.forEach (<anonymous>)
	at py.dispose (file:///opt/vscodium-bin/resources/app/out/vs/workbench/api/node/extensionHostProcess.js:31:117992)
	at VB.terminate (file:///opt/vscodium-bin/resources/app/out/vs/workbench/api/node/extensionHostProcess.js:118:12331)
	at bT.terminate (file:///opt/vscodium-bin/resources/app/out/vs/workbench/api/node/extensionHostProcess.js:119:1592)
	at Ki (file:///opt/vscodium-bin/resources/app/out/vs/workbench/api/node/extensionHostProcess.js:174:16286)
	at MessagePortMain.<anonymous> (file:///opt/vscodium-bin/resources/app/out/vs/workbench/api/node/extensionHostProcess.js:174:12742)
	at MessagePortMain.emit (node:events:519:28)
	at MessagePortMain._internalPort.emit (node:electron/js2c/utility_init:2:2949) setContext undefined
2024-12-06 09:26:34.937 [error] Canceled: Canceled
	at Il (file:///opt/vscodium-bin/resources/app/out/vs/workbench/api/node/extensionHostProcess.js:7:1272)
	at file:///opt/vscodium-bin/resources/app/out/vs/workbench/api/node/extensionHostProcess.js:31:118086
	at Array.forEach (<anonymous>)
	at py.dispose (file:///opt/vscodium-bin/resources/app/out/vs/workbench/api/node/extensionHostProcess.js:31:117992)
	at VB.terminate (file:///opt/vscodium-bin/resources/app/out/vs/workbench/api/node/extensionHostProcess.js:118:12331)
	at bT.terminate (file:///opt/vscodium-bin/resources/app/out/vs/workbench/api/node/extensionHostProcess.js:119:1592)
	at Ki (file:///opt/vscodium-bin/resources/app/out/vs/workbench/api/node/extensionHostProcess.js:174:16286)
	at MessagePortMain.<anonymous> (file:///opt/vscodium-bin/resources/app/out/vs/workbench/api/node/extensionHostProcess.js:174:12742)
	at MessagePortMain.emit (node:events:519:28)
	at MessagePortMain._internalPort.emit (node:electron/js2c/utility_init:2:2949) setContext undefined
2024-12-06 09:26:34.937 [error] Canceled: Canceled
	at Il (file:///opt/vscodium-bin/resources/app/out/vs/workbench/api/node/extensionHostProcess.js:7:1272)
	at file:///opt/vscodium-bin/resources/app/out/vs/workbench/api/node/extensionHostProcess.js:31:118086
	at Array.forEach (<anonymous>)
	at py.dispose (file:///opt/vscodium-bin/resources/app/out/vs/workbench/api/node/extensionHostProcess.js:31:117992)
	at VB.terminate (file:///opt/vscodium-bin/resources/app/out/vs/workbench/api/node/extensionHostProcess.js:118:12331)
	at bT.terminate (file:///opt/vscodium-bin/resources/app/out/vs/workbench/api/node/extensionHostProcess.js:119:1592)
	at Ki (file:///opt/vscodium-bin/resources/app/out/vs/workbench/api/node/extensionHostProcess.js:174:16286)
	at MessagePortMain.<anonymous> (file:///opt/vscodium-bin/resources/app/out/vs/workbench/api/node/extensionHostProcess.js:174:12742)
	at MessagePortMain.emit (node:events:519:28)
	at MessagePortMain._internalPort.emit (node:electron/js2c/utility_init:2:2949) setContext undefined
2024-12-06 09:26:34.938 [error] Canceled: Canceled
	at Il (file:///opt/vscodium-bin/resources/app/out/vs/workbench/api/node/extensionHostProcess.js:7:1272)
	at file:///opt/vscodium-bin/resources/app/out/vs/workbench/api/node/extensionHostProcess.js:31:118086
	at Array.forEach (<anonymous>)
	at py.dispose (file:///opt/vscodium-bin/resources/app/out/vs/workbench/api/node/extensionHostProcess.js:31:117992)
	at VB.terminate (file:///opt/vscodium-bin/resources/app/out/vs/workbench/api/node/extensionHostProcess.js:118:12331)
	at bT.terminate (file:///opt/vscodium-bin/resources/app/out/vs/workbench/api/node/extensionHostProcess.js:119:1592)
	at Ki (file:///opt/vscodium-bin/resources/app/out/vs/workbench/api/node/extensionHostProcess.js:174:16286)
	at MessagePortMain.<anonymous> (file:///opt/vscodium-bin/resources/app/out/vs/workbench/api/node/extensionHostProcess.js:174:12742)
	at MessagePortMain.emit (node:events:519:28)
	at MessagePortMain._internalPort.emit (node:electron/js2c/utility_init:2:2949) setContext undefined
2024-12-06 09:26:34.938 [error] Canceled: Canceled
	at Il (file:///opt/vscodium-bin/resources/app/out/vs/workbench/api/node/extensionHostProcess.js:7:1272)
	at file:///opt/vscodium-bin/resources/app/out/vs/workbench/api/node/extensionHostProcess.js:31:118086
	at Array.forEach (<anonymous>)
	at py.dispose (file:///opt/vscodium-bin/resources/app/out/vs/workbench/api/node/extensionHostProcess.js:31:117992)
	at VB.terminate (file:///opt/vscodium-bin/resources/app/out/vs/workbench/api/node/extensionHostProcess.js:118:12331)
	at bT.terminate (file:///opt/vscodium-bin/resources/app/out/vs/workbench/api/node/extensionHostProcess.js:119:1592)
	at Ki (file:///opt/vscodium-bin/resources/app/out/vs/workbench/api/node/extensionHostProcess.js:174:16286)
	at MessagePortMain.<anonymous> (file:///opt/vscodium-bin/resources/app/out/vs/workbench/api/node/extensionHostProcess.js:174:12742)
	at MessagePortMain.emit (node:events:519:28)
	at MessagePortMain._internalPort.emit (node:electron/js2c/utility_init:2:2949) setContext undefined
2024-12-06 09:26:34.938 [error] Canceled: Canceled
	at Il (file:///opt/vscodium-bin/resources/app/out/vs/workbench/api/node/extensionHostProcess.js:7:1272)
	at file:///opt/vscodium-bin/resources/app/out/vs/workbench/api/node/extensionHostProcess.js:31:118086
	at Array.forEach (<anonymous>)
	at py.dispose (file:///opt/vscodium-bin/resources/app/out/vs/workbench/api/node/extensionHostProcess.js:31:117992)
	at VB.terminate (file:///opt/vscodium-bin/resources/app/out/vs/workbench/api/node/extensionHostProcess.js:118:12331)
	at bT.terminate (file:///opt/vscodium-bin/resources/app/out/vs/workbench/api/node/extensionHostProcess.js:119:1592)
	at Ki (file:///opt/vscodium-bin/resources/app/out/vs/workbench/api/node/extensionHostProcess.js:174:16286)
	at MessagePortMain.<anonymous> (file:///opt/vscodium-bin/resources/app/out/vs/workbench/api/node/extensionHostProcess.js:174:12742)
	at MessagePortMain.emit (node:events:519:28)
	at MessagePortMain._internalPort.emit (node:electron/js2c/utility_init:2:2949) setContext undefined
2024-12-06 09:26:34.943 [error] Canceled: Canceled
	at new t3 (file:///opt/vscodium-bin/resources/app/out/vs/workbench/api/node/extensionHostProcess.js:31:116229)
	at py._remoteCall (file:///opt/vscodium-bin/resources/app/out/vs/workbench/api/node/extensionHostProcess.js:31:122523)
	at s.<computed>.n.charCodeAt.s.<computed> (file:///opt/vscodium-bin/resources/app/out/vs/workbench/api/node/extensionHostProcess.js:31:119282)
	at J_._doExecuteCommand (file:///opt/vscodium-bin/resources/app/out/vs/workbench/api/node/extensionHostProcess.js:114:38451)
	at J_.executeCommand (file:///opt/vscodium-bin/resources/app/out/vs/workbench/api/node/extensionHostProcess.js:114:37890)
	at r.registerCommand.description (file:///opt/vscodium-bin/resources/app/out/vs/workbench/api/node/extensionHostProcess.js:114:37154)
	at J_._executeContributedCommand (file:///opt/vscodium-bin/resources/app/out/vs/workbench/api/node/extensionHostProcess.js:114:39020)
	at J_._doExecuteCommand (file:///opt/vscodium-bin/resources/app/out/vs/workbench/api/node/extensionHostProcess.js:114:38023)
	at J_.executeCommand (file:///opt/vscodium-bin/resources/app/out/vs/workbench/api/node/extensionHostProcess.js:114:37890)
	at Object.executeCommand (file:///opt/vscodium-bin/resources/app/out/vs/workbench/api/node/extensionHostProcess.js:156:42153)
	at w (/home/muadjomar/dotfiles/VSCodium/.vscode-oss/extensions/eamodio.gitlens-15.5.1/dist/gitlens.js:1490:39724)
	at c (/home/muadjomar/dotfiles/VSCodium/.vscode-oss/extensions/eamodio.gitlens-15.5.1/dist/gitlens.js:1490:44783)
	at ActionRunners._updateContextKeys (/home/muadjomar/dotfiles/VSCodium/.vscode-oss/extensions/eamodio.gitlens-15.5.1/dist/gitlens.js:1120:19640)
	at s (/home/muadjomar/dotfiles/VSCodium/.vscode-oss/extensions/eamodio.gitlens-15.5.1/dist/gitlens.js:1120:18084)
	at RegisteredActionRunner.unregister (/home/muadjomar/dotfiles/VSCodium/.vscode-oss/extensions/eamodio.gitlens-15.5.1/dist/gitlens.js:1120:18227)
	at RegisteredActionRunner.dispose (/home/muadjomar/dotfiles/VSCodium/.vscode-oss/extensions/eamodio.gitlens-15.5.1/dist/gitlens.js:1120:16881)
	at ActionRunners.dispose (/home/muadjomar/dotfiles/VSCodium/.vscode-oss/extensions/eamodio.gitlens-15.5.1/dist/gitlens.js:1120:17667)
	at /home/muadjomar/dotfiles/VSCodium/.vscode-oss/extensions/eamodio.gitlens-15.5.1/dist/gitlens.js:1448:19381
	at Array.forEach (<anonymous>)
	at Object.dispose (/home/muadjomar/dotfiles/VSCodium/.vscode-oss/extensions/eamodio.gitlens-15.5.1/dist/gitlens.js:1448:19363)
	at li (file:///opt/vscodium-bin/resources/app/out/vs/workbench/api/node/extensionHostProcess.js:24:699)
	at file:///opt/vscodium-bin/resources/app/out/vs/workbench/api/node/extensionHostProcess.js:118:18392
	at file:///opt/vscodium-bin/resources/app/out/vs/workbench/api/node/extensionHostProcess.js:24:1009
	at Object.dispose (file:///opt/vscodium-bin/resources/app/out/vs/workbench/api/node/extensionHostProcess.js:7:2296)
	at VB._deactivate (file:///opt/vscodium-bin/resources/app/out/vs/workbench/api/node/extensionHostProcess.js:118:14727)
	at file:///opt/vscodium-bin/resources/app/out/vs/workbench/api/node/extensionHostProcess.js:118:12013
	at Array.map (<anonymous>)
	at VB._deactivateAll (file:///opt/vscodium-bin/resources/app/out/vs/workbench/api/node/extensionHostProcess.js:118:12001)
	at VB.terminate (file:///opt/vscodium-bin/resources/app/out/vs/workbench/api/node/extensionHostProcess.js:118:12354)
	at bT.terminate (file:///opt/vscodium-bin/resources/app/out/vs/workbench/api/node/extensionHostProcess.js:119:1592)
	at Ki (file:///opt/vscodium-bin/resources/app/out/vs/workbench/api/node/extensionHostProcess.js:174:16286)
	at MessagePortMain.<anonymous> (file:///opt/vscodium-bin/resources/app/out/vs/workbench/api/node/extensionHostProcess.js:174:12742)
	at MessagePortMain.emit (node:events:519:28)
	at MessagePortMain._internalPort.emit (node:electron/js2c/utility_init:2:2949) setContext undefined
2024-12-06 09:26:34.943 [error] Canceled: Canceled
	at new t3 (file:///opt/vscodium-bin/resources/app/out/vs/workbench/api/node/extensionHostProcess.js:31:116229)
	at py._remoteCall (file:///opt/vscodium-bin/resources/app/out/vs/workbench/api/node/extensionHostProcess.js:31:122523)
	at s.<computed>.n.charCodeAt.s.<computed> (file:///opt/vscodium-bin/resources/app/out/vs/workbench/api/node/extensionHostProcess.js:31:119282)
	at J_._doExecuteCommand (file:///opt/vscodium-bin/resources/app/out/vs/workbench/api/node/extensionHostProcess.js:114:38451)
	at J_.executeCommand (file:///opt/vscodium-bin/resources/app/out/vs/workbench/api/node/extensionHostProcess.js:114:37890)
	at r.registerCommand.description (file:///opt/vscodium-bin/resources/app/out/vs/workbench/api/node/extensionHostProcess.js:114:37154)
	at J_._executeContributedCommand (file:///opt/vscodium-bin/resources/app/out/vs/workbench/api/node/extensionHostProcess.js:114:39020)
	at J_._doExecuteCommand (file:///opt/vscodium-bin/resources/app/out/vs/workbench/api/node/extensionHostProcess.js:114:38023)
	at J_.executeCommand (file:///opt/vscodium-bin/resources/app/out/vs/workbench/api/node/extensionHostProcess.js:114:37890)
	at Object.executeCommand (file:///opt/vscodium-bin/resources/app/out/vs/workbench/api/node/extensionHostProcess.js:156:42153)
	at w (/home/muadjomar/dotfiles/VSCodium/.vscode-oss/extensions/eamodio.gitlens-15.5.1/dist/gitlens.js:1490:39724)
	at c (/home/muadjomar/dotfiles/VSCodium/.vscode-oss/extensions/eamodio.gitlens-15.5.1/dist/gitlens.js:1490:44783)
	at ActionRunners._updateContextKeys (/home/muadjomar/dotfiles/VSCodium/.vscode-oss/extensions/eamodio.gitlens-15.5.1/dist/gitlens.js:1120:19640)
	at s (/home/muadjomar/dotfiles/VSCodium/.vscode-oss/extensions/eamodio.gitlens-15.5.1/dist/gitlens.js:1120:18084)
	at RegisteredActionRunner.unregister (/home/muadjomar/dotfiles/VSCodium/.vscode-oss/extensions/eamodio.gitlens-15.5.1/dist/gitlens.js:1120:18227)
	at RegisteredActionRunner.dispose (/home/muadjomar/dotfiles/VSCodium/.vscode-oss/extensions/eamodio.gitlens-15.5.1/dist/gitlens.js:1120:16881)
	at ActionRunners.dispose (/home/muadjomar/dotfiles/VSCodium/.vscode-oss/extensions/eamodio.gitlens-15.5.1/dist/gitlens.js:1120:17667)
	at /home/muadjomar/dotfiles/VSCodium/.vscode-oss/extensions/eamodio.gitlens-15.5.1/dist/gitlens.js:1448:19381
	at Array.forEach (<anonymous>)
	at Object.dispose (/home/muadjomar/dotfiles/VSCodium/.vscode-oss/extensions/eamodio.gitlens-15.5.1/dist/gitlens.js:1448:19363)
	at li (file:///opt/vscodium-bin/resources/app/out/vs/workbench/api/node/extensionHostProcess.js:24:699)
	at file:///opt/vscodium-bin/resources/app/out/vs/workbench/api/node/extensionHostProcess.js:118:18392
	at file:///opt/vscodium-bin/resources/app/out/vs/workbench/api/node/extensionHostProcess.js:24:1009
	at Object.dispose (file:///opt/vscodium-bin/resources/app/out/vs/workbench/api/node/extensionHostProcess.js:7:2296)
	at VB._deactivate (file:///opt/vscodium-bin/resources/app/out/vs/workbench/api/node/extensionHostProcess.js:118:14727)
	at file:///opt/vscodium-bin/resources/app/out/vs/workbench/api/node/extensionHostProcess.js:118:12013
	at Array.map (<anonymous>)
	at VB._deactivateAll (file:///opt/vscodium-bin/resources/app/out/vs/workbench/api/node/extensionHostProcess.js:118:12001)
	at VB.terminate (file:///opt/vscodium-bin/resources/app/out/vs/workbench/api/node/extensionHostProcess.js:118:12354)
	at bT.terminate (file:///opt/vscodium-bin/resources/app/out/vs/workbench/api/node/extensionHostProcess.js:119:1592)
	at Ki (file:///opt/vscodium-bin/resources/app/out/vs/workbench/api/node/extensionHostProcess.js:174:16286)
	at MessagePortMain.<anonymous> (file:///opt/vscodium-bin/resources/app/out/vs/workbench/api/node/extensionHostProcess.js:174:12742)
	at MessagePortMain.emit (node:events:519:28)
	at MessagePortMain._internalPort.emit (node:electron/js2c/utility_init:2:2949) setContext undefined
2024-12-06 09:26:34.944 [error] Canceled: Canceled
	at new t3 (file:///opt/vscodium-bin/resources/app/out/vs/workbench/api/node/extensionHostProcess.js:31:116229)
	at py._remoteCall (file:///opt/vscodium-bin/resources/app/out/vs/workbench/api/node/extensionHostProcess.js:31:122523)
	at s.<computed>.n.charCodeAt.s.<computed> (file:///opt/vscodium-bin/resources/app/out/vs/workbench/api/node/extensionHostProcess.js:31:119282)
	at J_._doExecuteCommand (file:///opt/vscodium-bin/resources/app/out/vs/workbench/api/node/extensionHostProcess.js:114:38451)
	at J_.executeCommand (file:///opt/vscodium-bin/resources/app/out/vs/workbench/api/node/extensionHostProcess.js:114:37890)
	at r.registerCommand.description (file:///opt/vscodium-bin/resources/app/out/vs/workbench/api/node/extensionHostProcess.js:114:37154)
	at J_._executeContributedCommand (file:///opt/vscodium-bin/resources/app/out/vs/workbench/api/node/extensionHostProcess.js:114:39020)
	at J_._doExecuteCommand (file:///opt/vscodium-bin/resources/app/out/vs/workbench/api/node/extensionHostProcess.js:114:38023)
	at J_.executeCommand (file:///opt/vscodium-bin/resources/app/out/vs/workbench/api/node/extensionHostProcess.js:114:37890)
	at Object.executeCommand (file:///opt/vscodium-bin/resources/app/out/vs/workbench/api/node/extensionHostProcess.js:156:42153)
	at w (/home/muadjomar/dotfiles/VSCodium/.vscode-oss/extensions/eamodio.gitlens-15.5.1/dist/gitlens.js:1490:39724)
	at c (/home/muadjomar/dotfiles/VSCodium/.vscode-oss/extensions/eamodio.gitlens-15.5.1/dist/gitlens.js:1490:44783)
	at ActionRunners._updateContextKeys (/home/muadjomar/dotfiles/VSCodium/.vscode-oss/extensions/eamodio.gitlens-15.5.1/dist/gitlens.js:1120:19640)
	at s (/home/muadjomar/dotfiles/VSCodium/.vscode-oss/extensions/eamodio.gitlens-15.5.1/dist/gitlens.js:1120:18084)
	at RegisteredActionRunner.unregister (/home/muadjomar/dotfiles/VSCodium/.vscode-oss/extensions/eamodio.gitlens-15.5.1/dist/gitlens.js:1120:18227)
	at RegisteredActionRunner.dispose (/home/muadjomar/dotfiles/VSCodium/.vscode-oss/extensions/eamodio.gitlens-15.5.1/dist/gitlens.js:1120:16881)
	at ActionRunners.dispose (/home/muadjomar/dotfiles/VSCodium/.vscode-oss/extensions/eamodio.gitlens-15.5.1/dist/gitlens.js:1120:17667)
	at /home/muadjomar/dotfiles/VSCodium/.vscode-oss/extensions/eamodio.gitlens-15.5.1/dist/gitlens.js:1448:19381
	at Array.forEach (<anonymous>)
	at Object.dispose (/home/muadjomar/dotfiles/VSCodium/.vscode-oss/extensions/eamodio.gitlens-15.5.1/dist/gitlens.js:1448:19363)
	at li (file:///opt/vscodium-bin/resources/app/out/vs/workbench/api/node/extensionHostProcess.js:24:699)
	at file:///opt/vscodium-bin/resources/app/out/vs/workbench/api/node/extensionHostProcess.js:118:18392
	at file:///opt/vscodium-bin/resources/app/out/vs/workbench/api/node/extensionHostProcess.js:24:1009
	at Object.dispose (file:///opt/vscodium-bin/resources/app/out/vs/workbench/api/node/extensionHostProcess.js:7:2296)
	at VB._deactivate (file:///opt/vscodium-bin/resources/app/out/vs/workbench/api/node/extensionHostProcess.js:118:14727)
	at file:///opt/vscodium-bin/resources/app/out/vs/workbench/api/node/extensionHostProcess.js:118:12013
	at Array.map (<anonymous>)
	at VB._deactivateAll (file:///opt/vscodium-bin/resources/app/out/vs/workbench/api/node/extensionHostProcess.js:118:12001)
	at VB.terminate (file:///opt/vscodium-bin/resources/app/out/vs/workbench/api/node/extensionHostProcess.js:118:12354)
	at bT.terminate (file:///opt/vscodium-bin/resources/app/out/vs/workbench/api/node/extensionHostProcess.js:119:1592)
	at Ki (file:///opt/vscodium-bin/resources/app/out/vs/workbench/api/node/extensionHostProcess.js:174:16286)
	at MessagePortMain.<anonymous> (file:///opt/vscodium-bin/resources/app/out/vs/workbench/api/node/extensionHostProcess.js:174:12742)
	at MessagePortMain.emit (node:events:519:28)
	at MessagePortMain._internalPort.emit (node:electron/js2c/utility_init:2:2949) setContext undefined
2024-12-06 09:26:34.945 [info] Extension host with pid 31751 exiting with code 0
