2024-09-18 09:00:04.309 [info] Extension host with pid 13067 started
2024-09-18 09:00:04.309 [info] Skipping acquiring lock for /home/muadjomar/.config/Code/User/workspaceStorage/5a04c4de057ae73fcbcd79a1cea6760b.
2024-09-18 09:00:05.126 [info] ExtensionService#_doActivateExtension vscode.emmet, startup: false, activationEvent: 'onLanguage'
2024-09-18 09:00:05.166 [info] ExtensionService#_doActivateExtension vscode.html-language-features, startup: false, activationEvent: 'onLanguage:html'
2024-09-18 09:00:05.720 [info] ExtensionService#_doActivateExtension vscode.git-base, startup: true, activationEvent: '*', root cause: vscode.git
2024-09-18 09:00:05.735 [info] ExtensionService#_doActivateExtension vscode.git, startup: true, activationEvent: '*'
2024-09-18 09:00:05.836 [info] ExtensionService#_doActivateExtension vscode.github, startup: true, activationEvent: '*'
2024-09-18 09:00:06.417 [info] Eager extensions activated
2024-09-18 09:00:06.613 [info] ExtensionService#_doActivateExtension vscode.debug-auto-launch, startup: false, activationEvent: 'onStartupFinished'
2024-09-18 09:00:06.624 [info] ExtensionService#_doActivateExtension vscode.merge-conflict, startup: false, activationEvent: 'onStartupFinished'
2024-09-18 09:00:06.663 [info] ExtensionService#_doActivateExtension alefragnani.project-manager, startup: false, activationEvent: 'onStartupFinished'
2024-09-18 09:00:06.675 [info] ExtensionService#_doActivateExtension eamodio.gitlens, startup: false, activationEvent: 'onStartupFinished'
2024-09-18 09:00:06.807 [info] ExtensionService#_doActivateExtension formulahendry.code-runner, startup: false, activationEvent: 'onStartupFinished'
2024-09-18 09:00:06.860 [info] ExtensionService#_doActivateExtension ritwickdey.LiveServer, startup: false, activationEvent: 'onStartupFinished'
2024-09-18 09:00:07.483 [info] ExtensionService#_doActivateExtension vscode.github-authentication, startup: false, activationEvent: 'onAuthenticationRequest:github'
2024-09-18 09:00:14.019 [info] Extension host terminating: renderer closed the MessagePort
2024-09-18 09:00:14.138 [error] Canceled: Canceled
	at new D (/opt/visual-studio-code/resources/app/out/vs/workbench/api/node/extensionHostProcess.js:151:35235)
	at y.U (/opt/visual-studio-code/resources/app/out/vs/workbench/api/node/extensionHostProcess.js:158:6005)
	at V.<computed>.F.charCodeAt.A.CharCode.DollarSign.V.<computed> (/opt/visual-studio-code/resources/app/out/vs/workbench/api/node/extensionHostProcess.js:158:3107)
	at h.g (/opt/visual-studio-code/resources/app/out/vs/workbench/api/node/extensionHostProcess.js:161:210015)
	at h.executeCommand (/opt/visual-studio-code/resources/app/out/vs/workbench/api/node/extensionHostProcess.js:161:209453)
	at C.registerCommand.description (/opt/visual-studio-code/resources/app/out/vs/workbench/api/node/extensionHostProcess.js:161:208777)
	at h (/opt/visual-studio-code/resources/app/out/vs/workbench/api/node/extensionHostProcess.js:161:210554)
	at h.g (/opt/visual-studio-code/resources/app/out/vs/workbench/api/node/extensionHostProcess.js:161:209546)
	at h.executeCommand (/opt/visual-studio-code/resources/app/out/vs/workbench/api/node/extensionHostProcess.js:161:209453)
	at Object.executeCommand (/opt/visual-studio-code/resources/app/out/vs/workbench/api/node/extensionHostProcess.js:171:30683)
	at w (/home/muadjomar/.vscode/extensions/eamodio.gitlens-15.4.0/dist/gitlens.js:1488:39641)
	at c (/home/muadjomar/.vscode/extensions/eamodio.gitlens-15.4.0/dist/gitlens.js:1488:44700)
	at ActionRunners._updateContextKeys (/home/muadjomar/.vscode/extensions/eamodio.gitlens-15.4.0/dist/gitlens.js:1120:19640)
	at s (/home/muadjomar/.vscode/extensions/eamodio.gitlens-15.4.0/dist/gitlens.js:1120:18084)
	at RegisteredActionRunner.unregister (/home/muadjomar/.vscode/extensions/eamodio.gitlens-15.4.0/dist/gitlens.js:1120:18227)
	at RegisteredActionRunner.dispose (/home/muadjomar/.vscode/extensions/eamodio.gitlens-15.4.0/dist/gitlens.js:1120:16881)
	at ActionRunners.dispose (/home/muadjomar/.vscode/extensions/eamodio.gitlens-15.4.0/dist/gitlens.js:1120:17667)
	at /home/muadjomar/.vscode/extensions/eamodio.gitlens-15.4.0/dist/gitlens.js:1446:20188
	at Array.forEach (<anonymous>)
	at Object.dispose (/home/muadjomar/.vscode/extensions/eamodio.gitlens-15.4.0/dist/gitlens.js:1446:20170)
	at $ (/opt/visual-studio-code/resources/app/out/vs/workbench/api/node/extensionHostProcess.js:30:744)
	at /opt/visual-studio-code/resources/app/out/vs/workbench/api/node/extensionHostProcess.js:167:13607
	at /opt/visual-studio-code/resources/app/out/vs/workbench/api/node/extensionHostProcess.js:30:1112
	at Object.dispose (/opt/visual-studio-code/resources/app/out/vs/workbench/api/node/extensionHostProcess.js:11:11463)
	at m.eb (/opt/visual-studio-code/resources/app/out/vs/workbench/api/node/extensionHostProcess.js:167:10282)
	at /opt/visual-studio-code/resources/app/out/vs/workbench/api/node/extensionHostProcess.js:167:8153
	at Array.map (<anonymous>)
	at m.$ (/opt/visual-studio-code/resources/app/out/vs/workbench/api/node/extensionHostProcess.js:167:8140)
	at m.terminate (/opt/visual-studio-code/resources/app/out/vs/workbench/api/node/extensionHostProcess.js:167:8413)
	at $.terminate (/opt/visual-studio-code/resources/app/out/vs/workbench/api/node/extensionHostProcess.js:171:1513)
	at n (/opt/visual-studio-code/resources/app/out/vs/workbench/api/node/extensionHostProcess.js:184:10613)
	at MessagePortMain.<anonymous> (/opt/visual-studio-code/resources/app/out/vs/workbench/api/node/extensionHostProcess.js:184:6805)
	at MessagePortMain.emit (node:events:519:28)
	at MessagePortMain._internalPort.emit (node:electron/js2c/utility_init:2:2619) setContext undefined
2024-09-18 09:00:14.139 [error] Canceled: Canceled
	at new D (/opt/visual-studio-code/resources/app/out/vs/workbench/api/node/extensionHostProcess.js:151:35235)
	at y.U (/opt/visual-studio-code/resources/app/out/vs/workbench/api/node/extensionHostProcess.js:158:6005)
	at V.<computed>.F.charCodeAt.A.CharCode.DollarSign.V.<computed> (/opt/visual-studio-code/resources/app/out/vs/workbench/api/node/extensionHostProcess.js:158:3107)
	at h.g (/opt/visual-studio-code/resources/app/out/vs/workbench/api/node/extensionHostProcess.js:161:210015)
	at h.executeCommand (/opt/visual-studio-code/resources/app/out/vs/workbench/api/node/extensionHostProcess.js:161:209453)
	at C.registerCommand.description (/opt/visual-studio-code/resources/app/out/vs/workbench/api/node/extensionHostProcess.js:161:208777)
	at h (/opt/visual-studio-code/resources/app/out/vs/workbench/api/node/extensionHostProcess.js:161:210554)
	at h.g (/opt/visual-studio-code/resources/app/out/vs/workbench/api/node/extensionHostProcess.js:161:209546)
	at h.executeCommand (/opt/visual-studio-code/resources/app/out/vs/workbench/api/node/extensionHostProcess.js:161:209453)
	at Object.executeCommand (/opt/visual-studio-code/resources/app/out/vs/workbench/api/node/extensionHostProcess.js:171:30683)
	at w (/home/muadjomar/.vscode/extensions/eamodio.gitlens-15.4.0/dist/gitlens.js:1488:39641)
	at c (/home/muadjomar/.vscode/extensions/eamodio.gitlens-15.4.0/dist/gitlens.js:1488:44700)
	at ActionRunners._updateContextKeys (/home/muadjomar/.vscode/extensions/eamodio.gitlens-15.4.0/dist/gitlens.js:1120:19640)
	at s (/home/muadjomar/.vscode/extensions/eamodio.gitlens-15.4.0/dist/gitlens.js:1120:18084)
	at RegisteredActionRunner.unregister (/home/muadjomar/.vscode/extensions/eamodio.gitlens-15.4.0/dist/gitlens.js:1120:18227)
	at RegisteredActionRunner.dispose (/home/muadjomar/.vscode/extensions/eamodio.gitlens-15.4.0/dist/gitlens.js:1120:16881)
	at ActionRunners.dispose (/home/muadjomar/.vscode/extensions/eamodio.gitlens-15.4.0/dist/gitlens.js:1120:17667)
	at /home/muadjomar/.vscode/extensions/eamodio.gitlens-15.4.0/dist/gitlens.js:1446:20188
	at Array.forEach (<anonymous>)
	at Object.dispose (/home/muadjomar/.vscode/extensions/eamodio.gitlens-15.4.0/dist/gitlens.js:1446:20170)
	at $ (/opt/visual-studio-code/resources/app/out/vs/workbench/api/node/extensionHostProcess.js:30:744)
	at /opt/visual-studio-code/resources/app/out/vs/workbench/api/node/extensionHostProcess.js:167:13607
	at /opt/visual-studio-code/resources/app/out/vs/workbench/api/node/extensionHostProcess.js:30:1112
	at Object.dispose (/opt/visual-studio-code/resources/app/out/vs/workbench/api/node/extensionHostProcess.js:11:11463)
	at m.eb (/opt/visual-studio-code/resources/app/out/vs/workbench/api/node/extensionHostProcess.js:167:10282)
	at /opt/visual-studio-code/resources/app/out/vs/workbench/api/node/extensionHostProcess.js:167:8153
	at Array.map (<anonymous>)
	at m.$ (/opt/visual-studio-code/resources/app/out/vs/workbench/api/node/extensionHostProcess.js:167:8140)
	at m.terminate (/opt/visual-studio-code/resources/app/out/vs/workbench/api/node/extensionHostProcess.js:167:8413)
	at $.terminate (/opt/visual-studio-code/resources/app/out/vs/workbench/api/node/extensionHostProcess.js:171:1513)
	at n (/opt/visual-studio-code/resources/app/out/vs/workbench/api/node/extensionHostProcess.js:184:10613)
	at MessagePortMain.<anonymous> (/opt/visual-studio-code/resources/app/out/vs/workbench/api/node/extensionHostProcess.js:184:6805)
	at MessagePortMain.emit (node:events:519:28)
	at MessagePortMain._internalPort.emit (node:electron/js2c/utility_init:2:2619) setContext undefined
2024-09-18 09:00:14.142 [error] Canceled: Canceled
	at new D (/opt/visual-studio-code/resources/app/out/vs/workbench/api/node/extensionHostProcess.js:151:35235)
	at y.U (/opt/visual-studio-code/resources/app/out/vs/workbench/api/node/extensionHostProcess.js:158:6005)
	at V.<computed>.F.charCodeAt.A.CharCode.DollarSign.V.<computed> (/opt/visual-studio-code/resources/app/out/vs/workbench/api/node/extensionHostProcess.js:158:3107)
	at h.g (/opt/visual-studio-code/resources/app/out/vs/workbench/api/node/extensionHostProcess.js:161:210015)
	at h.executeCommand (/opt/visual-studio-code/resources/app/out/vs/workbench/api/node/extensionHostProcess.js:161:209453)
	at C.registerCommand.description (/opt/visual-studio-code/resources/app/out/vs/workbench/api/node/extensionHostProcess.js:161:208777)
	at h (/opt/visual-studio-code/resources/app/out/vs/workbench/api/node/extensionHostProcess.js:161:210554)
	at h.g (/opt/visual-studio-code/resources/app/out/vs/workbench/api/node/extensionHostProcess.js:161:209546)
	at h.executeCommand (/opt/visual-studio-code/resources/app/out/vs/workbench/api/node/extensionHostProcess.js:161:209453)
	at Object.executeCommand (/opt/visual-studio-code/resources/app/out/vs/workbench/api/node/extensionHostProcess.js:171:30683)
	at w (/home/muadjomar/.vscode/extensions/eamodio.gitlens-15.4.0/dist/gitlens.js:1488:39641)
	at c (/home/muadjomar/.vscode/extensions/eamodio.gitlens-15.4.0/dist/gitlens.js:1488:44700)
	at ActionRunners._updateContextKeys (/home/muadjomar/.vscode/extensions/eamodio.gitlens-15.4.0/dist/gitlens.js:1120:19640)
	at s (/home/muadjomar/.vscode/extensions/eamodio.gitlens-15.4.0/dist/gitlens.js:1120:18084)
	at RegisteredActionRunner.unregister (/home/muadjomar/.vscode/extensions/eamodio.gitlens-15.4.0/dist/gitlens.js:1120:18227)
	at RegisteredActionRunner.dispose (/home/muadjomar/.vscode/extensions/eamodio.gitlens-15.4.0/dist/gitlens.js:1120:16881)
	at ActionRunners.dispose (/home/muadjomar/.vscode/extensions/eamodio.gitlens-15.4.0/dist/gitlens.js:1120:17667)
	at /home/muadjomar/.vscode/extensions/eamodio.gitlens-15.4.0/dist/gitlens.js:1446:20188
	at Array.forEach (<anonymous>)
	at Object.dispose (/home/muadjomar/.vscode/extensions/eamodio.gitlens-15.4.0/dist/gitlens.js:1446:20170)
	at $ (/opt/visual-studio-code/resources/app/out/vs/workbench/api/node/extensionHostProcess.js:30:744)
	at /opt/visual-studio-code/resources/app/out/vs/workbench/api/node/extensionHostProcess.js:167:13607
	at /opt/visual-studio-code/resources/app/out/vs/workbench/api/node/extensionHostProcess.js:30:1112
	at Object.dispose (/opt/visual-studio-code/resources/app/out/vs/workbench/api/node/extensionHostProcess.js:11:11463)
	at m.eb (/opt/visual-studio-code/resources/app/out/vs/workbench/api/node/extensionHostProcess.js:167:10282)
	at /opt/visual-studio-code/resources/app/out/vs/workbench/api/node/extensionHostProcess.js:167:8153
	at Array.map (<anonymous>)
	at m.$ (/opt/visual-studio-code/resources/app/out/vs/workbench/api/node/extensionHostProcess.js:167:8140)
	at m.terminate (/opt/visual-studio-code/resources/app/out/vs/workbench/api/node/extensionHostProcess.js:167:8413)
	at $.terminate (/opt/visual-studio-code/resources/app/out/vs/workbench/api/node/extensionHostProcess.js:171:1513)
	at n (/opt/visual-studio-code/resources/app/out/vs/workbench/api/node/extensionHostProcess.js:184:10613)
	at MessagePortMain.<anonymous> (/opt/visual-studio-code/resources/app/out/vs/workbench/api/node/extensionHostProcess.js:184:6805)
	at MessagePortMain.emit (node:events:519:28)
	at MessagePortMain._internalPort.emit (node:electron/js2c/utility_init:2:2619) setContext undefined
2024-09-18 09:00:14.186 [info] Extension host with pid 13067 exiting with code 0
