2024-09-23 17:16:48.571 [info] Added views:workbench.panel.markers.view in workbench.panel.markers
2024-09-23 17:16:48.571 [info] Added views:workbench.panel.output in workbench.panel.output
2024-09-23 17:16:48.571 [info] Added views:terminal in terminal
2024-09-23 17:16:48.571 [info] Added views:outline in workbench.view.explorer
2024-09-23 17:16:48.571 [info] Added views:workbench.scm in workbench.view.scm
2024-09-23 17:16:48.571 [info] Added views:workbench.view.search in workbench.view.search
2024-09-23 17:16:48.571 [info] Added views:timeline in workbench.view.explorer
2024-09-23 17:16:48.571 [info] Added views:workbench.explorer.fileView in workbench.view.explorer
2024-09-23 17:16:49.295 [info] Added views:workbench.debug.variablesView,workbench.debug.watchExpressionsView,workbench.debug.callStackView,workbench.debug.breakPointsView in workbench.view.debug
2024-09-23 17:16:50.394 [info] Added views:projectsExplorerFavorites,projectManagerHelpAndFeedback in workbench.view.extension.project-manager
2024-09-23 17:16:50.396 [info] Added views:gitlens.views.home,gitlens.views.workspaces,gitlens.views.account in workbench.view.extension.gitlens
2024-09-23 17:16:50.397 [info] Added views:gitlens.views.commitDetails,gitlens.views.lineHistory,gitlens.views.fileHistory,gitlens.views.searchAndCompare in workbench.view.extension.gitlensInspect
2024-09-23 17:16:50.399 [info] Added views:gitlens.views.commits,gitlens.views.branches,gitlens.views.remotes,gitlens.views.stashes,gitlens.views.tags,gitlens.views.contributors in workbench.view.scm
2024-09-23 17:16:50.917 [info] Added views:workbench.panel.repl.view in workbench.panel.repl
2024-09-23 17:16:50.922 [info] Removed views:workbench.debug.breakPointsView,workbench.debug.callStackView,workbench.debug.watchExpressionsView,workbench.debug.variablesView from workbench.view.debug
2024-09-23 17:16:50.923 [info] Added views:workbench.debug.welcome in workbench.view.debug
2024-09-23 17:16:50.968 [info] Added views:~remote.forwardedPorts in ~remote.forwardedPortsContainer
2024-09-23 17:16:51.507 [info] Added views:projectsExplorerGit in workbench.view.extension.project-manager
2024-09-23 17:16:51.523 [info] Removed views:gitlens.views.workspaces from workbench.view.extension.gitlens
2024-09-23 17:16:51.629 [info] Removed views:gitlens.views.searchAndCompare,gitlens.views.fileHistory,gitlens.views.lineHistory,gitlens.views.commitDetails from workbench.view.extension.gitlensInspect
2024-09-23 17:16:51.630 [info] Removed views:gitlens.views.contributors,gitlens.views.tags,gitlens.views.stashes,gitlens.views.remotes,gitlens.views.branches,gitlens.views.commits from workbench.view.scm
2024-09-23 17:16:53.624 [info] Added views:gitlens.views.drafts,gitlens.views.workspaces in workbench.view.extension.gitlens
