2024-09-20 03:30:46.555 [info] [main] Log level: Info
2024-09-20 03:30:46.555 [info] [main] Validating found git in: "git"
2024-09-20 03:30:46.555 [info] [main] Using git "2.46.1" from "git"
2024-09-20 03:30:46.555 [info] [Model][doInitialScan] Initial repository scan started
2024-09-20 03:30:46.555 [info] > git rev-parse --show-toplevel [8ms]
2024-09-20 03:30:46.555 [info] fatal: not a git repository (or any parent up to mount point /)
Stopping at filesystem boundary (GIT_DISCOVERY_ACROSS_FILESYSTEM not set).
2024-09-20 03:30:46.560 [info] > git rev-parse --show-toplevel [6ms]
2024-09-20 03:30:46.561 [info] fatal: not a git repository (or any parent up to mount point /)
Stopping at filesystem boundary (GIT_DISCOVERY_ACROSS_FILESYSTEM not set).
2024-09-20 03:30:46.581 [info] > git rev-parse --show-toplevel [8ms]
2024-09-20 03:30:46.582 [info] fatal: not a git repository (or any parent up to mount point /)
Stopping at filesystem boundary (GIT_DISCOVERY_ACROSS_FILESYSTEM not set).
2024-09-20 03:30:46.593 [info] > git rev-parse --show-toplevel [3ms]
2024-09-20 03:30:46.593 [info] fatal: not a git repository (or any parent up to mount point /)
Stopping at filesystem boundary (GIT_DISCOVERY_ACROSS_FILESYSTEM not set).
2024-09-20 03:30:46.597 [info] [Model][doInitialScan] Initial repository scan completed - repositories (0), closed repositories (0), parent repositories (0), unsafe repositories (0)
2024-09-20 03:30:47.484 [info] > git rev-parse --show-toplevel [128ms]
2024-09-20 03:30:47.484 [info] fatal: not a git repository (or any parent up to mount point /)
Stopping at filesystem boundary (GIT_DISCOVERY_ACROSS_FILESYSTEM not set).
2024-09-20 03:30:48.379 [info] > git rev-parse --show-toplevel [12ms]
2024-09-20 03:30:48.379 [info] fatal: not a git repository (or any parent up to mount point /)
Stopping at filesystem boundary (GIT_DISCOVERY_ACROSS_FILESYSTEM not set).
2024-09-20 03:30:48.596 [info] > git rev-parse --show-toplevel [2ms]
2024-09-20 03:30:48.596 [info] fatal: not a git repository (or any parent up to mount point /)
Stopping at filesystem boundary (GIT_DISCOVERY_ACROSS_FILESYSTEM not set).
2024-09-20 03:30:49.813 [info] > git rev-parse --show-toplevel [8ms]
2024-09-20 03:30:49.813 [info] fatal: not a git repository (or any parent up to mount point /)
Stopping at filesystem boundary (GIT_DISCOVERY_ACROSS_FILESYSTEM not set).
2024-09-20 03:33:08.815 [info] > git rev-parse --show-toplevel [12ms]
2024-09-20 03:33:08.815 [info] fatal: not a git repository (or any parent up to mount point /)
Stopping at filesystem boundary (GIT_DISCOVERY_ACROSS_FILESYSTEM not set).
2024-09-20 03:33:09.573 [info] > git rev-parse --show-toplevel [7ms]
2024-09-20 03:33:09.573 [info] fatal: not a git repository (or any parent up to mount point /)
Stopping at filesystem boundary (GIT_DISCOVERY_ACROSS_FILESYSTEM not set).
2024-09-20 03:33:16.943 [info] [main] Log level: Info
2024-09-20 03:33:16.943 [info] [main] Validating found git in: "git"
2024-09-20 03:33:16.943 [info] [main] Using git "2.46.1" from "git"
2024-09-20 03:33:16.943 [info] [Model][doInitialScan] Initial repository scan started
2024-09-20 03:33:16.943 [info] > git rev-parse --show-toplevel [47ms]
2024-09-20 03:33:16.943 [info] fatal: not a git repository (or any parent up to mount point /)
Stopping at filesystem boundary (GIT_DISCOVERY_ACROSS_FILESYSTEM not set).
2024-09-20 03:33:17.014 [info] > git rev-parse --show-toplevel [10ms]
2024-09-20 03:33:17.015 [info] fatal: not a git repository (or any parent up to mount point /)
Stopping at filesystem boundary (GIT_DISCOVERY_ACROSS_FILESYSTEM not set).
2024-09-20 03:33:17.034 [info] > git rev-parse --show-toplevel [7ms]
2024-09-20 03:33:17.034 [info] fatal: not a git repository (or any parent up to mount point /)
Stopping at filesystem boundary (GIT_DISCOVERY_ACROSS_FILESYSTEM not set).
2024-09-20 03:33:17.037 [info] [Model][doInitialScan] Initial repository scan completed - repositories (0), closed repositories (0), parent repositories (0), unsafe repositories (0)
