2024-09-20 04:05:49.007 [info] Added views:workbench.panel.markers.view in workbench.panel.markers
2024-09-20 04:05:49.007 [info] Added views:workbench.panel.output in workbench.panel.output
2024-09-20 04:05:49.007 [info] Added views:terminal in terminal
2024-09-20 04:05:49.007 [info] Added views:outline in workbench.view.explorer
2024-09-20 04:05:49.007 [info] Added views:workbench.scm in workbench.view.scm
2024-09-20 04:05:49.007 [info] Added views:workbench.view.search in workbench.view.search
2024-09-20 04:05:49.007 [info] Added views:timeline in workbench.view.explorer
2024-09-20 04:05:49.007 [info] Added views:workbench.explorer.fileView in workbench.view.explorer
2024-09-20 04:05:51.112 [info] Added views:projectsExplorerFavorites,projectManagerHelpAndFeedback in workbench.view.extension.project-manager
2024-09-20 04:05:51.114 [info] Added views:gitlens.views.home,gitlens.views.workspaces,gitlens.views.account in workbench.view.extension.gitlens
2024-09-20 04:05:51.115 [info] Added views:gitlens.views.commitDetails,gitlens.views.lineHistory,gitlens.views.fileHistory,gitlens.views.searchAndCompare in workbench.view.extension.gitlensInspect
2024-09-20 04:05:51.117 [info] Added views:gitlens.views.commits,gitlens.views.branches,gitlens.views.remotes,gitlens.views.stashes,gitlens.views.tags,gitlens.views.contributors in workbench.view.scm
2024-09-20 04:05:51.297 [info] Added views:workbench.debug.welcome in workbench.view.debug
2024-09-20 04:05:51.539 [info] Added views:workbench.panel.repl.view in workbench.panel.repl
2024-09-20 04:05:52.227 [info] Added views:projectsExplorerGit in workbench.view.extension.project-manager
2024-09-20 04:05:52.312 [info] Removed views:gitlens.views.searchAndCompare,gitlens.views.fileHistory,gitlens.views.lineHistory,gitlens.views.commitDetails from workbench.view.extension.gitlensInspect
2024-09-20 04:05:52.312 [info] Removed views:gitlens.views.contributors,gitlens.views.tags,gitlens.views.stashes,gitlens.views.remotes,gitlens.views.branches,gitlens.views.commits from workbench.view.scm
2024-09-20 04:05:52.448 [info] Added views:gitlens.views.drafts in workbench.view.extension.gitlens
2024-09-20 04:05:52.721 [info] Added views:~remote.forwardedPorts in ~remote.forwardedPortsContainer
2024-09-20 04:05:52.822 [info] Added views:workbench.views.extensions.installed,extensions.recommendedList in workbench.view.extensions
2024-09-20 04:06:06.728 [info] Removed views:extensions.recommendedList,workbench.views.extensions.installed from workbench.view.extensions
2024-09-20 04:06:06.773 [info] Added views:workbench.views.extensions.marketplace in workbench.view.extensions
2024-09-20 04:06:06.953 [info] Removed views:workbench.views.extensions.marketplace from workbench.view.extensions
2024-09-20 04:06:06.971 [info] Added views:workbench.views.extensions.installed,extensions.recommendedList in workbench.view.extensions
2024-09-20 04:06:08.751 [info] Removed views:extensions.recommendedList,workbench.views.extensions.installed from workbench.view.extensions
2024-09-20 04:06:08.798 [info] Added views:workbench.views.extensions.marketplace in workbench.view.extensions
2024-09-20 04:06:13.162 [info] Removed views:workbench.views.extensions.marketplace from workbench.view.extensions
2024-09-20 04:06:13.207 [info] Added views:workbench.views.extensions.installed,extensions.recommendedList in workbench.view.extensions
2024-09-20 04:06:18.158 [info] Removed views:extensions.recommendedList,workbench.views.extensions.installed from workbench.view.extensions
2024-09-20 04:06:18.201 [info] Added views:workbench.views.extensions.marketplace in workbench.view.extensions
2024-09-20 04:06:19.743 [info] Removed views:workbench.views.extensions.marketplace from workbench.view.extensions
2024-09-20 04:06:19.766 [info] Added views:workbench.views.extensions.installed,extensions.recommendedList in workbench.view.extensions
2024-09-20 04:06:24.646 [info] Removed views:extensions.recommendedList,workbench.views.extensions.installed from workbench.view.extensions
2024-09-20 04:06:24.658 [info] Added views:workbench.views.extensions.marketplace in workbench.view.extensions
2024-09-20 04:06:58.200 [info] Added views:codechecker.views.overview,codechecker.views.notifications in workbench.view.extension.codechecker
2024-09-20 04:07:24.050 [info] Removed views:workbench.views.extensions.marketplace from workbench.view.extensions
2024-09-20 04:07:24.087 [info] Added views:workbench.views.extensions.installed,extensions.recommendedList in workbench.view.extensions
