2024-09-23 17:21:02.108 [info] Added views:workbench.panel.markers.view in workbench.panel.markers
2024-09-23 17:21:02.108 [info] Added views:workbench.panel.output in workbench.panel.output
2024-09-23 17:21:02.108 [info] Added views:terminal in terminal
2024-09-23 17:21:02.108 [info] Added views:outline in workbench.view.explorer
2024-09-23 17:21:02.108 [info] Added views:workbench.scm in workbench.view.scm
2024-09-23 17:21:02.108 [info] Added views:workbench.view.search in workbench.view.search
2024-09-23 17:21:02.108 [info] Added views:timeline in workbench.view.explorer
2024-09-23 17:21:02.108 [info] Added views:workbench.explorer.fileView in workbench.view.explorer
2024-09-23 17:21:02.882 [info] Added views:workbench.debug.variablesView,workbench.debug.watchExpressionsView,workbench.debug.callStackView,workbench.debug.breakPointsView in workbench.view.debug
2024-09-23 17:21:03.996 [info] Added views:projectsExplorerFavorites,projectManagerHelpAndFeedback in workbench.view.extension.project-manager
2024-09-23 17:21:03.998 [info] Added views:gitlens.views.home,gitlens.views.workspaces,gitlens.views.account in workbench.view.extension.gitlens
2024-09-23 17:21:03.999 [info] Added views:gitlens.views.commitDetails,gitlens.views.lineHistory,gitlens.views.fileHistory,gitlens.views.searchAndCompare in workbench.view.extension.gitlensInspect
2024-09-23 17:21:04.001 [info] Added views:gitlens.views.commits,gitlens.views.branches,gitlens.views.remotes,gitlens.views.stashes,gitlens.views.tags,gitlens.views.contributors in workbench.view.scm
2024-09-23 17:21:04.547 [info] Added views:workbench.panel.repl.view in workbench.panel.repl
2024-09-23 17:21:04.550 [info] Removed views:workbench.debug.breakPointsView,workbench.debug.callStackView,workbench.debug.watchExpressionsView,workbench.debug.variablesView from workbench.view.debug
2024-09-23 17:21:04.551 [info] Added views:workbench.debug.welcome in workbench.view.debug
2024-09-23 17:21:04.683 [info] Added views:~remote.forwardedPorts in ~remote.forwardedPortsContainer
2024-09-23 17:21:05.531 [info] Added views:projectsExplorerGit in workbench.view.extension.project-manager
2024-09-23 17:21:05.647 [info] Removed views:gitlens.views.searchAndCompare,gitlens.views.fileHistory,gitlens.views.lineHistory,gitlens.views.commitDetails from workbench.view.extension.gitlensInspect
2024-09-23 17:21:05.647 [info] Removed views:gitlens.views.contributors,gitlens.views.tags,gitlens.views.stashes,gitlens.views.remotes,gitlens.views.branches,gitlens.views.commits from workbench.view.scm
2024-09-23 17:21:05.792 [info] Added views:gitlens.views.drafts in workbench.view.extension.gitlens
