2024-09-20 04:05:51.901 [info] [main] Log level: Info
2024-09-20 04:05:51.901 [info] [main] Validating found git in: "git"
2024-09-20 04:05:51.901 [info] [main] Using git "2.46.1" from "git"
2024-09-20 04:05:51.901 [info] [Model][doInitialScan] Initial repository scan started
2024-09-20 04:05:51.901 [info] > git rev-parse --show-toplevel [18ms]
2024-09-20 04:05:51.901 [info] fatal: not a git repository (or any parent up to mount point /)
Stopping at filesystem boundary (GIT_DISCOVERY_ACROSS_FILESYSTEM not set).
2024-09-20 04:05:51.903 [info] > git rev-parse --show-toplevel [3ms]
2024-09-20 04:05:51.903 [info] fatal: not a git repository (or any parent up to mount point /)
Stopping at filesystem boundary (GIT_DISCOVERY_ACROSS_FILESYSTEM not set).
2024-09-20 04:05:51.912 [info] > git rev-parse --show-toplevel [3ms]
2024-09-20 04:05:51.912 [info] fatal: not a git repository (or any parent up to mount point /)
Stopping at filesystem boundary (GIT_DISCOVERY_ACROSS_FILESYSTEM not set).
2024-09-20 04:05:51.913 [info] [Model][doInitialScan] Initial repository scan completed - repositories (0), closed repositories (0), parent repositories (0), unsafe repositories (0)
2024-09-20 04:05:52.474 [info] > git rev-parse --show-toplevel [98ms]
2024-09-20 04:05:52.474 [info] fatal: not a git repository (or any parent up to mount point /)
Stopping at filesystem boundary (GIT_DISCOVERY_ACROSS_FILESYSTEM not set).
2024-09-20 04:05:53.740 [info] > git rev-parse --show-toplevel [3ms]
2024-09-20 04:05:53.740 [info] fatal: not a git repository (or any parent up to mount point /)
Stopping at filesystem boundary (GIT_DISCOVERY_ACROSS_FILESYSTEM not set).
2024-09-20 04:06:58.180 [info] > git rev-parse --show-toplevel [6ms]
2024-09-20 04:06:58.180 [info] fatal: not a git repository (or any parent up to mount point /)
Stopping at filesystem boundary (GIT_DISCOVERY_ACROSS_FILESYSTEM not set).
2024-09-20 04:06:58.492 [info] > git rev-parse --show-toplevel [42ms]
2024-09-20 04:06:58.492 [info] fatal: not a git repository (or any parent up to mount point /)
Stopping at filesystem boundary (GIT_DISCOVERY_ACROSS_FILESYSTEM not set).
