2024-09-18 09:10:34.487 [info] [main] Log level: Info
2024-09-18 09:10:34.487 [info] [main] Validating found git in: "git"
2024-09-18 09:10:34.487 [info] [main] Using git "2.46.1" from "git"
2024-09-18 09:10:34.487 [info] [Model][doInitialScan] Initial repository scan started
2024-09-18 09:10:34.487 [info] > git rev-parse --show-toplevel [12ms]
2024-09-18 09:10:34.487 [info] fatal: not a git repository (or any parent up to mount point /)
Stopping at filesystem boundary (GIT_DISCOVERY_ACROSS_FILESYSTEM not set).
2024-09-18 09:10:34.487 [info] > git rev-parse --show-toplevel [6ms]
2024-09-18 09:10:34.487 [info] fatal: not a git repository (or any parent up to mount point /)
Stopping at filesystem boundary (GIT_DISCOVERY_ACROSS_FILESYSTEM not set).
2024-09-18 09:10:34.487 [info] > git rev-parse --show-toplevel [12ms]
2024-09-18 09:10:34.487 [info] fatal: not a git repository (or any parent up to mount point /)
Stopping at filesystem boundary (GIT_DISCOVERY_ACROSS_FILESYSTEM not set).
2024-09-18 09:10:34.494 [info] > git rev-parse --show-toplevel [14ms]
2024-09-18 09:10:34.494 [info] fatal: not a git repository (or any parent up to mount point /)
Stopping at filesystem boundary (GIT_DISCOVERY_ACROSS_FILESYSTEM not set).
2024-09-18 09:10:34.497 [info] [Model][doInitialScan] Initial repository scan completed - repositories (0), closed repositories (0), parent repositories (0), unsafe repositories (0)
2024-09-18 09:10:35.898 [info] > git rev-parse --show-toplevel [14ms]
2024-09-18 09:10:35.898 [info] fatal: not a git repository (or any parent up to mount point /)
Stopping at filesystem boundary (GIT_DISCOVERY_ACROSS_FILESYSTEM not set).
2024-09-18 09:10:36.201 [info] > git rev-parse --show-toplevel [2ms]
2024-09-18 09:10:36.201 [info] fatal: not a git repository (or any parent up to mount point /)
Stopping at filesystem boundary (GIT_DISCOVERY_ACROSS_FILESYSTEM not set).
2024-09-18 09:10:36.441 [info] > git rev-parse --show-toplevel [1ms]
2024-09-18 09:10:36.441 [info] fatal: not a git repository (or any parent up to mount point /)
Stopping at filesystem boundary (GIT_DISCOVERY_ACROSS_FILESYSTEM not set).
2024-09-18 09:10:36.873 [info] > git rev-parse --show-toplevel [15ms]
2024-09-18 09:10:36.874 [info] fatal: not a git repository (or any parent up to mount point /)
Stopping at filesystem boundary (GIT_DISCOVERY_ACROSS_FILESYSTEM not set).
