2024-09-18 12:26:15.831 [error] electron #1: https://az764295.vo.msecnd.net/extensions/marketplace.json - error GET net::ERR_INTERNET_DISCONNECTED
2024-09-18 12:26:17.425 [error] electron #2: https://update.code.visualstudio.com/api/update/linux-x64/stable/38c31bc77e0dd6ae88a4e9cc93428cc27a56ba40 - error undefined net::ERR_INTERNET_DISCONNECTED
2024-09-18 12:26:17.786 [error] electron #3: https://mobile.events.data.microsoft.com/OneCollector/1.0?cors=true&content-type=application/x-json-stream - error POST net::ERR_INTERNET_DISCONNECTED
2024-09-18 12:26:19.801 [error] electron #4: https://mobile.events.data.microsoft.com/OneCollector/1.0?cors=true&content-type=application/x-json-stream - error POST net::ERR_INTERNET_DISCONNECTED
2024-09-18 12:26:20.354 [error] electron #5: https://mobile.events.data.microsoft.com/OneCollector/1.0?cors=true&content-type=application/x-json-stream - error POST net::ERR_INTERNET_DISCONNECTED
2024-09-18 12:26:20.561 [error] electron #6: https://vscode-sync.trafficmanager.net/v1/manifest - error GET net::ERR_INTERNET_DISCONNECTED
2024-09-18 12:26:21.100 [error] electron #7: https://update.code.visualstudio.com/api/update/linux-x64/stable/38c31bc77e0dd6ae88a4e9cc93428cc27a56ba40 - error undefined net::ERR_INTERNET_DISCONNECTED
2024-09-18 12:26:22.359 [error] electron #8: https://mobile.events.data.microsoft.com/OneCollector/1.0?cors=true&content-type=application/x-json-stream - error POST net::ERR_INTERNET_DISCONNECTED
2024-09-18 12:26:34.514 [error] electron #9: https://mobile.events.data.microsoft.com/OneCollector/1.0?cors=true&content-type=application/x-json-stream - error POST net::ERR_INTERNET_DISCONNECTED
2024-09-18 12:26:34.634 [error] electron #10: https://vscode-sync.trafficmanager.net/v1/manifest - error GET net::ERR_INTERNET_DISCONNECTED
2024-09-18 12:26:37.704 [error] electron #11: https://mobile.events.data.microsoft.com/OneCollector/1.0?cors=true&content-type=application/x-json-stream - error POST net::ERR_INTERNET_DISCONNECTED
2024-09-18 12:26:42.240 [error] electron #12: https://update.code.visualstudio.com/api/update/linux-x64/stable/38c31bc77e0dd6ae88a4e9cc93428cc27a56ba40 - error undefined net::ERR_INTERNET_DISCONNECTED
2024-09-18 12:27:03.962 [error] electron #13: https://mobile.events.data.microsoft.com/OneCollector/1.0?cors=true&content-type=application/x-json-stream - error POST net::ERR_INTERNET_DISCONNECTED
2024-09-18 12:27:06.885 [error] electron #14: https://mobile.events.data.microsoft.com/OneCollector/1.0?cors=true&content-type=application/x-json-stream - error POST net::ERR_INTERNET_DISCONNECTED
2024-09-18 12:27:22.168 [error] electron #15: https://marketplace.visualstudio.com/_apis/public/gallery/publishers/FallenMax/extensions/mithril-emmet/0.7.7/stats?statType=uninstall - error POST net::ERR_INTERNET_DISCONNECTED
2024-09-18 12:28:04.803 [error] electron #16: https://mobile.events.data.microsoft.com/OneCollector/1.0?cors=true&content-type=application/x-json-stream - error POST net::ERR_INTERNET_DISCONNECTED
2024-09-18 12:28:08.269 [error] electron #17: https://mobile.events.data.microsoft.com/OneCollector/1.0?cors=true&content-type=application/x-json-stream - error POST net::ERR_INTERNET_DISCONNECTED
2024-09-18 12:31:21.284 [error] electron #18: https://az764295.vo.msecnd.net/extensions/marketplace.json - error GET net::ERR_INTERNET_DISCONNECTED
2024-09-18 12:31:34.678 [error] electron #19: https://vscode-sync.trafficmanager.net/v1/manifest - error GET net::ERR_INTERNET_DISCONNECTED
2024-09-18 12:32:23.154 [error] electron #20: https://mobile.events.data.microsoft.com/OneCollector/1.0?cors=true&content-type=application/x-json-stream - error POST net::ERR_INTERNET_DISCONNECTED
2024-09-18 12:32:26.757 [error] electron #21: https://mobile.events.data.microsoft.com/OneCollector/1.0?cors=true&content-type=application/x-json-stream - error POST net::ERR_INTERNET_DISCONNECTED
2024-09-18 12:36:21.556 [error] electron #22: https://az764295.vo.msecnd.net/extensions/marketplace.json - error GET net::ERR_INTERNET_DISCONNECTED
2024-09-18 12:36:34.715 [error] electron #23: https://vscode-sync.trafficmanager.net/v1/manifest - error GET net::ERR_INTERNET_DISCONNECTED
2024-09-18 12:37:22.336 [error] electron #24: https://mobile.events.data.microsoft.com/OneCollector/1.0?cors=true&content-type=application/x-json-stream - error POST net::ERR_INTERNET_DISCONNECTED
2024-09-18 12:37:25.605 [error] electron #25: https://mobile.events.data.microsoft.com/OneCollector/1.0?cors=true&content-type=application/x-json-stream - error POST net::ERR_INTERNET_DISCONNECTED
2024-09-18 12:41:21.751 [error] electron #26: https://az764295.vo.msecnd.net/extensions/marketplace.json - error GET net::ERR_INTERNET_DISCONNECTED
2024-09-18 12:41:34.750 [error] electron #27: https://vscode-sync.trafficmanager.net/v1/manifest - error GET net::ERR_INTERNET_DISCONNECTED
2024-09-18 12:42:28.256 [error] electron #28: https://mobile.events.data.microsoft.com/OneCollector/1.0?cors=true&content-type=application/x-json-stream - error POST net::ERR_INTERNET_DISCONNECTED
2024-09-18 12:42:31.289 [error] electron #29: https://mobile.events.data.microsoft.com/OneCollector/1.0?cors=true&content-type=application/x-json-stream - error POST net::ERR_INTERNET_DISCONNECTED
2024-09-18 12:46:22.049 [error] electron #30: https://az764295.vo.msecnd.net/extensions/marketplace.json - error GET net::ERR_INTERNET_DISCONNECTED
2024-09-18 12:46:34.781 [error] electron #31: https://vscode-sync.trafficmanager.net/v1/manifest - error GET net::ERR_INTERNET_DISCONNECTED
2024-09-18 12:47:24.879 [error] electron #32: https://mobile.events.data.microsoft.com/OneCollector/1.0?cors=true&content-type=application/x-json-stream - error POST net::ERR_INTERNET_DISCONNECTED
2024-09-18 12:47:28.227 [error] electron #33: https://mobile.events.data.microsoft.com/OneCollector/1.0?cors=true&content-type=application/x-json-stream - error POST net::ERR_INTERNET_DISCONNECTED
2024-09-18 12:51:22.201 [error] electron #34: https://az764295.vo.msecnd.net/extensions/marketplace.json - error GET net::ERR_INTERNET_DISCONNECTED
2024-09-18 12:51:34.821 [error] electron #35: https://vscode-sync.trafficmanager.net/v1/manifest - error GET net::ERR_INTERNET_DISCONNECTED
2024-09-18 12:52:18.637 [error] electron #36: https://mobile.events.data.microsoft.com/OneCollector/1.0?cors=true&content-type=application/x-json-stream - error POST net::ERR_INTERNET_DISCONNECTED
2024-09-18 12:52:22.138 [error] electron #37: https://mobile.events.data.microsoft.com/OneCollector/1.0?cors=true&content-type=application/x-json-stream - error POST net::ERR_INTERNET_DISCONNECTED
2024-09-18 12:56:22.361 [error] electron #38: https://az764295.vo.msecnd.net/extensions/marketplace.json - error GET net::ERR_INTERNET_DISCONNECTED
2024-09-18 12:56:34.858 [error] electron #39: https://vscode-sync.trafficmanager.net/v1/manifest - error GET net::ERR_INTERNET_DISCONNECTED
2024-09-18 12:57:21.168 [error] electron #40: https://mobile.events.data.microsoft.com/OneCollector/1.0?cors=true&content-type=application/x-json-stream - error POST net::ERR_INTERNET_DISCONNECTED
2024-09-18 12:57:24.747 [error] electron #41: https://mobile.events.data.microsoft.com/OneCollector/1.0?cors=true&content-type=application/x-json-stream - error POST net::ERR_INTERNET_DISCONNECTED
2024-09-18 13:01:16.586 [error] electron #42: https://vscode-sync.trafficmanager.net/v1/manifest - error GET net::ERR_INTERNET_DISCONNECTED
2024-09-18 13:01:22.563 [error] electron #43: https://az764295.vo.msecnd.net/extensions/marketplace.json - error GET net::ERR_INTERNET_DISCONNECTED
2024-09-18 13:01:57.882 [error] electron #44: https://mobile.events.data.microsoft.com/OneCollector/1.0?cors=true&content-type=application/x-json-stream - error POST net::ERR_INTERNET_DISCONNECTED
2024-09-18 13:02:01.142 [error] electron #45: https://mobile.events.data.microsoft.com/OneCollector/1.0?cors=true&content-type=application/x-json-stream - error POST net::ERR_INTERNET_DISCONNECTED
2024-09-18 13:06:16.654 [error] electron #46: https://vscode-sync.trafficmanager.net/v1/manifest - error GET net::ERR_INTERNET_DISCONNECTED
2024-09-18 13:06:22.781 [error] electron #47: https://az764295.vo.msecnd.net/extensions/marketplace.json - error GET net::ERR_INTERNET_DISCONNECTED
2024-09-18 13:07:04.366 [error] electron #48: https://mobile.events.data.microsoft.com/OneCollector/1.0?cors=true&content-type=application/x-json-stream - error POST net::ERR_INTERNET_DISCONNECTED
2024-09-18 13:07:07.899 [error] electron #49: https://mobile.events.data.microsoft.com/OneCollector/1.0?cors=true&content-type=application/x-json-stream - error POST net::ERR_INTERNET_DISCONNECTED
2024-09-18 13:11:16.732 [error] electron #50: https://vscode-sync.trafficmanager.net/v1/manifest - error GET net::ERR_INTERNET_DISCONNECTED
2024-09-18 13:11:23.110 [error] electron #51: https://az764295.vo.msecnd.net/extensions/marketplace.json - error GET net::ERR_INTERNET_DISCONNECTED
2024-09-18 13:12:04.955 [error] electron #52: https://mobile.events.data.microsoft.com/OneCollector/1.0?cors=true&content-type=application/x-json-stream - error POST net::ERR_INTERNET_DISCONNECTED
2024-09-18 13:12:07.660 [error] electron #53: https://mobile.events.data.microsoft.com/OneCollector/1.0?cors=true&content-type=application/x-json-stream - error POST net::ERR_INTERNET_DISCONNECTED
2024-09-18 13:16:16.792 [error] electron #54: https://vscode-sync.trafficmanager.net/v1/manifest - error GET net::ERR_INTERNET_DISCONNECTED
2024-09-18 13:16:23.354 [error] electron #55: https://az764295.vo.msecnd.net/extensions/marketplace.json - error GET net::ERR_INTERNET_DISCONNECTED
2024-09-18 13:17:10.677 [error] electron #56: https://mobile.events.data.microsoft.com/OneCollector/1.0?cors=true&content-type=application/x-json-stream - error POST net::ERR_INTERNET_DISCONNECTED
2024-09-18 13:17:13.601 [error] electron #57: https://mobile.events.data.microsoft.com/OneCollector/1.0?cors=true&content-type=application/x-json-stream - error POST net::ERR_INTERNET_DISCONNECTED
2024-09-18 13:21:16.881 [error] electron #58: https://vscode-sync.trafficmanager.net/v1/manifest - error GET net::ERR_INTERNET_DISCONNECTED
2024-09-18 13:21:23.643 [error] electron #59: https://az764295.vo.msecnd.net/extensions/marketplace.json - error GET net::ERR_INTERNET_DISCONNECTED
2024-09-18 13:22:04.248 [error] electron #60: https://mobile.events.data.microsoft.com/OneCollector/1.0?cors=true&content-type=application/x-json-stream - error POST net::ERR_INTERNET_DISCONNECTED
2024-09-18 13:22:07.099 [error] electron #61: https://mobile.events.data.microsoft.com/OneCollector/1.0?cors=true&content-type=application/x-json-stream - error POST net::ERR_INTERNET_DISCONNECTED
2024-09-18 13:26:16.931 [error] electron #62: https://vscode-sync.trafficmanager.net/v1/manifest - error GET net::ERR_INTERNET_DISCONNECTED
2024-09-18 13:26:23.810 [error] electron #63: https://az764295.vo.msecnd.net/extensions/marketplace.json - error GET net::ERR_INTERNET_DISCONNECTED
2024-09-18 13:26:42.263 [error] electron #64: https://update.code.visualstudio.com/api/update/linux-x64/stable/38c31bc77e0dd6ae88a4e9cc93428cc27a56ba40 - error undefined net::ERR_INTERNET_DISCONNECTED
2024-09-18 13:27:03.876 [error] electron #65: https://mobile.events.data.microsoft.com/OneCollector/1.0?cors=true&content-type=application/x-json-stream - error POST net::ERR_INTERNET_DISCONNECTED
2024-09-18 13:27:07.315 [error] electron #66: https://mobile.events.data.microsoft.com/OneCollector/1.0?cors=true&content-type=application/x-json-stream - error POST net::ERR_INTERNET_DISCONNECTED
2024-09-18 13:31:17.011 [error] electron #67: https://vscode-sync.trafficmanager.net/v1/manifest - error GET net::ERR_INTERNET_DISCONNECTED
2024-09-18 13:31:24.102 [error] electron #68: https://az764295.vo.msecnd.net/extensions/marketplace.json - error GET net::ERR_INTERNET_DISCONNECTED
2024-09-18 13:32:08.626 [error] electron #69: https://mobile.events.data.microsoft.com/OneCollector/1.0?cors=true&content-type=application/x-json-stream - error POST net::ERR_INTERNET_DISCONNECTED
2024-09-18 13:32:11.329 [error] electron #70: https://mobile.events.data.microsoft.com/OneCollector/1.0?cors=true&content-type=application/x-json-stream - error POST net::ERR_INTERNET_DISCONNECTED
2024-09-18 13:36:17.097 [error] electron #71: https://vscode-sync.trafficmanager.net/v1/manifest - error GET net::ERR_INTERNET_DISCONNECTED
2024-09-18 13:36:24.305 [error] electron #72: https://az764295.vo.msecnd.net/extensions/marketplace.json - error GET net::ERR_INTERNET_DISCONNECTED
2024-09-18 13:37:05.391 [error] electron #73: https://mobile.events.data.microsoft.com/OneCollector/1.0?cors=true&content-type=application/x-json-stream - error POST net::ERR_INTERNET_DISCONNECTED
2024-09-18 13:37:08.856 [error] electron #74: https://mobile.events.data.microsoft.com/OneCollector/1.0?cors=true&content-type=application/x-json-stream - error POST net::ERR_INTERNET_DISCONNECTED
2024-09-18 13:41:17.156 [error] electron #75: https://vscode-sync.trafficmanager.net/v1/manifest - error GET net::ERR_INTERNET_DISCONNECTED
2024-09-18 13:41:24.591 [error] electron #76: https://az764295.vo.msecnd.net/extensions/marketplace.json - error GET net::ERR_INTERNET_DISCONNECTED
2024-09-18 13:42:09.689 [error] electron #77: https://mobile.events.data.microsoft.com/OneCollector/1.0?cors=true&content-type=application/x-json-stream - error POST net::ERR_INTERNET_DISCONNECTED
2024-09-18 13:42:12.981 [error] electron #78: https://mobile.events.data.microsoft.com/OneCollector/1.0?cors=true&content-type=application/x-json-stream - error POST net::ERR_INTERNET_DISCONNECTED
2024-09-18 13:46:17.233 [error] electron #79: https://vscode-sync.trafficmanager.net/v1/manifest - error GET net::ERR_INTERNET_DISCONNECTED
2024-09-18 13:46:24.839 [error] electron #80: https://az764295.vo.msecnd.net/extensions/marketplace.json - error GET net::ERR_INTERNET_DISCONNECTED
2024-09-18 13:47:00.099 [error] electron #81: https://mobile.events.data.microsoft.com/OneCollector/1.0?cors=true&content-type=application/x-json-stream - error POST net::ERR_INTERNET_DISCONNECTED
2024-09-18 13:47:03.360 [error] electron #82: https://mobile.events.data.microsoft.com/OneCollector/1.0?cors=true&content-type=application/x-json-stream - error POST net::ERR_INTERNET_DISCONNECTED
2024-09-18 13:51:17.315 [error] electron #83: https://vscode-sync.trafficmanager.net/v1/manifest - error GET net::ERR_INTERNET_DISCONNECTED
2024-09-18 13:51:25.019 [error] electron #84: https://az764295.vo.msecnd.net/extensions/marketplace.json - error GET net::ERR_INTERNET_DISCONNECTED
2024-09-18 13:52:06.741 [error] electron #85: https://mobile.events.data.microsoft.com/OneCollector/1.0?cors=true&content-type=application/x-json-stream - error POST net::ERR_INTERNET_DISCONNECTED
2024-09-18 13:52:09.240 [error] electron #86: https://mobile.events.data.microsoft.com/OneCollector/1.0?cors=true&content-type=application/x-json-stream - error POST net::ERR_INTERNET_DISCONNECTED
2024-09-18 13:56:17.364 [error] electron #87: https://vscode-sync.trafficmanager.net/v1/manifest - error GET net::ERR_INTERNET_DISCONNECTED
2024-09-18 13:56:25.212 [error] electron #88: https://az764295.vo.msecnd.net/extensions/marketplace.json - error GET net::ERR_INTERNET_DISCONNECTED
2024-09-18 13:57:03.207 [error] electron #89: https://mobile.events.data.microsoft.com/OneCollector/1.0?cors=true&content-type=application/x-json-stream - error POST net::ERR_INTERNET_DISCONNECTED
2024-09-18 13:57:06.259 [error] electron #90: https://mobile.events.data.microsoft.com/OneCollector/1.0?cors=true&content-type=application/x-json-stream - error POST net::ERR_INTERNET_DISCONNECTED
2024-09-18 14:01:17.420 [error] electron #91: https://vscode-sync.trafficmanager.net/v1/manifest - error GET net::ERR_INTERNET_DISCONNECTED
2024-09-18 14:01:25.444 [error] electron #92: https://az764295.vo.msecnd.net/extensions/marketplace.json - error GET net::ERR_INTERNET_DISCONNECTED
2024-09-18 14:02:04.613 [error] electron #93: https://mobile.events.data.microsoft.com/OneCollector/1.0?cors=true&content-type=application/x-json-stream - error POST net::ERR_INTERNET_DISCONNECTED
2024-09-18 14:02:07.041 [error] electron #94: https://mobile.events.data.microsoft.com/OneCollector/1.0?cors=true&content-type=application/x-json-stream - error POST net::ERR_INTERNET_DISCONNECTED
2024-09-18 14:06:17.500 [error] electron #95: https://vscode-sync.trafficmanager.net/v1/manifest - error GET net::ERR_INTERNET_DISCONNECTED
2024-09-18 14:06:25.618 [error] electron #96: https://az764295.vo.msecnd.net/extensions/marketplace.json - error GET net::ERR_INTERNET_DISCONNECTED
2024-09-18 14:07:07.793 [error] electron #97: https://mobile.events.data.microsoft.com/OneCollector/1.0?cors=true&content-type=application/x-json-stream - error POST net::ERR_INTERNET_DISCONNECTED
2024-09-18 14:07:11.172 [error] electron #98: https://mobile.events.data.microsoft.com/OneCollector/1.0?cors=true&content-type=application/x-json-stream - error POST net::ERR_INTERNET_DISCONNECTED
2024-09-18 14:11:17.582 [error] electron #99: https://vscode-sync.trafficmanager.net/v1/manifest - error GET net::ERR_INTERNET_DISCONNECTED
2024-09-18 14:11:25.931 [error] electron #100: https://az764295.vo.msecnd.net/extensions/marketplace.json - error GET net::ERR_INTERNET_DISCONNECTED
2024-09-18 14:12:03.888 [error] electron #101: https://mobile.events.data.microsoft.com/OneCollector/1.0?cors=true&content-type=application/x-json-stream - error POST net::ERR_INTERNET_DISCONNECTED
2024-09-18 14:12:07.343 [error] electron #102: https://mobile.events.data.microsoft.com/OneCollector/1.0?cors=true&content-type=application/x-json-stream - error POST net::ERR_INTERNET_DISCONNECTED
2024-09-18 14:16:17.642 [error] electron #103: https://vscode-sync.trafficmanager.net/v1/manifest - error GET net::ERR_INTERNET_DISCONNECTED
2024-09-18 14:16:26.079 [error] electron #104: https://az764295.vo.msecnd.net/extensions/marketplace.json - error GET net::ERR_INTERNET_DISCONNECTED
2024-09-18 14:17:01.716 [error] electron #105: https://mobile.events.data.microsoft.com/OneCollector/1.0?cors=true&content-type=application/x-json-stream - error POST net::ERR_INTERNET_DISCONNECTED
2024-09-18 14:17:04.392 [error] electron #106: https://mobile.events.data.microsoft.com/OneCollector/1.0?cors=true&content-type=application/x-json-stream - error POST net::ERR_INTERNET_DISCONNECTED
2024-09-18 14:21:17.711 [error] electron #107: https://vscode-sync.trafficmanager.net/v1/manifest - error GET net::ERR_INTERNET_DISCONNECTED
2024-09-18 14:21:26.304 [error] electron #108: https://az764295.vo.msecnd.net/extensions/marketplace.json - error GET net::ERR_INTERNET_DISCONNECTED
2024-09-18 14:22:04.201 [error] electron #109: https://mobile.events.data.microsoft.com/OneCollector/1.0?cors=true&content-type=application/x-json-stream - error POST net::ERR_INTERNET_DISCONNECTED
2024-09-18 14:22:06.767 [error] electron #110: https://mobile.events.data.microsoft.com/OneCollector/1.0?cors=true&content-type=application/x-json-stream - error POST net::ERR_INTERNET_DISCONNECTED
2024-09-18 14:26:17.795 [error] electron #111: https://vscode-sync.trafficmanager.net/v1/manifest - error GET net::ERR_INTERNET_DISCONNECTED
2024-09-18 14:26:26.495 [error] electron #112: https://az764295.vo.msecnd.net/extensions/marketplace.json - error GET net::ERR_INTERNET_DISCONNECTED
2024-09-18 14:26:42.286 [error] electron #113: https://update.code.visualstudio.com/api/update/linux-x64/stable/38c31bc77e0dd6ae88a4e9cc93428cc27a56ba40 - error undefined net::ERR_INTERNET_DISCONNECTED
2024-09-18 14:27:03.832 [error] electron #114: https://mobile.events.data.microsoft.com/OneCollector/1.0?cors=true&content-type=application/x-json-stream - error POST net::ERR_INTERNET_DISCONNECTED
2024-09-18 14:27:06.521 [error] electron #115: https://mobile.events.data.microsoft.com/OneCollector/1.0?cors=true&content-type=application/x-json-stream - error POST net::ERR_INTERNET_DISCONNECTED
2024-09-18 14:31:17.869 [error] electron #116: https://vscode-sync.trafficmanager.net/v1/manifest - error GET net::ERR_INTERNET_DISCONNECTED
2024-09-18 14:31:26.799 [error] electron #117: https://az764295.vo.msecnd.net/extensions/marketplace.json - error GET net::ERR_INTERNET_DISCONNECTED
2024-09-18 14:32:10.628 [error] electron #118: https://mobile.events.data.microsoft.com/OneCollector/1.0?cors=true&content-type=application/x-json-stream - error POST net::ERR_INTERNET_DISCONNECTED
2024-09-18 14:32:13.755 [error] electron #119: https://mobile.events.data.microsoft.com/OneCollector/1.0?cors=true&content-type=application/x-json-stream - error POST net::ERR_INTERNET_DISCONNECTED
2024-09-18 14:36:17.950 [error] electron #120: https://vscode-sync.trafficmanager.net/v1/manifest - error GET net::ERR_INTERNET_DISCONNECTED
2024-09-18 14:36:27.086 [error] electron #121: https://az764295.vo.msecnd.net/extensions/marketplace.json - error GET net::ERR_INTERNET_DISCONNECTED
2024-09-18 14:37:11.954 [error] electron #122: https://mobile.events.data.microsoft.com/OneCollector/1.0?cors=true&content-type=application/x-json-stream - error POST net::ERR_INTERNET_DISCONNECTED
2024-09-18 14:37:14.703 [error] electron #123: https://mobile.events.data.microsoft.com/OneCollector/1.0?cors=true&content-type=application/x-json-stream - error POST net::ERR_INTERNET_DISCONNECTED
2024-09-18 14:41:17.970 [error] electron #124: https://vscode-sync.trafficmanager.net/v1/manifest - error GET net::ERR_INTERNET_DISCONNECTED
2024-09-18 14:41:27.374 [error] electron #125: https://az764295.vo.msecnd.net/extensions/marketplace.json - error GET net::ERR_INTERNET_DISCONNECTED
2024-09-18 14:42:06.328 [error] electron #126: https://mobile.events.data.microsoft.com/OneCollector/1.0?cors=true&content-type=application/x-json-stream - error POST net::ERR_INTERNET_DISCONNECTED
2024-09-18 14:42:09.690 [error] electron #127: https://mobile.events.data.microsoft.com/OneCollector/1.0?cors=true&content-type=application/x-json-stream - error POST net::ERR_INTERNET_DISCONNECTED
2024-09-18 14:46:18.014 [error] electron #128: https://vscode-sync.trafficmanager.net/v1/manifest - error GET net::ERR_INTERNET_DISCONNECTED
2024-09-18 14:46:27.581 [error] electron #129: https://az764295.vo.msecnd.net/extensions/marketplace.json - error GET net::ERR_INTERNET_DISCONNECTED
2024-09-18 14:47:05.550 [error] electron #130: https://mobile.events.data.microsoft.com/OneCollector/1.0?cors=true&content-type=application/x-json-stream - error POST net::ERR_INTERNET_DISCONNECTED
2024-09-18 14:47:08.410 [error] electron #131: https://mobile.events.data.microsoft.com/OneCollector/1.0?cors=true&content-type=application/x-json-stream - error POST net::ERR_INTERNET_DISCONNECTED
2024-09-18 14:51:18.097 [error] electron #132: https://vscode-sync.trafficmanager.net/v1/manifest - error GET net::ERR_INTERNET_DISCONNECTED
2024-09-18 14:51:27.801 [error] electron #133: https://az764295.vo.msecnd.net/extensions/marketplace.json - error GET net::ERR_INTERNET_DISCONNECTED
2024-09-18 14:52:06.711 [error] electron #134: https://mobile.events.data.microsoft.com/OneCollector/1.0?cors=true&content-type=application/x-json-stream - error POST net::ERR_INTERNET_DISCONNECTED
2024-09-18 14:52:09.451 [error] electron #135: https://mobile.events.data.microsoft.com/OneCollector/1.0?cors=true&content-type=application/x-json-stream - error POST net::ERR_INTERNET_DISCONNECTED
2024-09-18 14:56:18.175 [error] electron #136: https://vscode-sync.trafficmanager.net/v1/manifest - error GET net::ERR_INTERNET_DISCONNECTED
2024-09-18 14:56:28.049 [error] electron #137: https://az764295.vo.msecnd.net/extensions/marketplace.json - error GET net::ERR_INTERNET_DISCONNECTED
2024-09-18 14:57:06.621 [error] electron #138: https://mobile.events.data.microsoft.com/OneCollector/1.0?cors=true&content-type=application/x-json-stream - error POST net::ERR_INTERNET_DISCONNECTED
2024-09-18 14:57:09.329 [error] electron #139: https://mobile.events.data.microsoft.com/OneCollector/1.0?cors=true&content-type=application/x-json-stream - error POST net::ERR_INTERNET_DISCONNECTED
2024-09-18 15:01:18.260 [error] electron #140: https://vscode-sync.trafficmanager.net/v1/manifest - error GET net::ERR_INTERNET_DISCONNECTED
2024-09-18 15:01:28.374 [error] electron #141: https://az764295.vo.msecnd.net/extensions/marketplace.json - error GET net::ERR_INTERNET_DISCONNECTED
2024-09-18 15:02:02.243 [error] electron #142: https://mobile.events.data.microsoft.com/OneCollector/1.0?cors=true&content-type=application/x-json-stream - error POST net::ERR_INTERNET_DISCONNECTED
2024-09-18 15:02:05.835 [error] electron #143: https://mobile.events.data.microsoft.com/OneCollector/1.0?cors=true&content-type=application/x-json-stream - error POST net::ERR_INTERNET_DISCONNECTED
2024-09-18 15:06:18.340 [error] electron #144: https://vscode-sync.trafficmanager.net/v1/manifest - error GET net::ERR_INTERNET_DISCONNECTED
2024-09-18 15:06:28.582 [error] electron #145: https://az764295.vo.msecnd.net/extensions/marketplace.json - error GET net::ERR_INTERNET_DISCONNECTED
2024-09-18 15:07:00.089 [error] electron #146: https://mobile.events.data.microsoft.com/OneCollector/1.0?cors=true&content-type=application/x-json-stream - error POST net::ERR_INTERNET_DISCONNECTED
2024-09-18 15:07:03.557 [error] electron #147: https://mobile.events.data.microsoft.com/OneCollector/1.0?cors=true&content-type=application/x-json-stream - error POST net::ERR_INTERNET_DISCONNECTED
2024-09-18 15:11:18.412 [error] electron #148: https://vscode-sync.trafficmanager.net/v1/manifest - error GET net::ERR_INTERNET_DISCONNECTED
2024-09-18 15:11:28.886 [error] electron #149: https://az764295.vo.msecnd.net/extensions/marketplace.json - error GET net::ERR_INTERNET_DISCONNECTED
2024-09-18 15:11:59.750 [error] electron #150: https://mobile.events.data.microsoft.com/OneCollector/1.0?cors=true&content-type=application/x-json-stream - error POST net::ERR_INTERNET_DISCONNECTED
2024-09-18 15:12:02.457 [error] electron #151: https://mobile.events.data.microsoft.com/OneCollector/1.0?cors=true&content-type=application/x-json-stream - error POST net::ERR_INTERNET_DISCONNECTED
2024-09-18 15:16:18.471 [error] electron #152: https://vscode-sync.trafficmanager.net/v1/manifest - error GET net::ERR_INTERNET_DISCONNECTED
2024-09-18 15:16:29.100 [error] electron #153: https://az764295.vo.msecnd.net/extensions/marketplace.json - error GET net::ERR_INTERNET_DISCONNECTED
2024-09-18 15:17:07.712 [error] electron #154: https://mobile.events.data.microsoft.com/OneCollector/1.0?cors=true&content-type=application/x-json-stream - error POST net::ERR_INTERNET_DISCONNECTED
2024-09-18 15:17:10.888 [error] electron #155: https://mobile.events.data.microsoft.com/OneCollector/1.0?cors=true&content-type=application/x-json-stream - error POST net::ERR_INTERNET_DISCONNECTED
2024-09-18 15:21:18.554 [error] electron #156: https://vscode-sync.trafficmanager.net/v1/manifest - error GET net::ERR_INTERNET_DISCONNECTED
2024-09-18 15:21:29.401 [error] electron #157: https://az764295.vo.msecnd.net/extensions/marketplace.json - error GET net::ERR_INTERNET_DISCONNECTED
2024-09-18 15:22:12.340 [error] electron #158: https://mobile.events.data.microsoft.com/OneCollector/1.0?cors=true&content-type=application/x-json-stream - error POST net::ERR_INTERNET_DISCONNECTED
2024-09-18 15:22:15.742 [error] electron #159: https://mobile.events.data.microsoft.com/OneCollector/1.0?cors=true&content-type=application/x-json-stream - error POST net::ERR_INTERNET_DISCONNECTED
2024-09-18 15:26:18.629 [error] electron #160: https://vscode-sync.trafficmanager.net/v1/manifest - error GET net::ERR_INTERNET_DISCONNECTED
2024-09-18 15:26:29.563 [error] electron #161: https://az764295.vo.msecnd.net/extensions/marketplace.json - error GET net::ERR_INTERNET_DISCONNECTED
2024-09-18 15:26:42.302 [error] electron #162: https://update.code.visualstudio.com/api/update/linux-x64/stable/38c31bc77e0dd6ae88a4e9cc93428cc27a56ba40 - error undefined net::ERR_INTERNET_DISCONNECTED
2024-09-18 15:27:05.105 [error] electron #163: https://mobile.events.data.microsoft.com/OneCollector/1.0?cors=true&content-type=application/x-json-stream - error POST net::ERR_INTERNET_DISCONNECTED
2024-09-18 15:27:08.692 [error] electron #164: https://mobile.events.data.microsoft.com/OneCollector/1.0?cors=true&content-type=application/x-json-stream - error POST net::ERR_INTERNET_DISCONNECTED
2024-09-18 15:31:18.671 [error] electron #165: https://vscode-sync.trafficmanager.net/v1/manifest - error GET net::ERR_INTERNET_DISCONNECTED
2024-09-18 15:31:29.814 [error] electron #166: https://az764295.vo.msecnd.net/extensions/marketplace.json - error GET net::ERR_INTERNET_DISCONNECTED
2024-09-18 15:32:08.650 [error] electron #167: https://mobile.events.data.microsoft.com/OneCollector/1.0?cors=true&content-type=application/x-json-stream - error POST net::ERR_INTERNET_DISCONNECTED
2024-09-18 15:32:11.242 [error] electron #168: https://mobile.events.data.microsoft.com/OneCollector/1.0?cors=true&content-type=application/x-json-stream - error POST net::ERR_INTERNET_DISCONNECTED
2024-09-18 15:36:18.713 [error] electron #169: https://vscode-sync.trafficmanager.net/v1/manifest - error GET net::ERR_INTERNET_DISCONNECTED
2024-09-18 15:36:29.993 [error] electron #170: https://az764295.vo.msecnd.net/extensions/marketplace.json - error GET net::ERR_INTERNET_DISCONNECTED
2024-09-18 15:37:11.321 [error] electron #171: https://mobile.events.data.microsoft.com/OneCollector/1.0?cors=true&content-type=application/x-json-stream - error POST net::ERR_INTERNET_DISCONNECTED
2024-09-18 15:37:14.593 [error] electron #172: https://mobile.events.data.microsoft.com/OneCollector/1.0?cors=true&content-type=application/x-json-stream - error POST net::ERR_INTERNET_DISCONNECTED
2024-09-18 15:41:18.796 [error] electron #173: https://vscode-sync.trafficmanager.net/v1/manifest - error GET net::ERR_INTERNET_DISCONNECTED
2024-09-18 15:41:30.282 [error] electron #174: https://az764295.vo.msecnd.net/extensions/marketplace.json - error GET net::ERR_INTERNET_DISCONNECTED
2024-09-18 15:42:00.004 [error] electron #175: https://mobile.events.data.microsoft.com/OneCollector/1.0?cors=true&content-type=application/x-json-stream - error POST net::ERR_INTERNET_DISCONNECTED
2024-09-18 15:42:02.929 [error] electron #176: https://mobile.events.data.microsoft.com/OneCollector/1.0?cors=true&content-type=application/x-json-stream - error POST net::ERR_INTERNET_DISCONNECTED
2024-09-18 15:46:18.838 [error] electron #177: https://vscode-sync.trafficmanager.net/v1/manifest - error GET net::ERR_INTERNET_DISCONNECTED
2024-09-18 15:46:30.451 [error] electron #178: https://az764295.vo.msecnd.net/extensions/marketplace.json - error GET net::ERR_INTERNET_DISCONNECTED
2024-09-18 15:46:59.470 [error] electron #179: https://mobile.events.data.microsoft.com/OneCollector/1.0?cors=true&content-type=application/x-json-stream - error POST net::ERR_INTERNET_DISCONNECTED
2024-09-18 15:47:01.943 [error] electron #180: https://mobile.events.data.microsoft.com/OneCollector/1.0?cors=true&content-type=application/x-json-stream - error POST net::ERR_INTERNET_DISCONNECTED
2024-09-18 15:51:18.918 [error] electron #181: https://vscode-sync.trafficmanager.net/v1/manifest - error GET net::ERR_INTERNET_DISCONNECTED
2024-09-18 15:51:30.712 [error] electron #182: https://az764295.vo.msecnd.net/extensions/marketplace.json - error GET net::ERR_INTERNET_DISCONNECTED
2024-09-18 15:52:01.146 [error] electron #183: https://mobile.events.data.microsoft.com/OneCollector/1.0?cors=true&content-type=application/x-json-stream - error POST net::ERR_INTERNET_DISCONNECTED
2024-09-18 15:52:03.824 [error] electron #184: https://mobile.events.data.microsoft.com/OneCollector/1.0?cors=true&content-type=application/x-json-stream - error POST net::ERR_INTERNET_DISCONNECTED
2024-09-18 15:56:19.001 [error] electron #185: https://vscode-sync.trafficmanager.net/v1/manifest - error GET net::ERR_INTERNET_DISCONNECTED
2024-09-18 15:56:30.858 [error] electron #186: https://az764295.vo.msecnd.net/extensions/marketplace.json - error GET net::ERR_INTERNET_DISCONNECTED
2024-09-18 15:57:15.257 [error] electron #187: https://mobile.events.data.microsoft.com/OneCollector/1.0?cors=true&content-type=application/x-json-stream - error POST net::ERR_INTERNET_DISCONNECTED
2024-09-18 15:57:18.161 [error] electron #188: https://mobile.events.data.microsoft.com/OneCollector/1.0?cors=true&content-type=application/x-json-stream - error POST net::ERR_INTERNET_DISCONNECTED
2024-09-18 16:01:19.052 [error] electron #189: https://vscode-sync.trafficmanager.net/v1/manifest - error GET net::ERR_INTERNET_DISCONNECTED
2024-09-18 16:01:31.127 [error] electron #190: https://az764295.vo.msecnd.net/extensions/marketplace.json - error GET net::ERR_INTERNET_DISCONNECTED
2024-09-18 16:02:08.827 [error] electron #191: https://mobile.events.data.microsoft.com/OneCollector/1.0?cors=true&content-type=application/x-json-stream - error POST net::ERR_INTERNET_DISCONNECTED
2024-09-18 16:02:11.686 [error] electron #192: https://mobile.events.data.microsoft.com/OneCollector/1.0?cors=true&content-type=application/x-json-stream - error POST net::ERR_INTERNET_DISCONNECTED
2024-09-18 16:06:19.132 [error] electron #193: https://vscode-sync.trafficmanager.net/v1/manifest - error GET net::ERR_INTERNET_DISCONNECTED
2024-09-18 16:06:31.368 [error] electron #194: https://az764295.vo.msecnd.net/extensions/marketplace.json - error GET net::ERR_INTERNET_DISCONNECTED
2024-09-18 16:07:07.854 [error] electron #195: https://mobile.events.data.microsoft.com/OneCollector/1.0?cors=true&content-type=application/x-json-stream - error POST net::ERR_INTERNET_DISCONNECTED
2024-09-18 16:07:10.932 [error] electron #196: https://mobile.events.data.microsoft.com/OneCollector/1.0?cors=true&content-type=application/x-json-stream - error POST net::ERR_INTERNET_DISCONNECTED
2024-09-18 16:11:19.209 [error] electron #197: https://vscode-sync.trafficmanager.net/v1/manifest - error GET net::ERR_INTERNET_DISCONNECTED
2024-09-18 16:11:31.533 [error] electron #198: https://az764295.vo.msecnd.net/extensions/marketplace.json - error GET net::ERR_INTERNET_DISCONNECTED
2024-09-18 16:12:03.692 [error] electron #199: https://mobile.events.data.microsoft.com/OneCollector/1.0?cors=true&content-type=application/x-json-stream - error POST net::ERR_INTERNET_DISCONNECTED
2024-09-18 16:12:07.307 [error] electron #200: https://mobile.events.data.microsoft.com/OneCollector/1.0?cors=true&content-type=application/x-json-stream - error POST net::ERR_INTERNET_DISCONNECTED
2024-09-18 16:16:19.287 [error] electron #201: https://vscode-sync.trafficmanager.net/v1/manifest - error GET net::ERR_INTERNET_DISCONNECTED
2024-09-18 16:16:31.679 [error] electron #202: https://az764295.vo.msecnd.net/extensions/marketplace.json - error GET net::ERR_INTERNET_DISCONNECTED
2024-09-18 16:17:06.226 [error] electron #203: https://mobile.events.data.microsoft.com/OneCollector/1.0?cors=true&content-type=application/x-json-stream - error POST net::ERR_INTERNET_DISCONNECTED
2024-09-18 16:17:09.501 [error] electron #204: https://mobile.events.data.microsoft.com/OneCollector/1.0?cors=true&content-type=application/x-json-stream - error POST net::ERR_INTERNET_DISCONNECTED
2024-09-18 16:21:19.363 [error] electron #205: https://vscode-sync.trafficmanager.net/v1/manifest - error GET net::ERR_INTERNET_DISCONNECTED
2024-09-18 16:21:31.827 [error] electron #206: https://az764295.vo.msecnd.net/extensions/marketplace.json - error GET net::ERR_INTERNET_DISCONNECTED
2024-09-18 16:22:04.331 [error] electron #207: https://mobile.events.data.microsoft.com/OneCollector/1.0?cors=true&content-type=application/x-json-stream - error POST net::ERR_INTERNET_DISCONNECTED
2024-09-18 16:22:07.256 [error] electron #208: https://mobile.events.data.microsoft.com/OneCollector/1.0?cors=true&content-type=application/x-json-stream - error POST net::ERR_INTERNET_DISCONNECTED
2024-09-18 16:26:19.445 [error] electron #209: https://vscode-sync.trafficmanager.net/v1/manifest - error GET net::ERR_INTERNET_DISCONNECTED
2024-09-18 16:26:32.011 [error] electron #210: https://az764295.vo.msecnd.net/extensions/marketplace.json - error GET net::ERR_INTERNET_DISCONNECTED
2024-09-18 16:26:42.320 [error] electron #211: https://update.code.visualstudio.com/api/update/linux-x64/stable/38c31bc77e0dd6ae88a4e9cc93428cc27a56ba40 - error undefined net::ERR_INTERNET_DISCONNECTED
2024-09-18 16:27:09.617 [error] electron #212: https://mobile.events.data.microsoft.com/OneCollector/1.0?cors=true&content-type=application/x-json-stream - error POST net::ERR_INTERNET_DISCONNECTED
2024-09-18 16:27:12.827 [error] electron #213: https://mobile.events.data.microsoft.com/OneCollector/1.0?cors=true&content-type=application/x-json-stream - error POST net::ERR_INTERNET_DISCONNECTED
2024-09-18 16:31:19.520 [error] electron #214: https://vscode-sync.trafficmanager.net/v1/manifest - error GET net::ERR_INTERNET_DISCONNECTED
2024-09-18 16:31:32.235 [error] electron #215: https://az764295.vo.msecnd.net/extensions/marketplace.json - error GET net::ERR_INTERNET_DISCONNECTED
2024-09-18 16:32:04.061 [error] electron #216: https://mobile.events.data.microsoft.com/OneCollector/1.0?cors=true&content-type=application/x-json-stream - error POST net::ERR_INTERNET_DISCONNECTED
2024-09-18 16:32:07.387 [error] electron #217: https://mobile.events.data.microsoft.com/OneCollector/1.0?cors=true&content-type=application/x-json-stream - error POST net::ERR_INTERNET_DISCONNECTED
2024-09-18 16:36:19.597 [error] electron #218: https://vscode-sync.trafficmanager.net/v1/manifest - error GET net::ERR_INTERNET_DISCONNECTED
2024-09-18 16:36:32.467 [error] electron #219: https://az764295.vo.msecnd.net/extensions/marketplace.json - error GET net::ERR_INTERNET_DISCONNECTED
2024-09-18 16:37:02.024 [error] electron #220: https://mobile.events.data.microsoft.com/OneCollector/1.0?cors=true&content-type=application/x-json-stream - error POST net::ERR_INTERNET_DISCONNECTED
2024-09-18 16:37:04.918 [error] electron #221: https://mobile.events.data.microsoft.com/OneCollector/1.0?cors=true&content-type=application/x-json-stream - error POST net::ERR_INTERNET_DISCONNECTED
2024-09-18 16:41:19.680 [error] electron #222: https://vscode-sync.trafficmanager.net/v1/manifest - error GET net::ERR_INTERNET_DISCONNECTED
2024-09-18 16:41:32.749 [error] electron #223: https://az764295.vo.msecnd.net/extensions/marketplace.json - error GET net::ERR_INTERNET_DISCONNECTED
2024-09-18 16:42:03.860 [error] electron #224: https://mobile.events.data.microsoft.com/OneCollector/1.0?cors=true&content-type=application/x-json-stream - error POST net::ERR_INTERNET_DISCONNECTED
2024-09-18 16:42:07.391 [error] electron #225: https://mobile.events.data.microsoft.com/OneCollector/1.0?cors=true&content-type=application/x-json-stream - error POST net::ERR_INTERNET_DISCONNECTED
2024-09-18 16:46:19.720 [error] electron #226: https://vscode-sync.trafficmanager.net/v1/manifest - error GET net::ERR_INTERNET_DISCONNECTED
2024-09-18 16:46:32.983 [error] electron #227: https://az764295.vo.msecnd.net/extensions/marketplace.json - error GET net::ERR_INTERNET_DISCONNECTED
2024-09-18 16:47:06.963 [error] electron #228: https://mobile.events.data.microsoft.com/OneCollector/1.0?cors=true&content-type=application/x-json-stream - error POST net::ERR_INTERNET_DISCONNECTED
2024-09-18 16:47:10.210 [error] electron #229: https://mobile.events.data.microsoft.com/OneCollector/1.0?cors=true&content-type=application/x-json-stream - error POST net::ERR_INTERNET_DISCONNECTED
2024-09-18 16:51:19.796 [error] electron #230: https://vscode-sync.trafficmanager.net/v1/manifest - error GET net::ERR_INTERNET_DISCONNECTED
2024-09-18 16:51:33.222 [error] electron #231: https://az764295.vo.msecnd.net/extensions/marketplace.json - error GET net::ERR_INTERNET_DISCONNECTED
2024-09-18 16:52:07.089 [error] electron #232: https://mobile.events.data.microsoft.com/OneCollector/1.0?cors=true&content-type=application/x-json-stream - error POST net::ERR_INTERNET_DISCONNECTED
2024-09-18 16:52:09.570 [error] electron #233: https://mobile.events.data.microsoft.com/OneCollector/1.0?cors=true&content-type=application/x-json-stream - error POST net::ERR_INTERNET_DISCONNECTED
2024-09-18 16:56:19.874 [error] electron #234: https://vscode-sync.trafficmanager.net/v1/manifest - error GET net::ERR_INTERNET_DISCONNECTED
2024-09-18 16:56:33.421 [error] electron #235: https://az764295.vo.msecnd.net/extensions/marketplace.json - error GET net::ERR_INTERNET_DISCONNECTED
2024-09-18 16:57:12.104 [error] electron #236: https://mobile.events.data.microsoft.com/OneCollector/1.0?cors=true&content-type=application/x-json-stream - error POST net::ERR_INTERNET_DISCONNECTED
2024-09-18 16:57:14.531 [error] electron #237: https://mobile.events.data.microsoft.com/OneCollector/1.0?cors=true&content-type=application/x-json-stream - error POST net::ERR_INTERNET_DISCONNECTED
2024-09-18 17:01:19.946 [error] electron #238: https://vscode-sync.trafficmanager.net/v1/manifest - error GET net::ERR_INTERNET_DISCONNECTED
2024-09-18 17:01:33.715 [error] electron #239: https://az764295.vo.msecnd.net/extensions/marketplace.json - error GET net::ERR_INTERNET_DISCONNECTED
2024-09-18 17:02:06.635 [error] electron #240: https://mobile.events.data.microsoft.com/OneCollector/1.0?cors=true&content-type=application/x-json-stream - error POST net::ERR_INTERNET_DISCONNECTED
2024-09-18 17:02:10.155 [error] electron #241: https://mobile.events.data.microsoft.com/OneCollector/1.0?cors=true&content-type=application/x-json-stream - error POST net::ERR_INTERNET_DISCONNECTED
2024-09-18 17:06:20.024 [error] electron #242: https://vscode-sync.trafficmanager.net/v1/manifest - error GET net::ERR_INTERNET_DISCONNECTED
2024-09-18 17:06:33.930 [error] electron #243: https://az764295.vo.msecnd.net/extensions/marketplace.json - error GET net::ERR_INTERNET_DISCONNECTED
2024-09-18 17:07:05.086 [error] electron #244: https://mobile.events.data.microsoft.com/OneCollector/1.0?cors=true&content-type=application/x-json-stream - error POST net::ERR_INTERNET_DISCONNECTED
2024-09-18 17:07:07.541 [error] electron #245: https://mobile.events.data.microsoft.com/OneCollector/1.0?cors=true&content-type=application/x-json-stream - error POST net::ERR_INTERNET_DISCONNECTED
2024-09-18 17:11:20.055 [error] electron #246: https://vscode-sync.trafficmanager.net/v1/manifest - error GET net::ERR_INTERNET_DISCONNECTED
2024-09-18 17:11:34.172 [error] electron #247: https://az764295.vo.msecnd.net/extensions/marketplace.json - error GET net::ERR_INTERNET_DISCONNECTED
2024-09-18 17:12:12.842 [error] electron #248: https://mobile.events.data.microsoft.com/OneCollector/1.0?cors=true&content-type=application/x-json-stream - error POST net::ERR_INTERNET_DISCONNECTED
2024-09-18 17:12:15.693 [error] electron #249: https://mobile.events.data.microsoft.com/OneCollector/1.0?cors=true&content-type=application/x-json-stream - error POST net::ERR_INTERNET_DISCONNECTED
2024-09-18 17:16:20.133 [error] electron #250: https://vscode-sync.trafficmanager.net/v1/manifest - error GET net::ERR_INTERNET_DISCONNECTED
2024-09-18 17:16:34.442 [error] electron #251: https://az764295.vo.msecnd.net/extensions/marketplace.json - error GET net::ERR_INTERNET_DISCONNECTED
2024-09-18 17:17:04.760 [error] electron #252: https://mobile.events.data.microsoft.com/OneCollector/1.0?cors=true&content-type=application/x-json-stream - error POST net::ERR_INTERNET_DISCONNECTED
2024-09-18 17:17:08.171 [error] electron #253: https://mobile.events.data.microsoft.com/OneCollector/1.0?cors=true&content-type=application/x-json-stream - error POST net::ERR_INTERNET_DISCONNECTED
2024-09-18 17:21:20.212 [error] electron #254: https://vscode-sync.trafficmanager.net/v1/manifest - error GET net::ERR_INTERNET_DISCONNECTED
2024-09-18 17:21:34.603 [error] electron #255: https://az764295.vo.msecnd.net/extensions/marketplace.json - error GET net::ERR_INTERNET_DISCONNECTED
2024-09-18 17:22:10.266 [error] electron #256: https://mobile.events.data.microsoft.com/OneCollector/1.0?cors=true&content-type=application/x-json-stream - error POST net::ERR_INTERNET_DISCONNECTED
2024-09-18 17:22:13.312 [error] electron #257: https://mobile.events.data.microsoft.com/OneCollector/1.0?cors=true&content-type=application/x-json-stream - error POST net::ERR_INTERNET_DISCONNECTED
2024-09-18 17:26:20.291 [error] electron #258: https://vscode-sync.trafficmanager.net/v1/manifest - error GET net::ERR_INTERNET_DISCONNECTED
2024-09-18 17:26:34.789 [error] electron #259: https://az764295.vo.msecnd.net/extensions/marketplace.json - error GET net::ERR_INTERNET_DISCONNECTED
2024-09-18 17:26:42.334 [error] electron #260: https://update.code.visualstudio.com/api/update/linux-x64/stable/38c31bc77e0dd6ae88a4e9cc93428cc27a56ba40 - error undefined net::ERR_INTERNET_DISCONNECTED
2024-09-18 17:27:12.054 [error] electron #261: https://mobile.events.data.microsoft.com/OneCollector/1.0?cors=true&content-type=application/x-json-stream - error POST net::ERR_INTERNET_DISCONNECTED
2024-09-18 17:27:14.711 [error] electron #262: https://mobile.events.data.microsoft.com/OneCollector/1.0?cors=true&content-type=application/x-json-stream - error POST net::ERR_INTERNET_DISCONNECTED
2024-09-18 17:31:20.362 [error] electron #263: https://vscode-sync.trafficmanager.net/v1/manifest - error GET net::ERR_INTERNET_DISCONNECTED
2024-09-18 17:31:34.970 [error] electron #264: https://az764295.vo.msecnd.net/extensions/marketplace.json - error GET net::ERR_INTERNET_DISCONNECTED
2024-09-18 17:32:00.338 [error] electron #265: https://mobile.events.data.microsoft.com/OneCollector/1.0?cors=true&content-type=application/x-json-stream - error POST net::ERR_INTERNET_DISCONNECTED
2024-09-18 17:32:03.265 [error] electron #266: https://mobile.events.data.microsoft.com/OneCollector/1.0?cors=true&content-type=application/x-json-stream - error POST net::ERR_INTERNET_DISCONNECTED
2024-09-18 17:36:20.440 [error] electron #267: https://vscode-sync.trafficmanager.net/v1/manifest - error GET net::ERR_INTERNET_DISCONNECTED
2024-09-18 17:36:35.227 [error] electron #268: https://az764295.vo.msecnd.net/extensions/marketplace.json - error GET net::ERR_INTERNET_DISCONNECTED
2024-09-18 17:37:02.275 [error] electron #269: https://mobile.events.data.microsoft.com/OneCollector/1.0?cors=true&content-type=application/x-json-stream - error POST net::ERR_INTERNET_DISCONNECTED
2024-09-18 17:37:05.603 [error] electron #270: https://mobile.events.data.microsoft.com/OneCollector/1.0?cors=true&content-type=application/x-json-stream - error POST net::ERR_INTERNET_DISCONNECTED
2024-09-18 17:41:20.517 [error] electron #271: https://vscode-sync.trafficmanager.net/v1/manifest - error GET net::ERR_INTERNET_DISCONNECTED
2024-09-18 17:41:35.430 [error] electron #272: https://az764295.vo.msecnd.net/extensions/marketplace.json - error GET net::ERR_INTERNET_DISCONNECTED
2024-09-18 17:42:01.278 [error] electron #273: https://mobile.events.data.microsoft.com/OneCollector/1.0?cors=true&content-type=application/x-json-stream - error POST net::ERR_INTERNET_DISCONNECTED
2024-09-18 17:42:04.250 [error] electron #274: https://mobile.events.data.microsoft.com/OneCollector/1.0?cors=true&content-type=application/x-json-stream - error POST net::ERR_INTERNET_DISCONNECTED
2024-09-18 17:46:20.597 [error] electron #275: https://vscode-sync.trafficmanager.net/v1/manifest - error GET net::ERR_INTERNET_DISCONNECTED
2024-09-18 17:46:35.696 [error] electron #276: https://az764295.vo.msecnd.net/extensions/marketplace.json - error GET net::ERR_INTERNET_DISCONNECTED
2024-09-18 17:47:10.308 [error] electron #277: https://mobile.events.data.microsoft.com/OneCollector/1.0?cors=true&content-type=application/x-json-stream - error POST net::ERR_INTERNET_DISCONNECTED
2024-09-18 17:47:12.785 [error] electron #278: https://mobile.events.data.microsoft.com/OneCollector/1.0?cors=true&content-type=application/x-json-stream - error POST net::ERR_INTERNET_DISCONNECTED
2024-09-18 17:51:20.674 [error] electron #279: https://vscode-sync.trafficmanager.net/v1/manifest - error GET net::ERR_INTERNET_DISCONNECTED
2024-09-18 17:51:35.993 [error] electron #280: https://az764295.vo.msecnd.net/extensions/marketplace.json - error GET net::ERR_INTERNET_DISCONNECTED
2024-09-18 17:52:07.573 [error] electron #281: https://mobile.events.data.microsoft.com/OneCollector/1.0?cors=true&content-type=application/x-json-stream - error POST net::ERR_INTERNET_DISCONNECTED
2024-09-18 17:52:10.138 [error] electron #282: https://mobile.events.data.microsoft.com/OneCollector/1.0?cors=true&content-type=application/x-json-stream - error POST net::ERR_INTERNET_DISCONNECTED
2024-09-18 17:56:20.748 [error] electron #283: https://vscode-sync.trafficmanager.net/v1/manifest - error GET net::ERR_INTERNET_DISCONNECTED
2024-09-18 17:56:36.159 [error] electron #284: https://az764295.vo.msecnd.net/extensions/marketplace.json - error GET net::ERR_INTERNET_DISCONNECTED
2024-09-18 17:57:03.567 [error] electron #285: https://mobile.events.data.microsoft.com/OneCollector/1.0?cors=true&content-type=application/x-json-stream - error POST net::ERR_INTERNET_DISCONNECTED
2024-09-18 17:57:06.698 [error] electron #286: https://mobile.events.data.microsoft.com/OneCollector/1.0?cors=true&content-type=application/x-json-stream - error POST net::ERR_INTERNET_DISCONNECTED
2024-09-18 18:01:20.825 [error] electron #287: https://vscode-sync.trafficmanager.net/v1/manifest - error GET net::ERR_INTERNET_DISCONNECTED
2024-09-18 18:01:36.436 [error] electron #288: https://az764295.vo.msecnd.net/extensions/marketplace.json - error GET net::ERR_INTERNET_DISCONNECTED
2024-09-18 18:02:05.699 [error] electron #289: https://mobile.events.data.microsoft.com/OneCollector/1.0?cors=true&content-type=application/x-json-stream - error POST net::ERR_INTERNET_DISCONNECTED
2024-09-18 18:02:08.822 [error] electron #290: https://mobile.events.data.microsoft.com/OneCollector/1.0?cors=true&content-type=application/x-json-stream - error POST net::ERR_INTERNET_DISCONNECTED
2024-09-18 18:06:20.905 [error] electron #291: https://vscode-sync.trafficmanager.net/v1/manifest - error GET net::ERR_INTERNET_DISCONNECTED
2024-09-18 18:06:36.693 [error] electron #292: https://az764295.vo.msecnd.net/extensions/marketplace.json - error GET net::ERR_INTERNET_DISCONNECTED
2024-09-18 18:07:01.283 [error] electron #293: https://mobile.events.data.microsoft.com/OneCollector/1.0?cors=true&content-type=application/x-json-stream - error POST net::ERR_INTERNET_DISCONNECTED
2024-09-18 18:07:03.934 [error] electron #294: https://mobile.events.data.microsoft.com/OneCollector/1.0?cors=true&content-type=application/x-json-stream - error POST net::ERR_INTERNET_DISCONNECTED
2024-09-18 18:11:20.979 [error] electron #295: https://vscode-sync.trafficmanager.net/v1/manifest - error GET net::ERR_INTERNET_DISCONNECTED
2024-09-18 18:11:36.928 [error] electron #296: https://az764295.vo.msecnd.net/extensions/marketplace.json - error GET net::ERR_INTERNET_DISCONNECTED
2024-09-18 18:12:17.266 [error] electron #297: https://mobile.events.data.microsoft.com/OneCollector/1.0?cors=true&content-type=application/x-json-stream - error POST net::ERR_INTERNET_DISCONNECTED
2024-09-18 18:12:20.062 [error] electron #298: https://mobile.events.data.microsoft.com/OneCollector/1.0?cors=true&content-type=application/x-json-stream - error POST net::ERR_INTERNET_DISCONNECTED
2024-09-18 18:16:21.011 [error] electron #299: https://vscode-sync.trafficmanager.net/v1/manifest - error GET net::ERR_INTERNET_DISCONNECTED
2024-09-18 18:16:37.253 [error] electron #300: https://az764295.vo.msecnd.net/extensions/marketplace.json - error GET net::ERR_INTERNET_DISCONNECTED
2024-09-18 18:17:05.685 [error] electron #301: https://mobile.events.data.microsoft.com/OneCollector/1.0?cors=true&content-type=application/x-json-stream - error POST net::ERR_INTERNET_DISCONNECTED
2024-09-18 18:17:09.147 [error] electron #302: https://mobile.events.data.microsoft.com/OneCollector/1.0?cors=true&content-type=application/x-json-stream - error POST net::ERR_INTERNET_DISCONNECTED
2024-09-18 18:21:21.049 [error] electron #303: https://vscode-sync.trafficmanager.net/v1/manifest - error GET net::ERR_INTERNET_DISCONNECTED
2024-09-18 18:21:37.552 [error] electron #304: https://az764295.vo.msecnd.net/extensions/marketplace.json - error GET net::ERR_INTERNET_DISCONNECTED
2024-09-18 18:22:08.899 [error] electron #305: https://mobile.events.data.microsoft.com/OneCollector/1.0?cors=true&content-type=application/x-json-stream - error POST net::ERR_INTERNET_DISCONNECTED
2024-09-18 18:22:12.057 [error] electron #306: https://mobile.events.data.microsoft.com/OneCollector/1.0?cors=true&content-type=application/x-json-stream - error POST net::ERR_INTERNET_DISCONNECTED
2024-09-18 18:26:21.126 [error] electron #307: https://vscode-sync.trafficmanager.net/v1/manifest - error GET net::ERR_INTERNET_DISCONNECTED
2024-09-18 18:26:37.753 [error] electron #308: https://az764295.vo.msecnd.net/extensions/marketplace.json - error GET net::ERR_INTERNET_DISCONNECTED
2024-09-18 18:26:42.337 [error] electron #309: https://update.code.visualstudio.com/api/update/linux-x64/stable/38c31bc77e0dd6ae88a4e9cc93428cc27a56ba40 - error undefined net::ERR_INTERNET_DISCONNECTED
2024-09-18 18:27:15.410 [error] electron #310: https://mobile.events.data.microsoft.com/OneCollector/1.0?cors=true&content-type=application/x-json-stream - error POST net::ERR_INTERNET_DISCONNECTED
2024-09-18 18:27:18.829 [error] electron #311: https://mobile.events.data.microsoft.com/OneCollector/1.0?cors=true&content-type=application/x-json-stream - error POST net::ERR_INTERNET_DISCONNECTED
2024-09-18 18:31:21.205 [error] electron #312: https://vscode-sync.trafficmanager.net/v1/manifest - error GET net::ERR_INTERNET_DISCONNECTED
2024-09-18 18:31:37.996 [error] electron #313: https://az764295.vo.msecnd.net/extensions/marketplace.json - error GET net::ERR_INTERNET_DISCONNECTED
2024-09-18 18:32:05.381 [error] electron #314: https://mobile.events.data.microsoft.com/OneCollector/1.0?cors=true&content-type=application/x-json-stream - error POST net::ERR_INTERNET_DISCONNECTED
2024-09-18 18:32:08.330 [error] electron #315: https://mobile.events.data.microsoft.com/OneCollector/1.0?cors=true&content-type=application/x-json-stream - error POST net::ERR_INTERNET_DISCONNECTED
2024-09-18 18:36:21.281 [error] electron #316: https://vscode-sync.trafficmanager.net/v1/manifest - error GET net::ERR_INTERNET_DISCONNECTED
2024-09-18 18:36:38.238 [error] electron #317: https://az764295.vo.msecnd.net/extensions/marketplace.json - error GET net::ERR_INTERNET_DISCONNECTED
2024-09-18 18:37:08.341 [error] electron #318: https://mobile.events.data.microsoft.com/OneCollector/1.0?cors=true&content-type=application/x-json-stream - error POST net::ERR_INTERNET_DISCONNECTED
2024-09-18 18:37:10.869 [error] electron #319: https://mobile.events.data.microsoft.com/OneCollector/1.0?cors=true&content-type=application/x-json-stream - error POST net::ERR_INTERNET_DISCONNECTED
2024-09-18 18:41:21.360 [error] electron #320: https://vscode-sync.trafficmanager.net/v1/manifest - error GET net::ERR_INTERNET_DISCONNECTED
2024-09-18 18:41:38.496 [error] electron #321: https://az764295.vo.msecnd.net/extensions/marketplace.json - error GET net::ERR_INTERNET_DISCONNECTED
2024-09-18 18:42:09.761 [error] electron #322: https://mobile.events.data.microsoft.com/OneCollector/1.0?cors=true&content-type=application/x-json-stream - error POST net::ERR_INTERNET_DISCONNECTED
2024-09-18 18:42:13.232 [error] electron #323: https://mobile.events.data.microsoft.com/OneCollector/1.0?cors=true&content-type=application/x-json-stream - error POST net::ERR_INTERNET_DISCONNECTED
2024-09-18 18:46:21.418 [error] electron #324: https://vscode-sync.trafficmanager.net/v1/manifest - error GET net::ERR_INTERNET_DISCONNECTED
2024-09-18 18:46:38.669 [error] electron #325: https://az764295.vo.msecnd.net/extensions/marketplace.json - error GET net::ERR_INTERNET_DISCONNECTED
2024-09-18 18:47:13.227 [error] electron #326: https://mobile.events.data.microsoft.com/OneCollector/1.0?cors=true&content-type=application/x-json-stream - error POST net::ERR_INTERNET_DISCONNECTED
2024-09-18 18:47:16.634 [error] electron #327: https://mobile.events.data.microsoft.com/OneCollector/1.0?cors=true&content-type=application/x-json-stream - error POST net::ERR_INTERNET_DISCONNECTED
2024-09-18 18:51:21.442 [error] electron #328: https://vscode-sync.trafficmanager.net/v1/manifest - error GET net::ERR_INTERNET_DISCONNECTED
2024-09-18 18:51:38.850 [error] electron #329: https://az764295.vo.msecnd.net/extensions/marketplace.json - error GET net::ERR_INTERNET_DISCONNECTED
2024-09-18 18:52:10.288 [error] electron #330: https://mobile.events.data.microsoft.com/OneCollector/1.0?cors=true&content-type=application/x-json-stream - error POST net::ERR_INTERNET_DISCONNECTED
2024-09-18 18:52:13.197 [error] electron #331: https://mobile.events.data.microsoft.com/OneCollector/1.0?cors=true&content-type=application/x-json-stream - error POST net::ERR_INTERNET_DISCONNECTED
2024-09-18 18:56:21.506 [error] electron #332: https://vscode-sync.trafficmanager.net/v1/manifest - error GET net::ERR_INTERNET_DISCONNECTED
2024-09-18 18:56:39.004 [error] electron #333: https://az764295.vo.msecnd.net/extensions/marketplace.json - error GET net::ERR_INTERNET_DISCONNECTED
2024-09-18 18:57:15.475 [error] electron #334: https://mobile.events.data.microsoft.com/OneCollector/1.0?cors=true&content-type=application/x-json-stream - error POST net::ERR_INTERNET_DISCONNECTED
2024-09-18 18:57:18.874 [error] electron #335: https://mobile.events.data.microsoft.com/OneCollector/1.0?cors=true&content-type=application/x-json-stream - error POST net::ERR_INTERNET_DISCONNECTED
2024-09-18 19:01:21.556 [error] electron #336: https://vscode-sync.trafficmanager.net/v1/manifest - error GET net::ERR_INTERNET_DISCONNECTED
2024-09-18 19:01:39.249 [error] electron #337: https://az764295.vo.msecnd.net/extensions/marketplace.json - error GET net::ERR_INTERNET_DISCONNECTED
2024-09-18 19:02:09.969 [error] electron #338: https://mobile.events.data.microsoft.com/OneCollector/1.0?cors=true&content-type=application/x-json-stream - error POST net::ERR_INTERNET_DISCONNECTED
2024-09-18 19:02:12.969 [error] electron #339: https://mobile.events.data.microsoft.com/OneCollector/1.0?cors=true&content-type=application/x-json-stream - error POST net::ERR_INTERNET_DISCONNECTED
2024-09-18 19:06:21.598 [error] electron #340: https://vscode-sync.trafficmanager.net/v1/manifest - error GET net::ERR_INTERNET_DISCONNECTED
2024-09-18 19:06:39.549 [error] electron #341: https://az764295.vo.msecnd.net/extensions/marketplace.json - error GET net::ERR_INTERNET_DISCONNECTED
2024-09-18 19:07:07.252 [error] electron #342: https://mobile.events.data.microsoft.com/OneCollector/1.0?cors=true&content-type=application/x-json-stream - error POST net::ERR_INTERNET_DISCONNECTED
2024-09-18 19:07:10.554 [error] electron #343: https://mobile.events.data.microsoft.com/OneCollector/1.0?cors=true&content-type=application/x-json-stream - error POST net::ERR_INTERNET_DISCONNECTED
2024-09-18 19:11:21.646 [error] electron #344: https://vscode-sync.trafficmanager.net/v1/manifest - error GET net::ERR_INTERNET_DISCONNECTED
2024-09-18 19:11:39.867 [error] electron #345: https://az764295.vo.msecnd.net/extensions/marketplace.json - error GET net::ERR_INTERNET_DISCONNECTED
2024-09-18 19:12:08.301 [error] electron #346: https://mobile.events.data.microsoft.com/OneCollector/1.0?cors=true&content-type=application/x-json-stream - error POST net::ERR_INTERNET_DISCONNECTED
2024-09-18 19:12:11.254 [error] electron #347: https://mobile.events.data.microsoft.com/OneCollector/1.0?cors=true&content-type=application/x-json-stream - error POST net::ERR_INTERNET_DISCONNECTED
2024-09-18 19:16:21.719 [error] electron #348: https://vscode-sync.trafficmanager.net/v1/manifest - error GET net::ERR_INTERNET_DISCONNECTED
2024-09-18 19:16:40.098 [error] electron #349: https://az764295.vo.msecnd.net/extensions/marketplace.json - error GET net::ERR_INTERNET_DISCONNECTED
2024-09-18 19:17:06.993 [error] electron #350: https://mobile.events.data.microsoft.com/OneCollector/1.0?cors=true&content-type=application/x-json-stream - error POST net::ERR_INTERNET_DISCONNECTED
2024-09-18 19:17:10.050 [error] electron #351: https://mobile.events.data.microsoft.com/OneCollector/1.0?cors=true&content-type=application/x-json-stream - error POST net::ERR_INTERNET_DISCONNECTED
2024-09-18 19:21:21.797 [error] electron #352: https://vscode-sync.trafficmanager.net/v1/manifest - error GET net::ERR_INTERNET_DISCONNECTED
2024-09-18 19:21:40.261 [error] electron #353: https://az764295.vo.msecnd.net/extensions/marketplace.json - error GET net::ERR_INTERNET_DISCONNECTED
2024-09-18 19:22:08.166 [error] electron #354: https://mobile.events.data.microsoft.com/OneCollector/1.0?cors=true&content-type=application/x-json-stream - error POST net::ERR_INTERNET_DISCONNECTED
2024-09-18 19:22:10.835 [error] electron #355: https://mobile.events.data.microsoft.com/OneCollector/1.0?cors=true&content-type=application/x-json-stream - error POST net::ERR_INTERNET_DISCONNECTED
2024-09-18 19:26:21.867 [error] electron #356: https://vscode-sync.trafficmanager.net/v1/manifest - error GET net::ERR_INTERNET_DISCONNECTED
2024-09-18 19:26:40.379 [error] electron #357: https://az764295.vo.msecnd.net/extensions/marketplace.json - error GET net::ERR_INTERNET_DISCONNECTED
2024-09-18 19:26:42.346 [error] electron #358: https://update.code.visualstudio.com/api/update/linux-x64/stable/38c31bc77e0dd6ae88a4e9cc93428cc27a56ba40 - error undefined net::ERR_INTERNET_DISCONNECTED
2024-09-18 19:27:13.696 [error] electron #359: https://mobile.events.data.microsoft.com/OneCollector/1.0?cors=true&content-type=application/x-json-stream - error POST net::ERR_INTERNET_DISCONNECTED
2024-09-18 19:27:16.505 [error] electron #360: https://mobile.events.data.microsoft.com/OneCollector/1.0?cors=true&content-type=application/x-json-stream - error POST net::ERR_INTERNET_DISCONNECTED
2024-09-18 19:31:21.940 [error] electron #361: https://vscode-sync.trafficmanager.net/v1/manifest - error GET net::ERR_INTERNET_DISCONNECTED
2024-09-18 19:31:40.650 [error] electron #362: https://az764295.vo.msecnd.net/extensions/marketplace.json - error GET net::ERR_INTERNET_DISCONNECTED
2024-09-18 19:32:15.932 [error] electron #363: https://mobile.events.data.microsoft.com/OneCollector/1.0?cors=true&content-type=application/x-json-stream - error POST net::ERR_INTERNET_DISCONNECTED
2024-09-18 19:32:18.528 [error] electron #364: https://mobile.events.data.microsoft.com/OneCollector/1.0?cors=true&content-type=application/x-json-stream - error POST net::ERR_INTERNET_DISCONNECTED
2024-09-18 19:36:22.015 [error] electron #365: https://vscode-sync.trafficmanager.net/v1/manifest - error GET net::ERR_INTERNET_DISCONNECTED
2024-09-18 19:36:40.851 [error] electron #366: https://az764295.vo.msecnd.net/extensions/marketplace.json - error GET net::ERR_INTERNET_DISCONNECTED
2024-09-18 19:37:06.100 [error] electron #367: https://mobile.events.data.microsoft.com/OneCollector/1.0?cors=true&content-type=application/x-json-stream - error POST net::ERR_INTERNET_DISCONNECTED
2024-09-18 19:37:09.394 [error] electron #368: https://mobile.events.data.microsoft.com/OneCollector/1.0?cors=true&content-type=application/x-json-stream - error POST net::ERR_INTERNET_DISCONNECTED
2024-09-18 19:41:22.088 [error] electron #369: https://vscode-sync.trafficmanager.net/v1/manifest - error GET net::ERR_INTERNET_DISCONNECTED
2024-09-18 19:41:41.152 [error] electron #370: https://az764295.vo.msecnd.net/extensions/marketplace.json - error GET net::ERR_INTERNET_DISCONNECTED
2024-09-18 19:42:08.288 [error] electron #371: https://mobile.events.data.microsoft.com/OneCollector/1.0?cors=true&content-type=application/x-json-stream - error POST net::ERR_INTERNET_DISCONNECTED
2024-09-18 19:42:11.860 [error] electron #372: https://mobile.events.data.microsoft.com/OneCollector/1.0?cors=true&content-type=application/x-json-stream - error POST net::ERR_INTERNET_DISCONNECTED
2024-09-18 19:46:22.161 [error] electron #373: https://vscode-sync.trafficmanager.net/v1/manifest - error GET net::ERR_INTERNET_DISCONNECTED
2024-09-18 19:46:41.324 [error] electron #374: https://az764295.vo.msecnd.net/extensions/marketplace.json - error GET net::ERR_INTERNET_DISCONNECTED
2024-09-18 19:47:17.009 [error] electron #375: https://mobile.events.data.microsoft.com/OneCollector/1.0?cors=true&content-type=application/x-json-stream - error POST net::ERR_INTERNET_DISCONNECTED
2024-09-18 19:47:19.619 [error] electron #376: https://mobile.events.data.microsoft.com/OneCollector/1.0?cors=true&content-type=application/x-json-stream - error POST net::ERR_INTERNET_DISCONNECTED
2024-09-18 19:51:22.232 [error] electron #377: https://vscode-sync.trafficmanager.net/v1/manifest - error GET net::ERR_INTERNET_DISCONNECTED
2024-09-18 19:51:41.576 [error] electron #378: https://az764295.vo.msecnd.net/extensions/marketplace.json - error GET net::ERR_INTERNET_DISCONNECTED
2024-09-18 19:52:11.298 [error] electron #379: https://mobile.events.data.microsoft.com/OneCollector/1.0?cors=true&content-type=application/x-json-stream - error POST net::ERR_INTERNET_DISCONNECTED
2024-09-18 19:52:14.825 [error] electron #380: https://mobile.events.data.microsoft.com/OneCollector/1.0?cors=true&content-type=application/x-json-stream - error POST net::ERR_INTERNET_DISCONNECTED
2024-09-18 19:56:22.307 [error] electron #381: https://vscode-sync.trafficmanager.net/v1/manifest - error GET net::ERR_INTERNET_DISCONNECTED
2024-09-18 19:56:41.763 [error] electron #382: https://az764295.vo.msecnd.net/extensions/marketplace.json - error GET net::ERR_INTERNET_DISCONNECTED
2024-09-18 19:57:16.180 [error] electron #383: https://mobile.events.data.microsoft.com/OneCollector/1.0?cors=true&content-type=application/x-json-stream - error POST net::ERR_INTERNET_DISCONNECTED
2024-09-18 19:57:19.361 [error] electron #384: https://mobile.events.data.microsoft.com/OneCollector/1.0?cors=true&content-type=application/x-json-stream - error POST net::ERR_INTERNET_DISCONNECTED
2024-09-18 20:01:22.389 [error] electron #385: https://vscode-sync.trafficmanager.net/v1/manifest - error GET net::ERR_INTERNET_DISCONNECTED
2024-09-18 20:01:42.055 [error] electron #386: https://az764295.vo.msecnd.net/extensions/marketplace.json - error GET net::ERR_INTERNET_DISCONNECTED
2024-09-18 20:02:12.893 [error] electron #387: https://mobile.events.data.microsoft.com/OneCollector/1.0?cors=true&content-type=application/x-json-stream - error POST net::ERR_INTERNET_DISCONNECTED
2024-09-18 20:02:16.409 [error] electron #388: https://mobile.events.data.microsoft.com/OneCollector/1.0?cors=true&content-type=application/x-json-stream - error POST net::ERR_INTERNET_DISCONNECTED
2024-09-18 20:06:22.418 [error] electron #389: https://vscode-sync.trafficmanager.net/v1/manifest - error GET net::ERR_INTERNET_DISCONNECTED
2024-09-18 20:06:42.301 [error] electron #390: https://az764295.vo.msecnd.net/extensions/marketplace.json - error GET net::ERR_INTERNET_DISCONNECTED
2024-09-18 20:07:05.758 [error] electron #391: https://mobile.events.data.microsoft.com/OneCollector/1.0?cors=true&content-type=application/x-json-stream - error POST net::ERR_INTERNET_DISCONNECTED
2024-09-18 20:07:09.121 [error] electron #392: https://mobile.events.data.microsoft.com/OneCollector/1.0?cors=true&content-type=application/x-json-stream - error POST net::ERR_INTERNET_DISCONNECTED
2024-09-18 20:11:22.472 [error] electron #393: https://vscode-sync.trafficmanager.net/v1/manifest - error GET net::ERR_INTERNET_DISCONNECTED
2024-09-18 20:11:42.647 [error] electron #394: https://az764295.vo.msecnd.net/extensions/marketplace.json - error GET net::ERR_INTERNET_DISCONNECTED
2024-09-18 20:12:10.564 [error] electron #395: https://mobile.events.data.microsoft.com/OneCollector/1.0?cors=true&content-type=application/x-json-stream - error POST net::ERR_INTERNET_DISCONNECTED
2024-09-18 20:12:13.689 [error] electron #396: https://mobile.events.data.microsoft.com/OneCollector/1.0?cors=true&content-type=application/x-json-stream - error POST net::ERR_INTERNET_DISCONNECTED
2024-09-18 20:16:22.549 [error] electron #397: https://vscode-sync.trafficmanager.net/v1/manifest - error GET net::ERR_INTERNET_DISCONNECTED
2024-09-18 20:16:42.751 [error] electron #398: https://az764295.vo.msecnd.net/extensions/marketplace.json - error GET net::ERR_INTERNET_DISCONNECTED
2024-09-18 20:17:07.958 [error] electron #399: https://mobile.events.data.microsoft.com/OneCollector/1.0?cors=true&content-type=application/x-json-stream - error POST net::ERR_INTERNET_DISCONNECTED
2024-09-18 20:17:10.819 [error] electron #400: https://mobile.events.data.microsoft.com/OneCollector/1.0?cors=true&content-type=application/x-json-stream - error POST net::ERR_INTERNET_DISCONNECTED
2024-09-18 20:21:22.582 [error] electron #401: https://vscode-sync.trafficmanager.net/v1/manifest - error GET net::ERR_INTERNET_DISCONNECTED
2024-09-18 20:21:42.993 [error] electron #402: https://az764295.vo.msecnd.net/extensions/marketplace.json - error GET net::ERR_INTERNET_DISCONNECTED
2024-09-18 20:22:07.045 [error] electron #403: https://mobile.events.data.microsoft.com/OneCollector/1.0?cors=true&content-type=application/x-json-stream - error POST net::ERR_INTERNET_DISCONNECTED
2024-09-18 20:22:10.650 [error] electron #404: https://mobile.events.data.microsoft.com/OneCollector/1.0?cors=true&content-type=application/x-json-stream - error POST net::ERR_INTERNET_DISCONNECTED
2024-09-18 20:26:22.613 [error] electron #405: https://vscode-sync.trafficmanager.net/v1/manifest - error GET net::ERR_INTERNET_DISCONNECTED
2024-09-18 20:26:42.375 [error] electron #406: https://update.code.visualstudio.com/api/update/linux-x64/stable/38c31bc77e0dd6ae88a4e9cc93428cc27a56ba40 - error undefined net::ERR_INTERNET_DISCONNECTED
2024-09-18 20:26:43.225 [error] electron #407: https://az764295.vo.msecnd.net/extensions/marketplace.json - error GET net::ERR_INTERNET_DISCONNECTED
2024-09-18 20:27:13.952 [error] electron #408: https://mobile.events.data.microsoft.com/OneCollector/1.0?cors=true&content-type=application/x-json-stream - error POST net::ERR_INTERNET_DISCONNECTED
2024-09-18 20:27:17.057 [error] electron #409: https://mobile.events.data.microsoft.com/OneCollector/1.0?cors=true&content-type=application/x-json-stream - error POST net::ERR_INTERNET_DISCONNECTED
2024-09-18 20:31:22.691 [error] electron #410: https://vscode-sync.trafficmanager.net/v1/manifest - error GET net::ERR_INTERNET_DISCONNECTED
2024-09-18 20:31:43.461 [error] electron #411: https://az764295.vo.msecnd.net/extensions/marketplace.json - error GET net::ERR_INTERNET_DISCONNECTED
2024-09-18 20:32:03.254 [error] electron #412: https://mobile.events.data.microsoft.com/OneCollector/1.0?cors=true&content-type=application/x-json-stream - error POST net::ERR_INTERNET_DISCONNECTED
2024-09-18 20:32:06.784 [error] electron #413: https://mobile.events.data.microsoft.com/OneCollector/1.0?cors=true&content-type=application/x-json-stream - error POST net::ERR_INTERNET_DISCONNECTED
2024-09-18 20:36:22.766 [error] electron #414: https://vscode-sync.trafficmanager.net/v1/manifest - error GET net::ERR_INTERNET_DISCONNECTED
2024-09-18 20:36:43.653 [error] electron #415: https://az764295.vo.msecnd.net/extensions/marketplace.json - error GET net::ERR_INTERNET_DISCONNECTED
2024-09-18 20:37:10.476 [error] electron #416: https://mobile.events.data.microsoft.com/OneCollector/1.0?cors=true&content-type=application/x-json-stream - error POST net::ERR_INTERNET_DISCONNECTED
2024-09-18 20:37:13.064 [error] electron #417: https://mobile.events.data.microsoft.com/OneCollector/1.0?cors=true&content-type=application/x-json-stream - error POST net::ERR_INTERNET_DISCONNECTED
2024-09-18 20:41:22.795 [error] electron #418: https://vscode-sync.trafficmanager.net/v1/manifest - error GET net::ERR_INTERNET_DISCONNECTED
2024-09-18 20:41:43.972 [error] electron #419: https://az764295.vo.msecnd.net/extensions/marketplace.json - error GET net::ERR_INTERNET_DISCONNECTED
2024-09-18 20:42:08.527 [error] electron #420: https://mobile.events.data.microsoft.com/OneCollector/1.0?cors=true&content-type=application/x-json-stream - error POST net::ERR_INTERNET_DISCONNECTED
2024-09-18 20:42:11.833 [error] electron #421: https://mobile.events.data.microsoft.com/OneCollector/1.0?cors=true&content-type=application/x-json-stream - error POST net::ERR_INTERNET_DISCONNECTED
2024-09-18 20:46:22.864 [error] electron #422: https://vscode-sync.trafficmanager.net/v1/manifest - error GET net::ERR_INTERNET_DISCONNECTED
2024-09-18 20:46:44.258 [error] electron #423: https://az764295.vo.msecnd.net/extensions/marketplace.json - error GET net::ERR_INTERNET_DISCONNECTED
2024-09-18 20:47:17.385 [error] electron #424: https://mobile.events.data.microsoft.com/OneCollector/1.0?cors=true&content-type=application/x-json-stream - error POST net::ERR_INTERNET_DISCONNECTED
2024-09-18 20:47:20.997 [error] electron #425: https://mobile.events.data.microsoft.com/OneCollector/1.0?cors=true&content-type=application/x-json-stream - error POST net::ERR_INTERNET_DISCONNECTED
2024-09-18 20:51:22.935 [error] electron #426: https://vscode-sync.trafficmanager.net/v1/manifest - error GET net::ERR_INTERNET_DISCONNECTED
2024-09-18 20:51:44.527 [error] electron #427: https://az764295.vo.msecnd.net/extensions/marketplace.json - error GET net::ERR_INTERNET_DISCONNECTED
2024-09-18 20:52:12.898 [error] electron #428: https://mobile.events.data.microsoft.com/OneCollector/1.0?cors=true&content-type=application/x-json-stream - error POST net::ERR_INTERNET_DISCONNECTED
2024-09-18 20:52:15.999 [error] electron #429: https://mobile.events.data.microsoft.com/OneCollector/1.0?cors=true&content-type=application/x-json-stream - error POST net::ERR_INTERNET_DISCONNECTED
2024-09-18 20:56:23.001 [error] electron #430: https://vscode-sync.trafficmanager.net/v1/manifest - error GET net::ERR_INTERNET_DISCONNECTED
2024-09-18 20:56:44.726 [error] electron #431: https://az764295.vo.msecnd.net/extensions/marketplace.json - error GET net::ERR_INTERNET_DISCONNECTED
2024-09-18 20:57:11.235 [error] electron #432: https://mobile.events.data.microsoft.com/OneCollector/1.0?cors=true&content-type=application/x-json-stream - error POST net::ERR_INTERNET_DISCONNECTED
2024-09-18 20:57:13.968 [error] electron #433: https://mobile.events.data.microsoft.com/OneCollector/1.0?cors=true&content-type=application/x-json-stream - error POST net::ERR_INTERNET_DISCONNECTED
2024-09-18 21:01:23.056 [error] electron #434: https://vscode-sync.trafficmanager.net/v1/manifest - error GET net::ERR_INTERNET_DISCONNECTED
2024-09-18 21:01:44.970 [error] electron #435: https://az764295.vo.msecnd.net/extensions/marketplace.json - error GET net::ERR_INTERNET_DISCONNECTED
2024-09-18 21:02:07.336 [error] electron #436: https://mobile.events.data.microsoft.com/OneCollector/1.0?cors=true&content-type=application/x-json-stream - error POST net::ERR_INTERNET_DISCONNECTED
2024-09-18 21:02:10.372 [error] electron #437: https://mobile.events.data.microsoft.com/OneCollector/1.0?cors=true&content-type=application/x-json-stream - error POST net::ERR_INTERNET_DISCONNECTED
2024-09-18 21:06:23.130 [error] electron #438: https://vscode-sync.trafficmanager.net/v1/manifest - error GET net::ERR_INTERNET_DISCONNECTED
2024-09-18 21:06:45.092 [error] electron #439: https://az764295.vo.msecnd.net/extensions/marketplace.json - error GET net::ERR_INTERNET_DISCONNECTED
2024-09-18 21:07:11.083 [error] electron #440: https://mobile.events.data.microsoft.com/OneCollector/1.0?cors=true&content-type=application/x-json-stream - error POST net::ERR_INTERNET_DISCONNECTED
2024-09-18 21:07:13.852 [error] electron #441: https://mobile.events.data.microsoft.com/OneCollector/1.0?cors=true&content-type=application/x-json-stream - error POST net::ERR_INTERNET_DISCONNECTED
2024-09-18 21:11:23.201 [error] electron #442: https://vscode-sync.trafficmanager.net/v1/manifest - error GET net::ERR_INTERNET_DISCONNECTED
2024-09-18 21:11:45.341 [error] electron #443: https://az764295.vo.msecnd.net/extensions/marketplace.json - error GET net::ERR_INTERNET_DISCONNECTED
2024-09-18 21:12:08.740 [error] electron #444: https://mobile.events.data.microsoft.com/OneCollector/1.0?cors=true&content-type=application/x-json-stream - error POST net::ERR_INTERNET_DISCONNECTED
2024-09-18 21:12:11.309 [error] electron #445: https://mobile.events.data.microsoft.com/OneCollector/1.0?cors=true&content-type=application/x-json-stream - error POST net::ERR_INTERNET_DISCONNECTED
2024-09-18 21:16:23.269 [error] electron #446: https://vscode-sync.trafficmanager.net/v1/manifest - error GET net::ERR_INTERNET_DISCONNECTED
2024-09-18 21:16:45.472 [error] electron #447: https://az764295.vo.msecnd.net/extensions/marketplace.json - error GET net::ERR_INTERNET_DISCONNECTED
2024-09-18 21:17:18.074 [error] electron #448: https://mobile.events.data.microsoft.com/OneCollector/1.0?cors=true&content-type=application/x-json-stream - error POST net::ERR_INTERNET_DISCONNECTED
2024-09-18 21:17:21.527 [error] electron #449: https://mobile.events.data.microsoft.com/OneCollector/1.0?cors=true&content-type=application/x-json-stream - error POST net::ERR_INTERNET_DISCONNECTED
2024-09-18 21:21:23.346 [error] electron #450: https://vscode-sync.trafficmanager.net/v1/manifest - error GET net::ERR_INTERNET_DISCONNECTED
2024-09-18 21:21:45.627 [error] electron #451: https://az764295.vo.msecnd.net/extensions/marketplace.json - error GET net::ERR_INTERNET_DISCONNECTED
2024-09-18 21:22:09.602 [error] electron #452: https://mobile.events.data.microsoft.com/OneCollector/1.0?cors=true&content-type=application/x-json-stream - error POST net::ERR_INTERNET_DISCONNECTED
2024-09-18 21:22:12.661 [error] electron #453: https://mobile.events.data.microsoft.com/OneCollector/1.0?cors=true&content-type=application/x-json-stream - error POST net::ERR_INTERNET_DISCONNECTED
2024-09-18 21:26:23.419 [error] electron #454: https://vscode-sync.trafficmanager.net/v1/manifest - error GET net::ERR_INTERNET_DISCONNECTED
2024-09-18 21:26:42.386 [error] electron #455: https://update.code.visualstudio.com/api/update/linux-x64/stable/38c31bc77e0dd6ae88a4e9cc93428cc27a56ba40 - error undefined net::ERR_INTERNET_DISCONNECTED
2024-09-18 21:26:45.870 [error] electron #456: https://az764295.vo.msecnd.net/extensions/marketplace.json - error GET net::ERR_INTERNET_DISCONNECTED
2024-09-18 21:27:12.656 [error] electron #457: https://mobile.events.data.microsoft.com/OneCollector/1.0?cors=true&content-type=application/x-json-stream - error POST net::ERR_INTERNET_DISCONNECTED
2024-09-18 21:27:15.307 [error] electron #458: https://mobile.events.data.microsoft.com/OneCollector/1.0?cors=true&content-type=application/x-json-stream - error POST net::ERR_INTERNET_DISCONNECTED
2024-09-18 21:31:23.492 [error] electron #459: https://vscode-sync.trafficmanager.net/v1/manifest - error GET net::ERR_INTERNET_DISCONNECTED
2024-09-18 21:31:46.096 [error] electron #460: https://az764295.vo.msecnd.net/extensions/marketplace.json - error GET net::ERR_INTERNET_DISCONNECTED
2024-09-18 21:32:14.014 [error] electron #461: https://mobile.events.data.microsoft.com/OneCollector/1.0?cors=true&content-type=application/x-json-stream - error POST net::ERR_INTERNET_DISCONNECTED
2024-09-18 21:32:16.842 [error] electron #462: https://mobile.events.data.microsoft.com/OneCollector/1.0?cors=true&content-type=application/x-json-stream - error POST net::ERR_INTERNET_DISCONNECTED
2024-09-18 21:36:23.565 [error] electron #463: https://vscode-sync.trafficmanager.net/v1/manifest - error GET net::ERR_INTERNET_DISCONNECTED
2024-09-18 21:36:46.379 [error] electron #464: https://az764295.vo.msecnd.net/extensions/marketplace.json - error GET net::ERR_INTERNET_DISCONNECTED
2024-09-18 21:37:14.929 [error] electron #465: https://mobile.events.data.microsoft.com/OneCollector/1.0?cors=true&content-type=application/x-json-stream - error POST net::ERR_INTERNET_DISCONNECTED
2024-09-18 21:37:18.359 [error] electron #466: https://mobile.events.data.microsoft.com/OneCollector/1.0?cors=true&content-type=application/x-json-stream - error POST net::ERR_INTERNET_DISCONNECTED
2024-09-18 21:41:23.639 [error] electron #467: https://vscode-sync.trafficmanager.net/v1/manifest - error GET net::ERR_INTERNET_DISCONNECTED
2024-09-18 21:41:46.656 [error] electron #468: https://az764295.vo.msecnd.net/extensions/marketplace.json - error GET net::ERR_INTERNET_DISCONNECTED
2024-09-18 21:42:13.631 [error] electron #469: https://mobile.events.data.microsoft.com/OneCollector/1.0?cors=true&content-type=application/x-json-stream - error POST net::ERR_INTERNET_DISCONNECTED
2024-09-18 21:42:16.394 [error] electron #470: https://mobile.events.data.microsoft.com/OneCollector/1.0?cors=true&content-type=application/x-json-stream - error POST net::ERR_INTERNET_DISCONNECTED
2024-09-18 21:46:23.715 [error] electron #471: https://vscode-sync.trafficmanager.net/v1/manifest - error GET net::ERR_INTERNET_DISCONNECTED
2024-09-18 21:46:46.912 [error] electron #472: https://az764295.vo.msecnd.net/extensions/marketplace.json - error GET net::ERR_INTERNET_DISCONNECTED
2024-09-18 21:47:06.572 [error] electron #473: https://mobile.events.data.microsoft.com/OneCollector/1.0?cors=true&content-type=application/x-json-stream - error POST net::ERR_INTERNET_DISCONNECTED
2024-09-18 21:47:09.949 [error] electron #474: https://mobile.events.data.microsoft.com/OneCollector/1.0?cors=true&content-type=application/x-json-stream - error POST net::ERR_INTERNET_DISCONNECTED
2024-09-18 21:51:23.785 [error] electron #475: https://vscode-sync.trafficmanager.net/v1/manifest - error GET net::ERR_INTERNET_DISCONNECTED
2024-09-18 21:51:47.195 [error] electron #476: https://az764295.vo.msecnd.net/extensions/marketplace.json - error GET net::ERR_INTERNET_DISCONNECTED
