2024-12-06 08:50:00.832 [info] Added views:outline in workbench.view.explorer
2024-12-06 08:50:00.832 [info] Added views:workbench.view.search in workbench.view.search
2024-12-06 08:50:00.832 [info] Added views:workbench.scm in workbench.view.scm
2024-12-06 08:50:00.832 [info] Added views:workbench.panel.markers.view in workbench.panel.markers
2024-12-06 08:50:00.832 [info] Added views:workbench.panel.output in workbench.panel.output
2024-12-06 08:50:00.832 [info] Added views:terminal in terminal
2024-12-06 08:50:00.832 [info] Added views:timeline in workbench.view.explorer
2024-12-06 08:50:00.832 [info] Added views:workbench.explorer.fileView in workbench.view.explorer
2024-12-06 08:50:02.427 [info] Added views:projectsExplorerFavorites,projectManagerHelpAndFeedback in workbench.view.extension.project-manager
2024-12-06 08:50:02.433 [info] Added views:gitlens.views.home,gitlens.views.workspaces,gitlens.views.account in workbench.view.extension.gitlens
2024-12-06 08:50:02.435 [info] Added views:gitlens.views.commitDetails,gitlens.views.lineHistory,gitlens.views.fileHistory,gitlens.views.searchAndCompare in workbench.view.extension.gitlensInspect
2024-12-06 08:50:02.437 [info] Added views:gitlens.views.commits,gitlens.views.branches,gitlens.views.remotes,gitlens.views.stashes,gitlens.views.tags,gitlens.views.contributors in workbench.view.scm
2024-12-06 08:50:02.607 [info] Added views:workbench.debug.variablesView,workbench.debug.watchExpressionsView,workbench.debug.callStackView,workbench.debug.breakPointsView in workbench.view.debug
2024-12-06 08:50:02.974 [info] Added views:workbench.panel.repl.view in workbench.panel.repl
2024-12-06 08:50:02.976 [info] Removed views:workbench.debug.breakPointsView,workbench.debug.callStackView,workbench.debug.watchExpressionsView,workbench.debug.variablesView from workbench.view.debug
2024-12-06 08:50:02.977 [info] Added views:workbench.debug.welcome in workbench.view.debug
2024-12-06 08:50:03.726 [info] Added views:~remote.forwardedPorts in ~remote.forwardedPortsContainer
2024-12-06 08:50:04.228 [info] Added views:projectsExplorerGit in workbench.view.extension.project-manager
2024-12-06 08:50:04.326 [info] Removed views:gitlens.views.searchAndCompare,gitlens.views.fileHistory,gitlens.views.lineHistory,gitlens.views.commitDetails from workbench.view.extension.gitlensInspect
2024-12-06 08:50:04.329 [info] Removed views:gitlens.views.contributors,gitlens.views.tags,gitlens.views.stashes,gitlens.views.remotes,gitlens.views.branches,gitlens.views.commits from workbench.view.scm
2024-12-06 08:50:04.579 [info] Added views:gitlens.views.drafts in workbench.view.extension.gitlens
2024-12-06 08:50:05.333 [info] Added views:workbench.scm.history in workbench.view.scm
2024-12-06 08:50:06.202 [info] Added views:gitlens.views.graph,gitlens.views.graphDetails in workbench.view.extension.gitlensPanel
2024-12-06 08:50:06.208 [info] Added views:gitlens.views.commitDetails,gitlens.views.lineHistory,gitlens.views.fileHistory,gitlens.views.timeline,gitlens.views.searchAndCompare in workbench.view.extension.gitlensInspect
2024-12-06 08:50:06.211 [info] Added views:gitlens.views.commits,gitlens.views.branches,gitlens.views.remotes,gitlens.views.stashes,gitlens.views.tags,gitlens.views.worktrees,gitlens.views.contributors in workbench.view.scm
2024-12-06 08:50:34.756 [info] Removed views:workbench.scm.history from workbench.view.scm
