2024-09-20 03:30:48.106 [info] Reading sessions from keychain...
2024-09-20 03:30:48.106 [info] Getting sessions for all scopes...
2024-09-20 03:30:48.106 [info] Getting sessions for all scopes...
2024-09-20 03:30:48.124 [info] Got stored sessions!
2024-09-20 03:30:48.124 [info] Got 2 verified sessions.
2024-09-20 03:30:48.124 [info] Got 2 sessions for ...
2024-09-20 03:30:48.124 [info] Got 2 sessions for ...
2024-09-20 03:30:48.153 [info] Getting sessions for read:user,repo,user:email...
2024-09-20 03:30:48.153 [info] Got 0 sessions for read:user,repo,user:email...
2024-09-20 03:30:48.622 [info] Getting sessions for user:email...
2024-09-20 03:30:48.622 [info] Got 1 sessions for user:email...
2024-09-20 03:33:16.615 [info] Reading sessions from keychain...
2024-09-20 03:33:16.615 [info] Getting sessions for all scopes...
2024-09-20 03:33:16.615 [info] Getting sessions for all scopes...
2024-09-20 03:33:16.615 [info] Getting sessions for user:email...
2024-09-20 03:33:16.615 [info] Got stored sessions!
2024-09-20 03:33:16.615 [info] Got 2 verified sessions.
2024-09-20 03:33:16.615 [info] Got 2 sessions for ...
2024-09-20 03:33:16.615 [info] Got 2 sessions for ...
2024-09-20 03:33:16.615 [info] Got 1 sessions for user:email...
2024-09-20 03:33:16.615 [info] Getting sessions for read:user,repo,user:email...
2024-09-20 03:33:16.615 [info] Got 0 sessions for read:user,repo,user:email...
