2024-09-20 04:22:37.673 [info] [main] Log level: Info
2024-09-20 04:22:37.673 [info] [main] Validating found git in: "git"
2024-09-20 04:22:37.673 [info] [main] Using git "2.46.1" from "git"
2024-09-20 04:22:37.673 [info] [Model][doInitialScan] Initial repository scan started
2024-09-20 04:22:37.673 [info] > git rev-parse --show-toplevel [28ms]
2024-09-20 04:22:37.673 [info] fatal: not a git repository (or any parent up to mount point /)
Stopping at filesystem boundary (GIT_DISCOVERY_ACROSS_FILESYSTEM not set).
2024-09-20 04:22:37.673 [info] > git rev-parse --show-toplevel [334ms]
2024-09-20 04:22:37.673 [info] fatal: not a git repository (or any parent up to mount point /)
Stopping at filesystem boundary (GIT_DISCOVERY_ACROSS_FILESYSTEM not set).
2024-09-20 04:22:37.677 [info] > git rev-parse --show-toplevel [54ms]
2024-09-20 04:22:37.677 [info] fatal: not a git repository (or any parent up to mount point /)
Stopping at filesystem boundary (GIT_DISCOVERY_ACROSS_FILESYSTEM not set).
2024-09-20 04:22:37.701 [info] > git rev-parse --show-toplevel [9ms]
2024-09-20 04:22:37.701 [info] fatal: not a git repository (or any parent up to mount point /)
Stopping at filesystem boundary (GIT_DISCOVERY_ACROSS_FILESYSTEM not set).
2024-09-20 04:22:37.701 [info] [Model][doInitialScan] Initial repository scan completed - repositories (0), closed repositories (0), parent repositories (0), unsafe repositories (0)
2024-09-20 04:22:37.715 [info] > git rev-parse --show-toplevel [2ms]
2024-09-20 04:22:37.715 [info] fatal: not a git repository (or any parent up to mount point /)
Stopping at filesystem boundary (GIT_DISCOVERY_ACROSS_FILESYSTEM not set).
2024-09-20 04:22:37.815 [info] > git rev-parse --show-toplevel [4ms]
2024-09-20 04:22:37.815 [info] fatal: not a git repository (or any parent up to mount point /)
Stopping at filesystem boundary (GIT_DISCOVERY_ACROSS_FILESYSTEM not set).
2024-09-20 04:25:00.489 [info] > git rev-parse --show-toplevel [13ms]
2024-09-20 04:25:00.492 [info] fatal: not a git repository (or any parent up to mount point /)
Stopping at filesystem boundary (GIT_DISCOVERY_ACROSS_FILESYSTEM not set).
2024-09-20 04:25:08.852 [info] > git rev-parse --show-toplevel [97ms]
2024-09-20 04:25:08.852 [info] fatal: not a git repository (or any parent up to mount point /)
Stopping at filesystem boundary (GIT_DISCOVERY_ACROSS_FILESYSTEM not set).
2024-09-20 04:25:28.163 [info] > git rev-parse --show-toplevel [4ms]
2024-09-20 04:25:28.163 [info] fatal: not a git repository (or any parent up to mount point /)
Stopping at filesystem boundary (GIT_DISCOVERY_ACROSS_FILESYSTEM not set).
2024-09-20 04:25:32.333 [info] > git rev-parse --show-toplevel [4ms]
2024-09-20 04:25:32.333 [info] fatal: not a git repository (or any parent up to mount point /)
Stopping at filesystem boundary (GIT_DISCOVERY_ACROSS_FILESYSTEM not set).
2024-09-20 04:25:55.816 [info] > git rev-parse --show-toplevel [6ms]
2024-09-20 04:25:55.816 [info] fatal: not a git repository (or any parent up to mount point /)
Stopping at filesystem boundary (GIT_DISCOVERY_ACROSS_FILESYSTEM not set).
