2024-12-11 09:32:09.698 [info] [main] Log level: Info
2024-12-11 09:32:09.698 [info] [main] Validating found git in: "git"
2024-12-11 09:32:09.698 [info] [main] Using git "2.47.1" from "git"
2024-12-11 09:32:09.698 [info] [Model][doInitialScan] Initial repository scan started
2024-12-11 09:32:09.698 [info] > git rev-parse --show-toplevel [15ms]
2024-12-11 09:32:09.698 [info] > git rev-parse --git-dir --git-common-dir [25ms]
2024-12-11 09:32:09.698 [info] [Model][openRepository] Opened repository: /home/muadjomar/dotfiles/ZSH/.zsh/plugins/zsh-syntax-highlighting
2024-12-11 09:32:09.700 [info] > git config --get commit.template [33ms]
2024-12-11 09:32:09.704 [info] > git rev-parse --show-toplevel [9ms]
2024-12-11 09:32:09.770 [info] > git rev-parse --show-toplevel [23ms]
2024-12-11 09:32:09.771 [info] > git for-each-ref --format=%(refname)%00%(upstream:short)%00%(objectname)%00%(upstream:track)%00%(upstream:remotename)%00%(upstream:remoteref) refs/heads/master refs/remotes/master [51ms]
2024-12-11 09:32:10.658 [warning] [Git][revParse] Unable to read file: ENOENT: no such file or directory, open '/home/muadjomar/dotfiles/ZSH/.zsh/plugins/zsh-syntax-highlighting/.git/refs/remotes/origin/master'
2024-12-11 09:32:11.014 [info] > git rev-parse refs/remotes/origin/master [357ms]
2024-12-11 09:32:11.047 [info] > git rev-parse --show-toplevel [402ms]
2024-12-11 09:32:11.158 [info] > git status -z -uall [127ms]
2024-12-11 09:32:11.159 [info] > git for-each-ref --sort -committerdate --format %(refname) %(objectname) %(*objectname) [112ms]
2024-12-11 09:32:11.304 [info] > git check-ignore -v -z --stdin [73ms]
2024-12-11 09:32:11.310 [info] > git for-each-ref --format=%(refname)%00%(upstream:short)%00%(objectname)%00%(upstream:track)%00%(upstream:remotename)%00%(upstream:remoteref) refs/heads/master refs/remotes/master [118ms]
2024-12-11 09:32:11.334 [info] > git rev-parse --show-toplevel [183ms]
2024-12-11 09:32:11.436 [info] > git config --local branch.master.vscode-merge-base [102ms]
2024-12-11 09:32:11.436 [warning] [Git][config] git config failed: Failed to execute git
2024-12-11 09:32:11.450 [info] > git config --get commit.template [148ms]
2024-12-11 09:32:11.681 [info] > git reflog master --grep-reflog=branch: Created from *. [232ms]
2024-12-11 09:32:11.693 [info] > git rev-parse --show-toplevel [259ms]
2024-12-11 09:32:11.694 [info] [Model][doInitialScan] Initial repository scan completed - repositories (1), closed repositories (0), parent repositories (0), unsafe repositories (0)
2024-12-11 09:32:11.731 [info] > git symbolic-ref --short refs/remotes/origin/HEAD [39ms]
2024-12-11 09:32:11.747 [info] > git for-each-ref --format=%(refname)%00%(upstream:short)%00%(objectname)%00%(upstream:track)%00%(upstream:remotename)%00%(upstream:remoteref) refs/heads/origin/master refs/remotes/origin/master [5ms]
2024-12-11 09:32:11.760 [info] > git for-each-ref --format=%(refname)%00%(upstream:short)%00%(objectname)%00%(upstream:track)%00%(upstream:remotename)%00%(upstream:remoteref) refs/heads/master refs/remotes/master [31ms]
2024-12-11 09:32:11.774 [warning] [Git][revParse] Unable to read file: ENOENT: no such file or directory, open '/home/muadjomar/dotfiles/ZSH/.zsh/plugins/zsh-syntax-highlighting/.git/refs/remotes/origin/master'
2024-12-11 09:32:11.796 [info] > git config --local branch.master.vscode-merge-base origin/master [35ms]
2024-12-11 09:32:11.855 [info] > git rev-parse refs/remotes/origin/master [81ms]
2024-12-11 09:32:11.875 [info] > git for-each-ref --format=%(refname)%00%(upstream:short)%00%(objectname)%00%(upstream:track)%00%(upstream:remotename)%00%(upstream:remoteref) refs/heads/master refs/remotes/master [6ms]
2024-12-11 09:32:11.891 [info] > git config --get commit.template [37ms]
2024-12-11 09:32:11.915 [info] > git config --local branch.master.vscode-merge-base [25ms]
2024-12-11 09:32:11.950 [info] > git for-each-ref --format=%(refname)%00%(upstream:short)%00%(objectname)%00%(upstream:track)%00%(upstream:remotename)%00%(upstream:remoteref) refs/heads/master refs/remotes/master [7ms]
2024-12-11 09:32:11.950 [info] > git for-each-ref --format=%(refname)%00%(upstream:short)%00%(objectname)%00%(upstream:track)%00%(upstream:remotename)%00%(upstream:remoteref) refs/heads/origin/master refs/remotes/origin/master [21ms]
2024-12-11 09:32:11.999 [warning] [Git][revParse] Unable to read file: ENOENT: no such file or directory, open '/home/muadjomar/dotfiles/ZSH/.zsh/plugins/zsh-syntax-highlighting/.git/refs/remotes/origin/master'
2024-12-11 09:32:12.001 [info] > git merge-base refs/heads/master refs/remotes/origin/master [34ms]
2024-12-11 09:32:12.025 [info] > git diff --name-status -z --diff-filter=ADMR 5eb677bb0fa9a3e60f0eff031dc13926e093df92...refs/remotes/origin/master [10ms]
2024-12-11 09:32:12.027 [info] > git rev-parse refs/remotes/origin/master [27ms]
2024-12-11 09:32:12.061 [info] > git status -z -uall [19ms]
2024-12-11 09:32:12.065 [info] > git for-each-ref --sort -committerdate --format %(refname) %(objectname) %(*objectname) [6ms]
