2024-09-21 17:37:27.811 [info] [main] Log level: Info
2024-09-21 17:37:27.811 [info] [main] Validating found git in: "git"
2024-09-21 17:37:27.811 [info] [main] Using git "2.46.1" from "git"
2024-09-21 17:37:27.811 [info] [Model][doInitialScan] Initial repository scan started
2024-09-21 17:37:27.811 [info] > git rev-parse --show-toplevel [15ms]
2024-09-21 17:37:27.811 [info] fatal: not a git repository (or any parent up to mount point /)
Stopping at filesystem boundary (GIT_DISCOVERY_ACROSS_FILESYSTEM not set).
2024-09-21 17:37:27.811 [info] > git rev-parse --show-toplevel [211ms]
2024-09-21 17:37:27.811 [info] fatal: not a git repository (or any parent up to mount point /)
Stopping at filesystem boundary (GIT_DISCOVERY_ACROSS_FILESYSTEM not set).
2024-09-21 17:37:27.813 [info] > git rev-parse --show-toplevel [30ms]
2024-09-21 17:37:27.813 [info] fatal: not a git repository (or any parent up to mount point /)
Stopping at filesystem boundary (GIT_DISCOVERY_ACROSS_FILESYSTEM not set).
2024-09-21 17:37:27.814 [info] [Model][doInitialScan] Initial repository scan completed - repositories (0), closed repositories (0), parent repositories (0), unsafe repositories (0)
2024-09-21 17:37:28.477 [info] > git rev-parse --show-toplevel [22ms]
2024-09-21 17:37:28.477 [info] fatal: not a git repository (or any parent up to mount point /)
Stopping at filesystem boundary (GIT_DISCOVERY_ACROSS_FILESYSTEM not set).
2024-09-21 17:37:30.119 [info] > git rev-parse --show-toplevel [5ms]
2024-09-21 17:37:30.119 [info] fatal: not a git repository (or any parent up to mount point /)
Stopping at filesystem boundary (GIT_DISCOVERY_ACROSS_FILESYSTEM not set).
2024-09-21 17:37:33.863 [info] > git rev-parse --show-toplevel [3ms]
2024-09-21 17:37:33.863 [info] fatal: not a git repository (or any parent up to mount point /)
Stopping at filesystem boundary (GIT_DISCOVERY_ACROSS_FILESYSTEM not set).
