2024-09-20 03:30:43.884 [info] Deleted uninstalled extension from disk fallenmax.mithril-emmet /home/muadjomar/.vscode/extensions/fallenmax.mithril-emmet-0.7.7
2024-09-20 03:30:47.947 [error] [uncaught exception in sharedProcess]: Channel name 'extensionRecommendationNotification' timed out after 1000ms
2024-09-20 03:30:49.963 [info] Getting Manifest... eamodio.gitlens
2024-09-20 03:30:49.969 [info] Getting Manifest... ms-vscode.cmake-tools
2024-09-20 03:30:50.177 [info] Installing extension: ms-vscode.cmake-tools {"productVersion":{"version":"1.93.1","date":"2024-09-11T17:20:05.685Z"},"pinned":false,"isApplicationScoped":false,"profileLocation":{"$mid":1,"external":"vscode-userdata:/home/muadjomar/.vscode/extensions/extensions.json","path":"/home/muadjomar/.vscode/extensions/extensions.json","scheme":"vscode-userdata"},"installOnlyNewlyAddedFromExtensionPack":true}
2024-09-20 03:30:50.547 [info] Installing extension: eamodio.gitlens {"productVersion":{"version":"1.93.1","date":"2024-09-11T17:20:05.685Z"},"pinned":false,"isApplicationScoped":false,"profileLocation":{"$mid":1,"external":"vscode-userdata:/home/muadjomar/.vscode/extensions/extensions.json","path":"/home/muadjomar/.vscode/extensions/extensions.json","scheme":"vscode-userdata"},"installOnlyNewlyAddedFromExtensionPack":true}
2024-09-20 03:30:55.811 [info] Extension signature verification result for ms-vscode.cmake-tools: UnknownError. Executed: true. Duration: 59ms.
2024-09-20 03:30:56.512 [info] Extracted extension to file:///home/muadjomar/.vscode/extensions/ms-vscode.cmake-tools-1.19.52: ms-vscode.cmake-tools
2024-09-20 03:30:56.522 [info] Renamed to /home/muadjomar/.vscode/extensions/ms-vscode.cmake-tools-1.19.52
2024-09-20 03:30:56.576 [info] Marked extension as uninstalled ms-vscode.cmake-tools-1.19.51
2024-09-20 03:30:56.613 [info] Extension installed successfully: ms-vscode.cmake-tools vscode-userdata:/home/muadjomar/.vscode/extensions/extensions.json
2024-09-20 03:30:56.623 [error] [uncaught exception in sharedProcess]: Error: ENOENT: no such file or directory, stat '/home/muadjomar/.vscode/extensions/extensions.json.vsctmp': EntryNotFound (FileSystemError): Error: ENOENT: no such file or directory, stat '/home/muadjomar/.vscode/extensions/extensions.json.vsctmp'
    at o.create (/opt/visual-studio-code/resources/app/out/vs/code/node/sharedProcess/sharedProcessMain.js:54:19406)
    at u (/opt/visual-studio-code/resources/app/out/vs/code/node/sharedProcess/sharedProcessMain.js:54:19517)
    at $.hb (/opt/visual-studio-code/resources/app/out/vs/code/node/sharedProcess/sharedProcessMain.js:59:36674)
    at $.stat (/opt/visual-studio-code/resources/app/out/vs/code/node/sharedProcess/sharedProcessMain.js:59:29001)
    at async c.stat (/opt/visual-studio-code/resources/app/out/vs/code/node/sharedProcess/sharedProcessMain.js:59:14931)
    at async W.ub (/opt/visual-studio-code/resources/app/out/vs/code/node/sharedProcess/sharedProcessMain.js:105:120356)
2024-09-20 03:30:56.676 [info] Extension signature verification result for eamodio.gitlens: UnknownError. Executed: true. Duration: 12ms.
2024-09-20 03:30:57.567 [info] Extracted extension to file:///home/muadjomar/.vscode/extensions/eamodio.gitlens-15.5.1: eamodio.gitlens
2024-09-20 03:30:57.602 [info] Renamed to /home/muadjomar/.vscode/extensions/eamodio.gitlens-15.5.1
2024-09-20 03:30:57.673 [info] Marked extension as uninstalled eamodio.gitlens-15.4.0
2024-09-20 03:30:57.721 [info] Extension installed successfully: eamodio.gitlens vscode-userdata:/home/muadjomar/.vscode/extensions/extensions.json
2024-09-20 03:30:57.729 [error] [uncaught exception in sharedProcess]: Error: ENOENT: no such file or directory, stat '/home/muadjomar/.vscode/extensions/extensions.json.vsctmp': EntryNotFound (FileSystemError): Error: ENOENT: no such file or directory, stat '/home/muadjomar/.vscode/extensions/extensions.json.vsctmp'
    at o.create (/opt/visual-studio-code/resources/app/out/vs/code/node/sharedProcess/sharedProcessMain.js:54:19406)
    at u (/opt/visual-studio-code/resources/app/out/vs/code/node/sharedProcess/sharedProcessMain.js:54:19517)
    at $.hb (/opt/visual-studio-code/resources/app/out/vs/code/node/sharedProcess/sharedProcessMain.js:59:36674)
    at $.stat (/opt/visual-studio-code/resources/app/out/vs/code/node/sharedProcess/sharedProcessMain.js:59:29001)
    at async c.stat (/opt/visual-studio-code/resources/app/out/vs/code/node/sharedProcess/sharedProcessMain.js:59:14931)
    at async W.ub (/opt/visual-studio-code/resources/app/out/vs/code/node/sharedProcess/sharedProcessMain.js:105:120356)
2024-09-20 03:33:07.647 [info] Uninstalling extension from the profile: ms-vscode.cpptools-extension-pack@1.3.0 vscode-userdata:/home/muadjomar/.vscode/extensions/extensions.json
2024-09-20 03:33:07.648 [info] Uninstalling extension from the profile: ms-vscode.cmake-tools@1.19.52 vscode-userdata:/home/muadjomar/.vscode/extensions/extensions.json
2024-09-20 03:33:07.648 [info] Uninstalling extension from the profile: ms-vscode.cpptools@1.21.6 vscode-userdata:/home/muadjomar/.vscode/extensions/extensions.json
2024-09-20 03:33:07.649 [info] Uninstalling extension from the profile: ms-vscode.cpptools-themes@2.0.0 vscode-userdata:/home/muadjomar/.vscode/extensions/extensions.json
2024-09-20 03:33:07.649 [info] Uninstalling extension from the profile: twxs.cmake@0.0.17 vscode-userdata:/home/muadjomar/.vscode/extensions/extensions.json
2024-09-20 03:33:07.718 [info] Extensions is already requested to uninstall ms-vscode.cmake-tools
2024-09-20 03:33:07.718 [info] Extensions is already requested to uninstall ms-vscode.cpptools
2024-09-20 03:33:07.719 [info] Extensions is already requested to uninstall ms-vscode.cpptools-themes
2024-09-20 03:33:07.719 [info] Extensions is already requested to uninstall twxs.cmake
2024-09-20 03:33:07.720 [info] Extensions is already requested to uninstall twxs.cmake
2024-09-20 03:33:07.751 [info] Marked extension as uninstalled ms-vscode.cpptools-extension-pack-1.3.0
2024-09-20 03:33:07.772 [info] Marked extension as uninstalled ms-vscode.cmake-tools-1.19.52
2024-09-20 03:33:07.804 [info] Marked extension as uninstalled ms-vscode.cpptools-1.21.6-linux-x64
2024-09-20 03:33:07.806 [error] [uncaught exception in sharedProcess]: Error: ENOENT: no such file or directory, stat '/home/muadjomar/.vscode/extensions/extensions.json.vsctmp': EntryNotFound (FileSystemError): Error: ENOENT: no such file or directory, stat '/home/muadjomar/.vscode/extensions/extensions.json.vsctmp'
    at o.create (/opt/visual-studio-code/resources/app/out/vs/code/node/sharedProcess/sharedProcessMain.js:54:19406)
    at u (/opt/visual-studio-code/resources/app/out/vs/code/node/sharedProcess/sharedProcessMain.js:54:19517)
    at $.hb (/opt/visual-studio-code/resources/app/out/vs/code/node/sharedProcess/sharedProcessMain.js:59:36674)
    at $.stat (/opt/visual-studio-code/resources/app/out/vs/code/node/sharedProcess/sharedProcessMain.js:59:29001)
    at async c.stat (/opt/visual-studio-code/resources/app/out/vs/code/node/sharedProcess/sharedProcessMain.js:59:14931)
    at async W.ub (/opt/visual-studio-code/resources/app/out/vs/code/node/sharedProcess/sharedProcessMain.js:105:120356)
2024-09-20 03:33:07.840 [info] Marked extension as uninstalled ms-vscode.cpptools-themes-2.0.0
2024-09-20 03:33:07.861 [info] Marked extension as uninstalled twxs.cmake-0.0.17
2024-09-20 03:33:08.473 [info] Successfully uninstalled extension from the profile ms-vscode.cpptools-extension-pack@1.3.0 vscode-userdata:/home/muadjomar/.vscode/extensions/extensions.json
2024-09-20 03:33:08.473 [info] Successfully uninstalled extension from the profile ms-vscode.cmake-tools@1.19.52 vscode-userdata:/home/muadjomar/.vscode/extensions/extensions.json
2024-09-20 03:33:08.473 [info] Successfully uninstalled extension from the profile ms-vscode.cpptools@1.21.6 vscode-userdata:/home/muadjomar/.vscode/extensions/extensions.json
2024-09-20 03:33:08.474 [info] Successfully uninstalled extension from the profile ms-vscode.cpptools-themes@2.0.0 vscode-userdata:/home/muadjomar/.vscode/extensions/extensions.json
2024-09-20 03:33:08.474 [info] Successfully uninstalled extension from the profile twxs.cmake@0.0.17 vscode-userdata:/home/muadjomar/.vscode/extensions/extensions.json
