2024-09-20 03:30:43.223 [info] Using settings sync service https://vscode-sync.trafficmanager.net/
2024-09-20 03:30:43.223 [info] Auto Sync is enabled.
2024-09-20 03:30:43.223 [info] Auto Sync: Suspended until auth token is available.
2024-09-20 03:30:48.849 [info] Auto Sync: Triggered by Interval
2024-09-20 03:30:48.850 [info] Sync started.
2024-09-20 03:30:50.481 [info] Settings: No changes found during synchronizing settings.
2024-09-20 03:30:50.979 [info] Keybindings: No changes found during synchronizing keybindings.
2024-09-20 03:30:51.138 [info] Snippets: No changes found during synchronizing snippets.
2024-09-20 03:30:51.199 [info] Tasks: No changes found during synchronizing tasks.
2024-09-20 03:30:51.967 [info] GlobalState: Updated remote ui state. Updated: cpp.1.lastSessionDate,cpp.1.sessionCount,java.2.lastSessionDate,java.2.sessionCount,javascript.1.lastSessionDate,javascript.1.sessionCount,typescript.1.lastSessionDate,typescript.1.sessionCount,csharp.1.lastSessionDate,csharp.1.sessionCount.
2024-09-20 03:30:51.976 [info] GlobalState: Updated last synchronized ui state
2024-09-20 03:30:53.111 [info] Extensions: Updated remote extensions. Removed: ["fallenmax.mithril-emmet"].
2024-09-20 03:30:53.117 [info] Extensions: Updated last synchronized extensions.
2024-09-20 03:30:53.125 [info] Profiles: No changes found during synchronizing profiles.
2024-09-20 03:30:53.129 [info] Sync done. Took 4439ms
2024-09-20 03:30:59.865 [info] Auto Sync: Triggered by Activity
2024-09-20 03:30:59.865 [info] Sync started.
2024-09-20 03:31:00.087 [info] Settings: No changes found during synchronizing settings.
2024-09-20 03:31:00.096 [info] Keybindings: No changes found during synchronizing keybindings.
2024-09-20 03:31:00.102 [info] Snippets: No changes found during synchronizing snippets.
2024-09-20 03:31:00.108 [info] Tasks: No changes found during synchronizing tasks.
2024-09-20 03:31:00.116 [info] GlobalState: No changes found during synchronizing ui state.
2024-09-20 03:31:00.590 [info] Extensions: Updated remote extensions. Updated: ["eamodio.gitlens"].
2024-09-20 03:31:00.597 [info] Extensions: Updated last synchronized extensions.
2024-09-20 03:31:00.602 [info] Profiles: No changes found during synchronizing profiles.
2024-09-20 03:31:00.606 [info] Sync done. Took 741ms
2024-09-20 03:33:06.438 [info] Auto Sync: Triggered by Activity
2024-09-20 03:33:06.439 [info] Sync started.
2024-09-20 03:33:06.559 [info] Settings: No changes found during synchronizing settings.
2024-09-20 03:33:06.572 [info] Keybindings: No changes found during synchronizing keybindings.
2024-09-20 03:33:06.582 [info] Snippets: No changes found during synchronizing snippets.
2024-09-20 03:33:06.590 [info] Tasks: No changes found during synchronizing tasks.
2024-09-20 03:33:06.598 [info] GlobalState: No changes found during synchronizing ui state.
2024-09-20 03:33:06.777 [info] Extensions: No changes found during synchronizing extensions.
2024-09-20 03:33:06.783 [info] Profiles: No changes found during synchronizing profiles.
2024-09-20 03:33:06.788 [info] Sync done. Took 351ms
2024-09-20 03:33:11.669 [info] Auto Sync: Triggered by Activity
2024-09-20 03:33:11.670 [info] Sync started.
2024-09-20 03:33:11.862 [info] Settings: No changes found during synchronizing settings.
2024-09-20 03:33:11.867 [info] Keybindings: No changes found during synchronizing keybindings.
2024-09-20 03:33:11.877 [info] Snippets: No changes found during synchronizing snippets.
2024-09-20 03:33:11.884 [info] Tasks: No changes found during synchronizing tasks.
2024-09-20 03:33:12.485 [info] GlobalState: Updated remote ui state. Updated: workbench.activity.pinnedViewlets2.
2024-09-20 03:33:12.491 [info] GlobalState: Updated last synchronized ui state
2024-09-20 03:33:13.025 [info] Extensions: Updated remote extensions. Removed: ["ms-vscode.cmake-tools","ms-vscode.cpptools-extension-pack","ms-vscode.cpptools-themes","twxs.cmake","ms-vscode.cpptools"].
2024-09-20 03:33:13.031 [info] Extensions: Updated last synchronized extensions.
2024-09-20 03:33:13.035 [info] Profiles: No changes found during synchronizing profiles.
2024-09-20 03:33:13.038 [info] Sync done. Took 1370ms
2024-09-20 03:33:18.593 [info] Auto Sync: Triggered by Activity
2024-09-20 03:33:18.593 [info] Sync started.
2024-09-20 03:33:18.727 [info] Settings: No changes found during synchronizing settings.
2024-09-20 03:33:18.738 [info] Keybindings: No changes found during synchronizing keybindings.
2024-09-20 03:33:18.748 [info] Snippets: No changes found during synchronizing snippets.
2024-09-20 03:33:18.757 [info] Tasks: No changes found during synchronizing tasks.
2024-09-20 03:33:18.765 [info] GlobalState: No changes found during synchronizing ui state.
2024-09-20 03:33:19.317 [info] Extensions: Updated remote extensions. Updated: ["eamodio.gitlens"].
2024-09-20 03:33:19.322 [info] Extensions: Updated last synchronized extensions.
2024-09-20 03:33:19.328 [info] Profiles: No changes found during synchronizing profiles.
2024-09-20 03:33:19.331 [info] Sync done. Took 739ms
