2024-09-20 04:24:58.726 [info] Getting Manifest... catppuccin.catppuccin-vsc
2024-09-20 04:24:58.961 [info] Installing extension: catppuccin.catppuccin-vsc {"isMachineScoped":false,"installPreReleaseVersion":false,"pinned":false,"profileLocation":{"$mid":1,"external":"vscode-userdata:/home/muadjomar/.vscode-oss/extensions/extensions.json","path":"/home/muadjomar/.vscode-oss/extensions/extensions.json","scheme":"vscode-userdata"},"installOnlyNewlyAddedFromExtensionPack":true,"isApplicationScoped":false,"productVersion":{"version":"1.93.1","date":"2024-09-12T18:27:33.186Z"}}
2024-09-20 04:25:00.055 [info] Extracted extension to file:///home/muadjomar/.vscode-oss/extensions/catppuccin.catppuccin-vsc-3.15.2-universal: catppuccin.catppuccin-vsc
2024-09-20 04:25:00.098 [info] Renamed to /home/muadjomar/.vscode-oss/extensions/catppuccin.catppuccin-vsc-3.15.2-universal
2024-09-20 04:25:00.238 [error] [uncaught exception in sharedProcess]: Error: ENOENT: no such file or directory, stat '/home/muadjomar/.vscode-oss/extensions/extensions.json.vsctmp': EntryNotFound (FileSystemError): Error: ENOENT: no such file or directory, stat '/home/muadjomar/.vscode-oss/extensions/extensions.json.vsctmp'
    at o.create (/opt/vscodium-bin/resources/app/out/vs/code/node/sharedProcess/sharedProcessMain.js:54:22224)
    at h (/opt/vscodium-bin/resources/app/out/vs/code/node/sharedProcess/sharedProcessMain.js:54:22355)
    at p.toFileSystemProviderError (/opt/vscodium-bin/resources/app/out/vs/code/node/sharedProcess/sharedProcessMain.js:59:48003)
    at p.stat (/opt/vscodium-bin/resources/app/out/vs/code/node/sharedProcess/sharedProcessMain.js:59:38485)
    at async c.stat (/opt/vscodium-bin/resources/app/out/vs/code/node/sharedProcess/sharedProcessMain.js:59:19784)
    at async B.onDidFilesChange (/opt/vscodium-bin/resources/app/out/vs/code/node/sharedProcess/sharedProcessMain.js:105:148257)
2024-09-20 04:25:00.264 [info] Extension installed successfully: catppuccin.catppuccin-vsc vscode-userdata:/home/muadjomar/.vscode-oss/extensions/extensions.json
2024-09-20 04:25:21.615 [info] Getting Manifest... catppuccin.catppuccin-vsc-icons
2024-09-20 04:25:21.857 [info] Installing extension: catppuccin.catppuccin-vsc-icons {"isMachineScoped":false,"installPreReleaseVersion":false,"pinned":false,"profileLocation":{"$mid":1,"external":"vscode-userdata:/home/muadjomar/.vscode-oss/extensions/extensions.json","path":"/home/muadjomar/.vscode-oss/extensions/extensions.json","scheme":"vscode-userdata"},"installOnlyNewlyAddedFromExtensionPack":true,"isApplicationScoped":false,"productVersion":{"version":"1.93.1","date":"2024-09-12T18:27:33.186Z"}}
2024-09-20 04:25:28.002 [info] Extracted extension to file:///home/muadjomar/.vscode-oss/extensions/catppuccin.catppuccin-vsc-icons-1.16.0-universal: catppuccin.catppuccin-vsc-icons
2024-09-20 04:25:28.031 [info] Renamed to /home/muadjomar/.vscode-oss/extensions/catppuccin.catppuccin-vsc-icons-1.16.0-universal
2024-09-20 04:25:28.081 [info] Extension installed successfully: catppuccin.catppuccin-vsc-icons vscode-userdata:/home/muadjomar/.vscode-oss/extensions/extensions.json
2024-09-20 04:25:28.139 [error] [uncaught exception in sharedProcess]: Error: ENOENT: no such file or directory, stat '/home/muadjomar/.vscode-oss/extensions/extensions.json.vsctmp': EntryNotFound (FileSystemError): Error: ENOENT: no such file or directory, stat '/home/muadjomar/.vscode-oss/extensions/extensions.json.vsctmp'
    at o.create (/opt/vscodium-bin/resources/app/out/vs/code/node/sharedProcess/sharedProcessMain.js:54:22224)
    at h (/opt/vscodium-bin/resources/app/out/vs/code/node/sharedProcess/sharedProcessMain.js:54:22355)
    at p.toFileSystemProviderError (/opt/vscodium-bin/resources/app/out/vs/code/node/sharedProcess/sharedProcessMain.js:59:48003)
    at p.stat (/opt/vscodium-bin/resources/app/out/vs/code/node/sharedProcess/sharedProcessMain.js:59:38485)
    at async c.stat (/opt/vscodium-bin/resources/app/out/vs/code/node/sharedProcess/sharedProcessMain.js:59:19784)
    at async B.onDidFilesChange (/opt/vscodium-bin/resources/app/out/vs/code/node/sharedProcess/sharedProcessMain.js:105:148257)
