2024-12-06 08:50:02.363 [info] Extension host with pid 25291 started
2024-12-06 08:50:02.363 [info] Skipping acquiring lock for /home/muadjomar/.config/VSCodium/User/workspaceStorage/2d3ead5ef93bb66974e08e3a8f1faa71.
2024-12-06 08:50:02.972 [info] ExtensionService#_doActivateExtension vscode.git-base, startup: true, activationEvent: '*', root cause: vscode.git
2024-12-06 08:50:03.070 [info] ExtensionService#_doActivateExtension vscode.git, startup: true, activationEvent: '*'
2024-12-06 08:50:03.236 [info] ExtensionService#_doActivateExtension vscode.github, startup: true, activationEvent: '*'
2024-12-06 08:50:03.408 [info] Eager extensions activated
2024-12-06 08:50:03.471 [info] ExtensionService#_doActivateExtension vscode.debug-auto-launch, startup: false, activationEvent: 'onStartupFinished'
2024-12-06 08:50:03.477 [info] ExtensionService#_doActivateExtension vscode.merge-conflict, startup: false, activationEvent: 'onStartupFinished'
2024-12-06 08:50:03.525 [info] ExtensionService#_doActivateExtension alefragnani.project-manager, startup: false, activationEvent: 'onStartupFinished'
2024-12-06 08:50:03.558 [info] ExtensionService#_doActivateExtension Catppuccin.catppuccin-vsc, startup: false, activationEvent: 'onStartupFinished'
2024-12-06 08:50:03.572 [info] ExtensionService#_doActivateExtension Catppuccin.catppuccin-vsc-icons, startup: false, activationEvent: 'onStartupFinished'
2024-12-06 08:50:03.747 [info] ExtensionService#_doActivateExtension eamodio.gitlens, startup: false, activationEvent: 'onStartupFinished'
2024-12-06 08:50:04.071 [info] ExtensionService#_doActivateExtension formulahendry.code-runner, startup: false, activationEvent: 'onStartupFinished'
2024-12-06 08:50:04.121 [info] ExtensionService#_doActivateExtension ritwickdey.LiveServer, startup: false, activationEvent: 'onStartupFinished'
2024-12-06 08:50:04.673 [info] ExtensionService#_doActivateExtension vscode.github-authentication, startup: false, activationEvent: 'onAuthenticationRequest:github'
2024-12-06 08:50:04.800 [info] ExtensionService#_doActivateExtension vscode.configuration-editing, startup: false, activationEvent: 'onLanguage:jsonc'
2024-12-06 08:50:04.833 [info] ExtensionService#_doActivateExtension vscode.json-language-features, startup: false, activationEvent: 'onLanguage:jsonc'
2024-12-06 08:50:04.999 [info] ExtensionService#_doActivateExtension vscode.typescript-language-features, startup: false, activationEvent: 'onLanguage:jsonc'
2024-12-06 08:50:05.129 [info] ExtensionService#_doActivateExtension vscode.emmet, startup: false, activationEvent: 'onLanguage'
2024-12-06 08:50:06.622 [warning] [Decorations] CAPPING events from decorations provider vscode.git 365
2024-12-06 08:50:07.552 [warning] [Decorations] CAPPING events from decorations provider vscode.git 365
2024-12-06 08:50:32.288 [info] ExtensionService#_doActivateExtension vscode.html-language-features, startup: false, activationEvent: 'onLanguage:html'
2024-12-06 08:50:34.719 [info] Extension host terminating: renderer closed the MessagePort
2024-12-06 08:50:34.770 [error] Canceled: Canceled
	at new t3 (file:///opt/vscodium-bin/resources/app/out/vs/workbench/api/node/extensionHostProcess.js:31:116229)
	at py._remoteCall (file:///opt/vscodium-bin/resources/app/out/vs/workbench/api/node/extensionHostProcess.js:31:122523)
	at s.<computed>.n.charCodeAt.s.<computed> (file:///opt/vscodium-bin/resources/app/out/vs/workbench/api/node/extensionHostProcess.js:31:119282)
	at J_._doExecuteCommand (file:///opt/vscodium-bin/resources/app/out/vs/workbench/api/node/extensionHostProcess.js:114:38451)
	at J_.executeCommand (file:///opt/vscodium-bin/resources/app/out/vs/workbench/api/node/extensionHostProcess.js:114:37890)
	at r.registerCommand.description (file:///opt/vscodium-bin/resources/app/out/vs/workbench/api/node/extensionHostProcess.js:114:37154)
	at J_._executeContributedCommand (file:///opt/vscodium-bin/resources/app/out/vs/workbench/api/node/extensionHostProcess.js:114:39020)
	at J_._doExecuteCommand (file:///opt/vscodium-bin/resources/app/out/vs/workbench/api/node/extensionHostProcess.js:114:38023)
	at J_.executeCommand (file:///opt/vscodium-bin/resources/app/out/vs/workbench/api/node/extensionHostProcess.js:114:37890)
	at Object.executeCommand (file:///opt/vscodium-bin/resources/app/out/vs/workbench/api/node/extensionHostProcess.js:156:42153)
	at mh.O [as value] (/opt/vscodium-bin/resources/app/extensions/git/dist/main.js:2:961905)
	at I._deliver (file:///opt/vscodium-bin/resources/app/out/vs/workbench/api/node/extensionHostProcess.js:29:922)
	at I._deliverQueue (file:///opt/vscodium-bin/resources/app/out/vs/workbench/api/node/extensionHostProcess.js:29:1013)
	at I.fire (file:///opt/vscodium-bin/resources/app/out/vs/workbench/api/node/extensionHostProcess.js:29:1349)
	at Object.p [as dispose] (/opt/vscodium-bin/resources/app/extensions/git/dist/main.js:2:983393)
	at /opt/vscodium-bin/resources/app/extensions/git/dist/main.js:2:989515
	at Array.forEach (<anonymous>)
	at b.dispose (/opt/vscodium-bin/resources/app/extensions/git/dist/main.js:2:989501)
	at jv.<anonymous> (file:///opt/vscodium-bin/resources/app/out/vs/workbench/api/node/extensionHostProcess.js:108:21455)
	at jv.dispose (file:///opt/vscodium-bin/resources/app/out/vs/workbench/api/node/extensionHostProcess.js:108:21551)
	at jv.<anonymous> (/opt/vscodium-bin/resources/app/extensions/git/dist/main.js:2:964315)
	at jv.dispose (file:///opt/vscodium-bin/resources/app/out/vs/workbench/api/node/extensionHostProcess.js:108:21551)
	at li (file:///opt/vscodium-bin/resources/app/out/vs/workbench/api/node/extensionHostProcess.js:24:699)
	at file:///opt/vscodium-bin/resources/app/out/vs/workbench/api/node/extensionHostProcess.js:118:18392
	at file:///opt/vscodium-bin/resources/app/out/vs/workbench/api/node/extensionHostProcess.js:24:1009
	at Object.dispose (file:///opt/vscodium-bin/resources/app/out/vs/workbench/api/node/extensionHostProcess.js:7:2296)
	at VB._deactivate (file:///opt/vscodium-bin/resources/app/out/vs/workbench/api/node/extensionHostProcess.js:118:14727)
	at file:///opt/vscodium-bin/resources/app/out/vs/workbench/api/node/extensionHostProcess.js:118:12013
	at Array.map (<anonymous>)
	at VB._deactivateAll (file:///opt/vscodium-bin/resources/app/out/vs/workbench/api/node/extensionHostProcess.js:118:12001)
	at VB.terminate (file:///opt/vscodium-bin/resources/app/out/vs/workbench/api/node/extensionHostProcess.js:118:12354)
	at bT.terminate (file:///opt/vscodium-bin/resources/app/out/vs/workbench/api/node/extensionHostProcess.js:119:1592)
	at Ki (file:///opt/vscodium-bin/resources/app/out/vs/workbench/api/node/extensionHostProcess.js:174:16286)
	at MessagePortMain.<anonymous> (file:///opt/vscodium-bin/resources/app/out/vs/workbench/api/node/extensionHostProcess.js:174:12742)
	at MessagePortMain.emit (node:events:519:28)
	at MessagePortMain._internalPort.emit (node:electron/js2c/utility_init:2:2949) setContext undefined
2024-12-06 08:50:34.770 [error] Canceled: Canceled
	at new t3 (file:///opt/vscodium-bin/resources/app/out/vs/workbench/api/node/extensionHostProcess.js:31:116229)
	at py._remoteCall (file:///opt/vscodium-bin/resources/app/out/vs/workbench/api/node/extensionHostProcess.js:31:122523)
	at s.<computed>.n.charCodeAt.s.<computed> (file:///opt/vscodium-bin/resources/app/out/vs/workbench/api/node/extensionHostProcess.js:31:119282)
	at J_._doExecuteCommand (file:///opt/vscodium-bin/resources/app/out/vs/workbench/api/node/extensionHostProcess.js:114:38451)
	at J_.executeCommand (file:///opt/vscodium-bin/resources/app/out/vs/workbench/api/node/extensionHostProcess.js:114:37890)
	at r.registerCommand.description (file:///opt/vscodium-bin/resources/app/out/vs/workbench/api/node/extensionHostProcess.js:114:37154)
	at J_._executeContributedCommand (file:///opt/vscodium-bin/resources/app/out/vs/workbench/api/node/extensionHostProcess.js:114:39020)
	at J_._doExecuteCommand (file:///opt/vscodium-bin/resources/app/out/vs/workbench/api/node/extensionHostProcess.js:114:38023)
	at J_.executeCommand (file:///opt/vscodium-bin/resources/app/out/vs/workbench/api/node/extensionHostProcess.js:114:37890)
	at Object.executeCommand (file:///opt/vscodium-bin/resources/app/out/vs/workbench/api/node/extensionHostProcess.js:156:42153)
	at mh.O [as value] (/opt/vscodium-bin/resources/app/extensions/git/dist/main.js:2:961905)
	at I._deliver (file:///opt/vscodium-bin/resources/app/out/vs/workbench/api/node/extensionHostProcess.js:29:922)
	at I._deliverQueue (file:///opt/vscodium-bin/resources/app/out/vs/workbench/api/node/extensionHostProcess.js:29:1013)
	at I.fire (file:///opt/vscodium-bin/resources/app/out/vs/workbench/api/node/extensionHostProcess.js:29:1349)
	at Object.p [as dispose] (/opt/vscodium-bin/resources/app/extensions/git/dist/main.js:2:983393)
	at /opt/vscodium-bin/resources/app/extensions/git/dist/main.js:2:989515
	at Array.forEach (<anonymous>)
	at b.dispose (/opt/vscodium-bin/resources/app/extensions/git/dist/main.js:2:989501)
	at jv.<anonymous> (file:///opt/vscodium-bin/resources/app/out/vs/workbench/api/node/extensionHostProcess.js:108:21455)
	at jv.dispose (file:///opt/vscodium-bin/resources/app/out/vs/workbench/api/node/extensionHostProcess.js:108:21551)
	at jv.<anonymous> (/opt/vscodium-bin/resources/app/extensions/git/dist/main.js:2:964315)
	at jv.dispose (file:///opt/vscodium-bin/resources/app/out/vs/workbench/api/node/extensionHostProcess.js:108:21551)
	at li (file:///opt/vscodium-bin/resources/app/out/vs/workbench/api/node/extensionHostProcess.js:24:699)
	at file:///opt/vscodium-bin/resources/app/out/vs/workbench/api/node/extensionHostProcess.js:118:18392
	at file:///opt/vscodium-bin/resources/app/out/vs/workbench/api/node/extensionHostProcess.js:24:1009
	at Object.dispose (file:///opt/vscodium-bin/resources/app/out/vs/workbench/api/node/extensionHostProcess.js:7:2296)
	at VB._deactivate (file:///opt/vscodium-bin/resources/app/out/vs/workbench/api/node/extensionHostProcess.js:118:14727)
	at file:///opt/vscodium-bin/resources/app/out/vs/workbench/api/node/extensionHostProcess.js:118:12013
	at Array.map (<anonymous>)
	at VB._deactivateAll (file:///opt/vscodium-bin/resources/app/out/vs/workbench/api/node/extensionHostProcess.js:118:12001)
	at VB.terminate (file:///opt/vscodium-bin/resources/app/out/vs/workbench/api/node/extensionHostProcess.js:118:12354)
	at bT.terminate (file:///opt/vscodium-bin/resources/app/out/vs/workbench/api/node/extensionHostProcess.js:119:1592)
	at Ki (file:///opt/vscodium-bin/resources/app/out/vs/workbench/api/node/extensionHostProcess.js:174:16286)
	at MessagePortMain.<anonymous> (file:///opt/vscodium-bin/resources/app/out/vs/workbench/api/node/extensionHostProcess.js:174:12742)
	at MessagePortMain.emit (node:events:519:28)
	at MessagePortMain._internalPort.emit (node:electron/js2c/utility_init:2:2949) setContext undefined
2024-12-06 08:50:34.771 [error] Canceled: Canceled
	at new t3 (file:///opt/vscodium-bin/resources/app/out/vs/workbench/api/node/extensionHostProcess.js:31:116229)
	at py._remoteCall (file:///opt/vscodium-bin/resources/app/out/vs/workbench/api/node/extensionHostProcess.js:31:122523)
	at s.<computed>.n.charCodeAt.s.<computed> (file:///opt/vscodium-bin/resources/app/out/vs/workbench/api/node/extensionHostProcess.js:31:119282)
	at J_._doExecuteCommand (file:///opt/vscodium-bin/resources/app/out/vs/workbench/api/node/extensionHostProcess.js:114:38451)
	at J_.executeCommand (file:///opt/vscodium-bin/resources/app/out/vs/workbench/api/node/extensionHostProcess.js:114:37890)
	at r.registerCommand.description (file:///opt/vscodium-bin/resources/app/out/vs/workbench/api/node/extensionHostProcess.js:114:37154)
	at J_._executeContributedCommand (file:///opt/vscodium-bin/resources/app/out/vs/workbench/api/node/extensionHostProcess.js:114:39020)
	at J_._doExecuteCommand (file:///opt/vscodium-bin/resources/app/out/vs/workbench/api/node/extensionHostProcess.js:114:38023)
	at J_.executeCommand (file:///opt/vscodium-bin/resources/app/out/vs/workbench/api/node/extensionHostProcess.js:114:37890)
	at Object.executeCommand (file:///opt/vscodium-bin/resources/app/out/vs/workbench/api/node/extensionHostProcess.js:156:42153)
	at set hasGitHubRepositories (/opt/vscodium-bin/resources/app/extensions/github/dist/extension.js:2:328582)
	at /opt/vscodium-bin/resources/app/extensions/github/dist/extension.js:2:329541
	at mh.value (/opt/vscodium-bin/resources/app/extensions/git/dist/main.js:2:1073996)
	at I._deliver (file:///opt/vscodium-bin/resources/app/out/vs/workbench/api/node/extensionHostProcess.js:29:922)
	at I._deliverQueue (file:///opt/vscodium-bin/resources/app/out/vs/workbench/api/node/extensionHostProcess.js:29:1013)
	at I.fire (file:///opt/vscodium-bin/resources/app/out/vs/workbench/api/node/extensionHostProcess.js:29:1349)
	at Object.p [as dispose] (/opt/vscodium-bin/resources/app/extensions/git/dist/main.js:2:983393)
	at /opt/vscodium-bin/resources/app/extensions/git/dist/main.js:2:989515
	at Array.forEach (<anonymous>)
	at b.dispose (/opt/vscodium-bin/resources/app/extensions/git/dist/main.js:2:989501)
	at jv.<anonymous> (file:///opt/vscodium-bin/resources/app/out/vs/workbench/api/node/extensionHostProcess.js:108:21455)
	at jv.dispose (file:///opt/vscodium-bin/resources/app/out/vs/workbench/api/node/extensionHostProcess.js:108:21551)
	at jv.<anonymous> (/opt/vscodium-bin/resources/app/extensions/git/dist/main.js:2:964315)
	at jv.dispose (file:///opt/vscodium-bin/resources/app/out/vs/workbench/api/node/extensionHostProcess.js:108:21551)
	at li (file:///opt/vscodium-bin/resources/app/out/vs/workbench/api/node/extensionHostProcess.js:24:699)
	at file:///opt/vscodium-bin/resources/app/out/vs/workbench/api/node/extensionHostProcess.js:118:18392
	at file:///opt/vscodium-bin/resources/app/out/vs/workbench/api/node/extensionHostProcess.js:24:1009
	at Object.dispose (file:///opt/vscodium-bin/resources/app/out/vs/workbench/api/node/extensionHostProcess.js:7:2296)
	at VB._deactivate (file:///opt/vscodium-bin/resources/app/out/vs/workbench/api/node/extensionHostProcess.js:118:14727)
	at file:///opt/vscodium-bin/resources/app/out/vs/workbench/api/node/extensionHostProcess.js:118:12013
	at Array.map (<anonymous>)
	at VB._deactivateAll (file:///opt/vscodium-bin/resources/app/out/vs/workbench/api/node/extensionHostProcess.js:118:12001)
	at VB.terminate (file:///opt/vscodium-bin/resources/app/out/vs/workbench/api/node/extensionHostProcess.js:118:12354)
	at bT.terminate (file:///opt/vscodium-bin/resources/app/out/vs/workbench/api/node/extensionHostProcess.js:119:1592)
	at Ki (file:///opt/vscodium-bin/resources/app/out/vs/workbench/api/node/extensionHostProcess.js:174:16286)
	at MessagePortMain.<anonymous> (file:///opt/vscodium-bin/resources/app/out/vs/workbench/api/node/extensionHostProcess.js:174:12742)
	at MessagePortMain.emit (node:events:519:28)
	at MessagePortMain._internalPort.emit (node:electron/js2c/utility_init:2:2949) setContext undefined
2024-12-06 08:50:34.771 [error] Canceled: Canceled
	at new t3 (file:///opt/vscodium-bin/resources/app/out/vs/workbench/api/node/extensionHostProcess.js:31:116229)
	at py._remoteCall (file:///opt/vscodium-bin/resources/app/out/vs/workbench/api/node/extensionHostProcess.js:31:122523)
	at s.<computed>.n.charCodeAt.s.<computed> (file:///opt/vscodium-bin/resources/app/out/vs/workbench/api/node/extensionHostProcess.js:31:119282)
	at J_._doExecuteCommand (file:///opt/vscodium-bin/resources/app/out/vs/workbench/api/node/extensionHostProcess.js:114:38451)
	at J_.executeCommand (file:///opt/vscodium-bin/resources/app/out/vs/workbench/api/node/extensionHostProcess.js:114:37890)
	at r.registerCommand.description (file:///opt/vscodium-bin/resources/app/out/vs/workbench/api/node/extensionHostProcess.js:114:37154)
	at J_._executeContributedCommand (file:///opt/vscodium-bin/resources/app/out/vs/workbench/api/node/extensionHostProcess.js:114:39020)
	at J_._doExecuteCommand (file:///opt/vscodium-bin/resources/app/out/vs/workbench/api/node/extensionHostProcess.js:114:38023)
	at J_.executeCommand (file:///opt/vscodium-bin/resources/app/out/vs/workbench/api/node/extensionHostProcess.js:114:37890)
	at Object.executeCommand (file:///opt/vscodium-bin/resources/app/out/vs/workbench/api/node/extensionHostProcess.js:156:42153)
	at mh.O [as value] (/opt/vscodium-bin/resources/app/extensions/git/dist/main.js:2:961905)
	at I._deliver (file:///opt/vscodium-bin/resources/app/out/vs/workbench/api/node/extensionHostProcess.js:29:922)
	at I._deliverQueue (file:///opt/vscodium-bin/resources/app/out/vs/workbench/api/node/extensionHostProcess.js:29:1013)
	at I.fire (file:///opt/vscodium-bin/resources/app/out/vs/workbench/api/node/extensionHostProcess.js:29:1349)
	at Object.p [as dispose] (/opt/vscodium-bin/resources/app/extensions/git/dist/main.js:2:983393)
	at /opt/vscodium-bin/resources/app/extensions/git/dist/main.js:2:989515
	at Array.forEach (<anonymous>)
	at b.dispose (/opt/vscodium-bin/resources/app/extensions/git/dist/main.js:2:989501)
	at jv.<anonymous> (file:///opt/vscodium-bin/resources/app/out/vs/workbench/api/node/extensionHostProcess.js:108:21455)
	at jv.dispose (file:///opt/vscodium-bin/resources/app/out/vs/workbench/api/node/extensionHostProcess.js:108:21551)
	at jv.<anonymous> (/opt/vscodium-bin/resources/app/extensions/git/dist/main.js:2:964315)
	at jv.dispose (file:///opt/vscodium-bin/resources/app/out/vs/workbench/api/node/extensionHostProcess.js:108:21551)
	at li (file:///opt/vscodium-bin/resources/app/out/vs/workbench/api/node/extensionHostProcess.js:24:699)
	at file:///opt/vscodium-bin/resources/app/out/vs/workbench/api/node/extensionHostProcess.js:118:18392
	at file:///opt/vscodium-bin/resources/app/out/vs/workbench/api/node/extensionHostProcess.js:24:1009
	at Object.dispose (file:///opt/vscodium-bin/resources/app/out/vs/workbench/api/node/extensionHostProcess.js:7:2296)
	at VB._deactivate (file:///opt/vscodium-bin/resources/app/out/vs/workbench/api/node/extensionHostProcess.js:118:14727)
	at file:///opt/vscodium-bin/resources/app/out/vs/workbench/api/node/extensionHostProcess.js:118:12013
	at Array.map (<anonymous>)
	at VB._deactivateAll (file:///opt/vscodium-bin/resources/app/out/vs/workbench/api/node/extensionHostProcess.js:118:12001)
	at VB.terminate (file:///opt/vscodium-bin/resources/app/out/vs/workbench/api/node/extensionHostProcess.js:118:12354)
	at bT.terminate (file:///opt/vscodium-bin/resources/app/out/vs/workbench/api/node/extensionHostProcess.js:119:1592)
	at Ki (file:///opt/vscodium-bin/resources/app/out/vs/workbench/api/node/extensionHostProcess.js:174:16286)
	at MessagePortMain.<anonymous> (file:///opt/vscodium-bin/resources/app/out/vs/workbench/api/node/extensionHostProcess.js:174:12742)
	at MessagePortMain.emit (node:events:519:28)
	at MessagePortMain._internalPort.emit (node:electron/js2c/utility_init:2:2949) setContext undefined
2024-12-06 08:50:34.772 [error] Canceled: Canceled
	at new t3 (file:///opt/vscodium-bin/resources/app/out/vs/workbench/api/node/extensionHostProcess.js:31:116229)
	at py._remoteCall (file:///opt/vscodium-bin/resources/app/out/vs/workbench/api/node/extensionHostProcess.js:31:122523)
	at s.<computed>.n.charCodeAt.s.<computed> (file:///opt/vscodium-bin/resources/app/out/vs/workbench/api/node/extensionHostProcess.js:31:119282)
	at J_._doExecuteCommand (file:///opt/vscodium-bin/resources/app/out/vs/workbench/api/node/extensionHostProcess.js:114:38451)
	at J_.executeCommand (file:///opt/vscodium-bin/resources/app/out/vs/workbench/api/node/extensionHostProcess.js:114:37890)
	at r.registerCommand.description (file:///opt/vscodium-bin/resources/app/out/vs/workbench/api/node/extensionHostProcess.js:114:37154)
	at J_._executeContributedCommand (file:///opt/vscodium-bin/resources/app/out/vs/workbench/api/node/extensionHostProcess.js:114:39020)
	at J_._doExecuteCommand (file:///opt/vscodium-bin/resources/app/out/vs/workbench/api/node/extensionHostProcess.js:114:38023)
	at J_.executeCommand (file:///opt/vscodium-bin/resources/app/out/vs/workbench/api/node/extensionHostProcess.js:114:37890)
	at Object.executeCommand (file:///opt/vscodium-bin/resources/app/out/vs/workbench/api/node/extensionHostProcess.js:156:42153)
	at set hasGitHubRepositories (/opt/vscodium-bin/resources/app/extensions/github/dist/extension.js:2:328582)
	at /opt/vscodium-bin/resources/app/extensions/github/dist/extension.js:2:329541
	at mh.value (/opt/vscodium-bin/resources/app/extensions/git/dist/main.js:2:1073996)
	at I._deliver (file:///opt/vscodium-bin/resources/app/out/vs/workbench/api/node/extensionHostProcess.js:29:922)
	at I._deliverQueue (file:///opt/vscodium-bin/resources/app/out/vs/workbench/api/node/extensionHostProcess.js:29:1013)
	at I.fire (file:///opt/vscodium-bin/resources/app/out/vs/workbench/api/node/extensionHostProcess.js:29:1349)
	at Object.p [as dispose] (/opt/vscodium-bin/resources/app/extensions/git/dist/main.js:2:983393)
	at /opt/vscodium-bin/resources/app/extensions/git/dist/main.js:2:989515
	at Array.forEach (<anonymous>)
	at b.dispose (/opt/vscodium-bin/resources/app/extensions/git/dist/main.js:2:989501)
	at jv.<anonymous> (file:///opt/vscodium-bin/resources/app/out/vs/workbench/api/node/extensionHostProcess.js:108:21455)
	at jv.dispose (file:///opt/vscodium-bin/resources/app/out/vs/workbench/api/node/extensionHostProcess.js:108:21551)
	at jv.<anonymous> (/opt/vscodium-bin/resources/app/extensions/git/dist/main.js:2:964315)
	at jv.dispose (file:///opt/vscodium-bin/resources/app/out/vs/workbench/api/node/extensionHostProcess.js:108:21551)
	at li (file:///opt/vscodium-bin/resources/app/out/vs/workbench/api/node/extensionHostProcess.js:24:699)
	at file:///opt/vscodium-bin/resources/app/out/vs/workbench/api/node/extensionHostProcess.js:118:18392
	at file:///opt/vscodium-bin/resources/app/out/vs/workbench/api/node/extensionHostProcess.js:24:1009
	at Object.dispose (file:///opt/vscodium-bin/resources/app/out/vs/workbench/api/node/extensionHostProcess.js:7:2296)
	at VB._deactivate (file:///opt/vscodium-bin/resources/app/out/vs/workbench/api/node/extensionHostProcess.js:118:14727)
	at file:///opt/vscodium-bin/resources/app/out/vs/workbench/api/node/extensionHostProcess.js:118:12013
	at Array.map (<anonymous>)
	at VB._deactivateAll (file:///opt/vscodium-bin/resources/app/out/vs/workbench/api/node/extensionHostProcess.js:118:12001)
	at VB.terminate (file:///opt/vscodium-bin/resources/app/out/vs/workbench/api/node/extensionHostProcess.js:118:12354)
	at bT.terminate (file:///opt/vscodium-bin/resources/app/out/vs/workbench/api/node/extensionHostProcess.js:119:1592)
	at Ki (file:///opt/vscodium-bin/resources/app/out/vs/workbench/api/node/extensionHostProcess.js:174:16286)
	at MessagePortMain.<anonymous> (file:///opt/vscodium-bin/resources/app/out/vs/workbench/api/node/extensionHostProcess.js:174:12742)
	at MessagePortMain.emit (node:events:519:28)
	at MessagePortMain._internalPort.emit (node:electron/js2c/utility_init:2:2949) setContext undefined
2024-12-06 08:50:34.775 [error] Canceled: Canceled
	at new t3 (file:///opt/vscodium-bin/resources/app/out/vs/workbench/api/node/extensionHostProcess.js:31:116229)
	at py._remoteCall (file:///opt/vscodium-bin/resources/app/out/vs/workbench/api/node/extensionHostProcess.js:31:122523)
	at s.<computed>.n.charCodeAt.s.<computed> (file:///opt/vscodium-bin/resources/app/out/vs/workbench/api/node/extensionHostProcess.js:31:119282)
	at J_._doExecuteCommand (file:///opt/vscodium-bin/resources/app/out/vs/workbench/api/node/extensionHostProcess.js:114:38451)
	at J_.executeCommand (file:///opt/vscodium-bin/resources/app/out/vs/workbench/api/node/extensionHostProcess.js:114:37890)
	at r.registerCommand.description (file:///opt/vscodium-bin/resources/app/out/vs/workbench/api/node/extensionHostProcess.js:114:37154)
	at J_._executeContributedCommand (file:///opt/vscodium-bin/resources/app/out/vs/workbench/api/node/extensionHostProcess.js:114:39020)
	at J_._doExecuteCommand (file:///opt/vscodium-bin/resources/app/out/vs/workbench/api/node/extensionHostProcess.js:114:38023)
	at J_.executeCommand (file:///opt/vscodium-bin/resources/app/out/vs/workbench/api/node/extensionHostProcess.js:114:37890)
	at Object.executeCommand (file:///opt/vscodium-bin/resources/app/out/vs/workbench/api/node/extensionHostProcess.js:156:42153)
	at w (/home/muadjomar/dotfiles/VSCodium/.vscode-oss/extensions/eamodio.gitlens-15.5.1/dist/gitlens.js:1490:39724)
	at c (/home/muadjomar/dotfiles/VSCodium/.vscode-oss/extensions/eamodio.gitlens-15.5.1/dist/gitlens.js:1490:44783)
	at ActionRunners._updateContextKeys (/home/muadjomar/dotfiles/VSCodium/.vscode-oss/extensions/eamodio.gitlens-15.5.1/dist/gitlens.js:1120:19640)
	at s (/home/muadjomar/dotfiles/VSCodium/.vscode-oss/extensions/eamodio.gitlens-15.5.1/dist/gitlens.js:1120:18084)
	at RegisteredActionRunner.unregister (/home/muadjomar/dotfiles/VSCodium/.vscode-oss/extensions/eamodio.gitlens-15.5.1/dist/gitlens.js:1120:18227)
	at RegisteredActionRunner.dispose (/home/muadjomar/dotfiles/VSCodium/.vscode-oss/extensions/eamodio.gitlens-15.5.1/dist/gitlens.js:1120:16881)
	at ActionRunners.dispose (/home/muadjomar/dotfiles/VSCodium/.vscode-oss/extensions/eamodio.gitlens-15.5.1/dist/gitlens.js:1120:17667)
	at /home/muadjomar/dotfiles/VSCodium/.vscode-oss/extensions/eamodio.gitlens-15.5.1/dist/gitlens.js:1448:19381
	at Array.forEach (<anonymous>)
	at Object.dispose (/home/muadjomar/dotfiles/VSCodium/.vscode-oss/extensions/eamodio.gitlens-15.5.1/dist/gitlens.js:1448:19363)
	at li (file:///opt/vscodium-bin/resources/app/out/vs/workbench/api/node/extensionHostProcess.js:24:699)
	at file:///opt/vscodium-bin/resources/app/out/vs/workbench/api/node/extensionHostProcess.js:118:18392
	at file:///opt/vscodium-bin/resources/app/out/vs/workbench/api/node/extensionHostProcess.js:24:1009
	at Object.dispose (file:///opt/vscodium-bin/resources/app/out/vs/workbench/api/node/extensionHostProcess.js:7:2296)
	at VB._deactivate (file:///opt/vscodium-bin/resources/app/out/vs/workbench/api/node/extensionHostProcess.js:118:14727)
	at file:///opt/vscodium-bin/resources/app/out/vs/workbench/api/node/extensionHostProcess.js:118:12013
	at Array.map (<anonymous>)
	at VB._deactivateAll (file:///opt/vscodium-bin/resources/app/out/vs/workbench/api/node/extensionHostProcess.js:118:12001)
	at VB.terminate (file:///opt/vscodium-bin/resources/app/out/vs/workbench/api/node/extensionHostProcess.js:118:12354)
	at bT.terminate (file:///opt/vscodium-bin/resources/app/out/vs/workbench/api/node/extensionHostProcess.js:119:1592)
	at Ki (file:///opt/vscodium-bin/resources/app/out/vs/workbench/api/node/extensionHostProcess.js:174:16286)
	at MessagePortMain.<anonymous> (file:///opt/vscodium-bin/resources/app/out/vs/workbench/api/node/extensionHostProcess.js:174:12742)
	at MessagePortMain.emit (node:events:519:28)
	at MessagePortMain._internalPort.emit (node:electron/js2c/utility_init:2:2949) setContext undefined
2024-12-06 08:50:34.775 [error] Canceled: Canceled
	at new t3 (file:///opt/vscodium-bin/resources/app/out/vs/workbench/api/node/extensionHostProcess.js:31:116229)
	at py._remoteCall (file:///opt/vscodium-bin/resources/app/out/vs/workbench/api/node/extensionHostProcess.js:31:122523)
	at s.<computed>.n.charCodeAt.s.<computed> (file:///opt/vscodium-bin/resources/app/out/vs/workbench/api/node/extensionHostProcess.js:31:119282)
	at J_._doExecuteCommand (file:///opt/vscodium-bin/resources/app/out/vs/workbench/api/node/extensionHostProcess.js:114:38451)
	at J_.executeCommand (file:///opt/vscodium-bin/resources/app/out/vs/workbench/api/node/extensionHostProcess.js:114:37890)
	at r.registerCommand.description (file:///opt/vscodium-bin/resources/app/out/vs/workbench/api/node/extensionHostProcess.js:114:37154)
	at J_._executeContributedCommand (file:///opt/vscodium-bin/resources/app/out/vs/workbench/api/node/extensionHostProcess.js:114:39020)
	at J_._doExecuteCommand (file:///opt/vscodium-bin/resources/app/out/vs/workbench/api/node/extensionHostProcess.js:114:38023)
	at J_.executeCommand (file:///opt/vscodium-bin/resources/app/out/vs/workbench/api/node/extensionHostProcess.js:114:37890)
	at Object.executeCommand (file:///opt/vscodium-bin/resources/app/out/vs/workbench/api/node/extensionHostProcess.js:156:42153)
	at w (/home/muadjomar/dotfiles/VSCodium/.vscode-oss/extensions/eamodio.gitlens-15.5.1/dist/gitlens.js:1490:39724)
	at c (/home/muadjomar/dotfiles/VSCodium/.vscode-oss/extensions/eamodio.gitlens-15.5.1/dist/gitlens.js:1490:44783)
	at ActionRunners._updateContextKeys (/home/muadjomar/dotfiles/VSCodium/.vscode-oss/extensions/eamodio.gitlens-15.5.1/dist/gitlens.js:1120:19640)
	at s (/home/muadjomar/dotfiles/VSCodium/.vscode-oss/extensions/eamodio.gitlens-15.5.1/dist/gitlens.js:1120:18084)
	at RegisteredActionRunner.unregister (/home/muadjomar/dotfiles/VSCodium/.vscode-oss/extensions/eamodio.gitlens-15.5.1/dist/gitlens.js:1120:18227)
	at RegisteredActionRunner.dispose (/home/muadjomar/dotfiles/VSCodium/.vscode-oss/extensions/eamodio.gitlens-15.5.1/dist/gitlens.js:1120:16881)
	at ActionRunners.dispose (/home/muadjomar/dotfiles/VSCodium/.vscode-oss/extensions/eamodio.gitlens-15.5.1/dist/gitlens.js:1120:17667)
	at /home/muadjomar/dotfiles/VSCodium/.vscode-oss/extensions/eamodio.gitlens-15.5.1/dist/gitlens.js:1448:19381
	at Array.forEach (<anonymous>)
	at Object.dispose (/home/muadjomar/dotfiles/VSCodium/.vscode-oss/extensions/eamodio.gitlens-15.5.1/dist/gitlens.js:1448:19363)
	at li (file:///opt/vscodium-bin/resources/app/out/vs/workbench/api/node/extensionHostProcess.js:24:699)
	at file:///opt/vscodium-bin/resources/app/out/vs/workbench/api/node/extensionHostProcess.js:118:18392
	at file:///opt/vscodium-bin/resources/app/out/vs/workbench/api/node/extensionHostProcess.js:24:1009
	at Object.dispose (file:///opt/vscodium-bin/resources/app/out/vs/workbench/api/node/extensionHostProcess.js:7:2296)
	at VB._deactivate (file:///opt/vscodium-bin/resources/app/out/vs/workbench/api/node/extensionHostProcess.js:118:14727)
	at file:///opt/vscodium-bin/resources/app/out/vs/workbench/api/node/extensionHostProcess.js:118:12013
	at Array.map (<anonymous>)
	at VB._deactivateAll (file:///opt/vscodium-bin/resources/app/out/vs/workbench/api/node/extensionHostProcess.js:118:12001)
	at VB.terminate (file:///opt/vscodium-bin/resources/app/out/vs/workbench/api/node/extensionHostProcess.js:118:12354)
	at bT.terminate (file:///opt/vscodium-bin/resources/app/out/vs/workbench/api/node/extensionHostProcess.js:119:1592)
	at Ki (file:///opt/vscodium-bin/resources/app/out/vs/workbench/api/node/extensionHostProcess.js:174:16286)
	at MessagePortMain.<anonymous> (file:///opt/vscodium-bin/resources/app/out/vs/workbench/api/node/extensionHostProcess.js:174:12742)
	at MessagePortMain.emit (node:events:519:28)
	at MessagePortMain._internalPort.emit (node:electron/js2c/utility_init:2:2949) setContext undefined
2024-12-06 08:50:34.775 [error] Canceled: Canceled
	at new t3 (file:///opt/vscodium-bin/resources/app/out/vs/workbench/api/node/extensionHostProcess.js:31:116229)
	at py._remoteCall (file:///opt/vscodium-bin/resources/app/out/vs/workbench/api/node/extensionHostProcess.js:31:122523)
	at s.<computed>.n.charCodeAt.s.<computed> (file:///opt/vscodium-bin/resources/app/out/vs/workbench/api/node/extensionHostProcess.js:31:119282)
	at J_._doExecuteCommand (file:///opt/vscodium-bin/resources/app/out/vs/workbench/api/node/extensionHostProcess.js:114:38451)
	at J_.executeCommand (file:///opt/vscodium-bin/resources/app/out/vs/workbench/api/node/extensionHostProcess.js:114:37890)
	at r.registerCommand.description (file:///opt/vscodium-bin/resources/app/out/vs/workbench/api/node/extensionHostProcess.js:114:37154)
	at J_._executeContributedCommand (file:///opt/vscodium-bin/resources/app/out/vs/workbench/api/node/extensionHostProcess.js:114:39020)
	at J_._doExecuteCommand (file:///opt/vscodium-bin/resources/app/out/vs/workbench/api/node/extensionHostProcess.js:114:38023)
	at J_.executeCommand (file:///opt/vscodium-bin/resources/app/out/vs/workbench/api/node/extensionHostProcess.js:114:37890)
	at Object.executeCommand (file:///opt/vscodium-bin/resources/app/out/vs/workbench/api/node/extensionHostProcess.js:156:42153)
	at w (/home/muadjomar/dotfiles/VSCodium/.vscode-oss/extensions/eamodio.gitlens-15.5.1/dist/gitlens.js:1490:39724)
	at c (/home/muadjomar/dotfiles/VSCodium/.vscode-oss/extensions/eamodio.gitlens-15.5.1/dist/gitlens.js:1490:44783)
	at ActionRunners._updateContextKeys (/home/muadjomar/dotfiles/VSCodium/.vscode-oss/extensions/eamodio.gitlens-15.5.1/dist/gitlens.js:1120:19640)
	at s (/home/muadjomar/dotfiles/VSCodium/.vscode-oss/extensions/eamodio.gitlens-15.5.1/dist/gitlens.js:1120:18084)
	at RegisteredActionRunner.unregister (/home/muadjomar/dotfiles/VSCodium/.vscode-oss/extensions/eamodio.gitlens-15.5.1/dist/gitlens.js:1120:18227)
	at RegisteredActionRunner.dispose (/home/muadjomar/dotfiles/VSCodium/.vscode-oss/extensions/eamodio.gitlens-15.5.1/dist/gitlens.js:1120:16881)
	at ActionRunners.dispose (/home/muadjomar/dotfiles/VSCodium/.vscode-oss/extensions/eamodio.gitlens-15.5.1/dist/gitlens.js:1120:17667)
	at /home/muadjomar/dotfiles/VSCodium/.vscode-oss/extensions/eamodio.gitlens-15.5.1/dist/gitlens.js:1448:19381
	at Array.forEach (<anonymous>)
	at Object.dispose (/home/muadjomar/dotfiles/VSCodium/.vscode-oss/extensions/eamodio.gitlens-15.5.1/dist/gitlens.js:1448:19363)
	at li (file:///opt/vscodium-bin/resources/app/out/vs/workbench/api/node/extensionHostProcess.js:24:699)
	at file:///opt/vscodium-bin/resources/app/out/vs/workbench/api/node/extensionHostProcess.js:118:18392
	at file:///opt/vscodium-bin/resources/app/out/vs/workbench/api/node/extensionHostProcess.js:24:1009
	at Object.dispose (file:///opt/vscodium-bin/resources/app/out/vs/workbench/api/node/extensionHostProcess.js:7:2296)
	at VB._deactivate (file:///opt/vscodium-bin/resources/app/out/vs/workbench/api/node/extensionHostProcess.js:118:14727)
	at file:///opt/vscodium-bin/resources/app/out/vs/workbench/api/node/extensionHostProcess.js:118:12013
	at Array.map (<anonymous>)
	at VB._deactivateAll (file:///opt/vscodium-bin/resources/app/out/vs/workbench/api/node/extensionHostProcess.js:118:12001)
	at VB.terminate (file:///opt/vscodium-bin/resources/app/out/vs/workbench/api/node/extensionHostProcess.js:118:12354)
	at bT.terminate (file:///opt/vscodium-bin/resources/app/out/vs/workbench/api/node/extensionHostProcess.js:119:1592)
	at Ki (file:///opt/vscodium-bin/resources/app/out/vs/workbench/api/node/extensionHostProcess.js:174:16286)
	at MessagePortMain.<anonymous> (file:///opt/vscodium-bin/resources/app/out/vs/workbench/api/node/extensionHostProcess.js:174:12742)
	at MessagePortMain.emit (node:events:519:28)
	at MessagePortMain._internalPort.emit (node:electron/js2c/utility_init:2:2949) setContext undefined
2024-12-06 08:50:34.779 [info] Extension host with pid 25291 exiting with code 0
