2024-09-18 09:00:06.373 [info] [main] Log level: Info
2024-09-18 09:00:06.373 [info] [main] Validating found git in: "git"
2024-09-18 09:00:06.373 [info] [main] Using git "2.46.1" from "git"
2024-09-18 09:00:06.373 [info] [Model][doInitialScan] Initial repository scan started
2024-09-18 09:00:06.373 [info] > git rev-parse --show-toplevel [7ms]
2024-09-18 09:00:06.373 [info] fatal: not a git repository (or any parent up to mount point /)
Stopping at filesystem boundary (GIT_DISCOVERY_ACROSS_FILESYSTEM not set).
2024-09-18 09:00:06.373 [info] > git rev-parse --show-toplevel [5ms]
2024-09-18 09:00:06.373 [info] fatal: not a git repository (or any parent up to mount point /)
Stopping at filesystem boundary (GIT_DISCOVERY_ACROSS_FILESYSTEM not set).
2024-09-18 09:00:06.373 [info] > git rev-parse --show-toplevel [2ms]
2024-09-18 09:00:06.373 [info] fatal: not a git repository (or any parent up to mount point /)
Stopping at filesystem boundary (GIT_DISCOVERY_ACROSS_FILESYSTEM not set).
2024-09-18 09:00:06.373 [info] > git rev-parse --show-toplevel [3ms]
2024-09-18 09:00:06.373 [info] fatal: not a git repository (or any parent up to mount point /)
Stopping at filesystem boundary (GIT_DISCOVERY_ACROSS_FILESYSTEM not set).
2024-09-18 09:00:06.373 [info] [Model][doInitialScan] Initial repository scan completed - repositories (0), closed repositories (0), parent repositories (0), unsafe repositories (0)
2024-09-18 09:00:06.373 [info] > git rev-parse --show-toplevel [3ms]
2024-09-18 09:00:06.373 [info] fatal: not a git repository (or any parent up to mount point /)
Stopping at filesystem boundary (GIT_DISCOVERY_ACROSS_FILESYSTEM not set).
2024-09-18 09:00:07.312 [info] > git rev-parse --show-toplevel [90ms]
2024-09-18 09:00:07.312 [info] fatal: not a git repository (or any parent up to mount point /)
Stopping at filesystem boundary (GIT_DISCOVERY_ACROSS_FILESYSTEM not set).
2024-09-18 09:00:07.746 [info] > git rev-parse --show-toplevel [4ms]
2024-09-18 09:00:07.746 [info] fatal: not a git repository (or any parent up to mount point /)
Stopping at filesystem boundary (GIT_DISCOVERY_ACROSS_FILESYSTEM not set).
2024-09-18 09:00:07.927 [info] > git rev-parse --show-toplevel [3ms]
2024-09-18 09:00:07.927 [info] fatal: not a git repository (or any parent up to mount point /)
Stopping at filesystem boundary (GIT_DISCOVERY_ACROSS_FILESYSTEM not set).
2024-09-18 09:00:09.204 [info] > git rev-parse --show-toplevel [20ms]
2024-09-18 09:00:09.204 [info] fatal: not a git repository (or any parent up to mount point /)
Stopping at filesystem boundary (GIT_DISCOVERY_ACROSS_FILESYSTEM not set).
