2024-09-21 17:44:52.760 [info] Added views:workbench.panel.markers.view in workbench.panel.markers
2024-09-21 17:44:52.760 [info] Added views:workbench.panel.output in workbench.panel.output
2024-09-21 17:44:52.760 [info] Added views:terminal in terminal
2024-09-21 17:44:52.760 [info] Added views:outline in workbench.view.explorer
2024-09-21 17:44:52.760 [info] Added views:workbench.scm in workbench.view.scm
2024-09-21 17:44:52.760 [info] Added views:workbench.view.search in workbench.view.search
2024-09-21 17:44:52.760 [info] Added views:timeline in workbench.view.explorer
2024-09-21 17:44:52.760 [info] Added views:workbench.explorer.emptyView in workbench.view.explorer
2024-09-21 17:44:53.230 [info] Added views:workbench.debug.variablesView,workbench.debug.watchExpressionsView,workbench.debug.callStackView,workbench.debug.breakPointsView in workbench.view.debug
2024-09-21 17:44:54.821 [info] Added views:projectsExplorerFavorites,projectManagerHelpAndFeedback in workbench.view.extension.project-manager
2024-09-21 17:44:54.830 [info] Added views:gitlens.views.home,gitlens.views.workspaces,gitlens.views.account in workbench.view.extension.gitlens
2024-09-21 17:44:54.833 [info] Added views:gitlens.views.commitDetails,gitlens.views.lineHistory,gitlens.views.fileHistory,gitlens.views.searchAndCompare in workbench.view.extension.gitlensInspect
2024-09-21 17:44:54.835 [info] Added views:gitlens.views.commits,gitlens.views.branches,gitlens.views.remotes,gitlens.views.stashes,gitlens.views.tags,gitlens.views.contributors in workbench.view.scm
2024-09-21 17:44:55.466 [info] Added views:workbench.panel.repl.view in workbench.panel.repl
2024-09-21 17:44:55.469 [info] Removed views:workbench.debug.breakPointsView,workbench.debug.callStackView,workbench.debug.watchExpressionsView,workbench.debug.variablesView from workbench.view.debug
2024-09-21 17:44:55.471 [info] Added views:workbench.debug.welcome in workbench.view.debug
2024-09-21 17:44:56.016 [info] Added views:~remote.forwardedPorts in ~remote.forwardedPortsContainer
2024-09-21 17:44:56.487 [info] Added views:projectsExplorerGit in workbench.view.extension.project-manager
2024-09-21 17:44:56.596 [info] Removed views:gitlens.views.searchAndCompare,gitlens.views.fileHistory,gitlens.views.lineHistory,gitlens.views.commitDetails from workbench.view.extension.gitlensInspect
2024-09-21 17:44:56.597 [info] Removed views:gitlens.views.contributors,gitlens.views.tags,gitlens.views.stashes,gitlens.views.remotes,gitlens.views.branches,gitlens.views.commits from workbench.view.scm
2024-09-21 17:44:57.006 [info] Added views:gitlens.views.drafts in workbench.view.extension.gitlens
