2024-09-21 05:45:49.549 [info] Added views:workbench.panel.markers.view in workbench.panel.markers
2024-09-21 05:45:49.549 [info] Added views:workbench.panel.output in workbench.panel.output
2024-09-21 05:45:49.549 [info] Added views:terminal in terminal
2024-09-21 05:45:49.549 [info] Added views:outline in workbench.view.explorer
2024-09-21 05:45:49.549 [info] Added views:workbench.scm in workbench.view.scm
2024-09-21 05:45:49.549 [info] Added views:workbench.view.search in workbench.view.search
2024-09-21 05:45:49.549 [info] Added views:timeline in workbench.view.explorer
2024-09-21 05:45:49.549 [info] Added views:workbench.explorer.fileView in workbench.view.explorer
2024-09-21 05:45:51.160 [info] Added views:projectsExplorerFavorites,projectManagerHelpAndFeedback in workbench.view.extension.project-manager
2024-09-21 05:45:51.162 [info] Added views:gitlens.views.home,gitlens.views.workspaces,gitlens.views.account in workbench.view.extension.gitlens
2024-09-21 05:45:51.164 [info] Added views:gitlens.views.commitDetails,gitlens.views.lineHistory,gitlens.views.fileHistory,gitlens.views.searchAndCompare in workbench.view.extension.gitlensInspect
2024-09-21 05:45:51.166 [info] Added views:gitlens.views.commits,gitlens.views.branches,gitlens.views.remotes,gitlens.views.stashes,gitlens.views.tags,gitlens.views.contributors in workbench.view.scm
2024-09-21 05:45:51.313 [info] Added views:workbench.debug.variablesView,workbench.debug.watchExpressionsView,workbench.debug.callStackView,workbench.debug.breakPointsView in workbench.view.debug
2024-09-21 05:45:51.595 [info] Added views:workbench.panel.repl.view in workbench.panel.repl
2024-09-21 05:45:51.600 [info] Removed views:workbench.debug.breakPointsView,workbench.debug.callStackView,workbench.debug.watchExpressionsView,workbench.debug.variablesView from workbench.view.debug
2024-09-21 05:45:51.601 [info] Added views:workbench.debug.welcome in workbench.view.debug
2024-09-21 05:45:52.509 [info] Added views:~remote.forwardedPorts in ~remote.forwardedPortsContainer
2024-09-21 05:45:52.590 [info] Added views:projectsExplorerGit in workbench.view.extension.project-manager
2024-09-21 05:45:52.674 [info] Removed views:gitlens.views.searchAndCompare,gitlens.views.fileHistory,gitlens.views.lineHistory,gitlens.views.commitDetails from workbench.view.extension.gitlensInspect
2024-09-21 05:45:52.674 [info] Removed views:gitlens.views.contributors,gitlens.views.tags,gitlens.views.stashes,gitlens.views.remotes,gitlens.views.branches,gitlens.views.commits from workbench.view.scm
2024-09-21 05:45:52.846 [info] Added views:gitlens.views.drafts in workbench.view.extension.gitlens
2024-09-21 05:45:58.475 [info] Added views:workbench.views.extensions.installed,workbench.views.extensions.popular,extensions.recommendedList in workbench.view.extensions
2024-09-21 05:45:58.487 [info] Removed views:workbench.views.extensions.popular from workbench.view.extensions
